[ 2020-06-17T22:32:41+08:00 ] ::1 /legacy/index.php
INFO: [ app_init ] --START--
INFO: Run Behavior\BuildLiteBehavior [ RunTime:0.000058s ]
INFO: [ app_init ] --END-- [ RunTime:0.009637s ]
INFO: [ app_begin ] --START--
INFO: Run Behavior\ReadHtmlCacheBehavior [ RunTime:0.013185s ]
INFO: [ app_begin ] --END-- [ RunTime:0.013337s ]
SQL: SHOW COLUMNS FROM `tb_picture` [ RunTime:0.035015s ]
ERR: 1146:Table 'db_culture.tb_picture' doesn't exist
 [ SQL语句 ] : SHOW COLUMNS FROM `tb_picture`
SQL: SELECT * FROM `tb_picture` WHERE `type` = 'slide'  [ RunTime:0.002569s ]
ERR: 1146:Table 'db_culture.tb_picture' doesn't exist
 [ SQL语句 ] : SELECT * FROM `tb_picture` WHERE `type` = 'slide' 
SQL: SHOW COLUMNS FROM `tb_notice` [ RunTime:0.061812s ]
SQL: SELECT COUNT(*) AS tp_count FROM `tb_notice` WHERE ( id>=1 ) LIMIT 1   [ RunTime:0.000346s ]
SQL: SELECT * FROM `tb_notice` WHERE ( id>=1 ) ORDER BY `time` desc LIMIT 0,10   [ RunTime:0.037760s ]
SQL: SHOW COLUMNS FROM `tb_policy` [ RunTime:0.053076s ]
SQL: SELECT * FROM `tb_policy` WHERE ( id>=1 ) ORDER BY `time` desc  [ RunTime:0.026963s ]
SQL: SHOW COLUMNS FROM `tb_director` [ RunTime:0.013595s ]
SQL: SELECT * FROM `tb_director` WHERE ( Did>=1 ) ORDER BY `Did` asc  [ RunTime:0.035728s ]
SQL: SHOW COLUMNS FROM `tb_dynamic` [ RunTime:0.014375s ]
SQL: SELECT * FROM `tb_dynamic` WHERE ( id>=1 ) ORDER BY `time` desc  [ RunTime:0.000953s ]
SQL: SHOW COLUMNS FROM `tb_inheritor` [ RunTime:0.491135s ]
SQL: SELECT * FROM `tb_inheritor` WHERE ( id=1 ) LIMIT 1   [ RunTime:0.000300s ]
SQL: SHOW COLUMNS FROM `tb_country` [ RunTime:0.005292s ]
ERR: 1146:Table 'db_culture.tb_country' doesn't exist
 [ SQL语句 ] : SHOW COLUMNS FROM `tb_country`
SQL: SELECT * FROM `tb_country` WHERE ( id>=1 ) ORDER BY `id` asc  [ RunTime:0.000688s ]
ERR: 1146:Table 'db_culture.tb_country' doesn't exist
 [ SQL语句 ] : SELECT * FROM `tb_country` WHERE ( id>=1 ) ORDER BY `id` asc 
INFO: [ view_parse ] --START--
INFO: [ template_filter ] --START--
INFO: Run Behavior\ContentReplaceBehavior [ RunTime:0.000171s ]
INFO: [ template_filter ] --END-- [ RunTime:0.000266s ]
NOTIC: [8] Undefined variable: noti F:\phpStudy\WWW\legacy\App\Runtime\Cache\Home\00e52909bed743ea261af4b6823297ff.php 第 166 行.
NOTIC: [8] Undefined variable: noti F:\phpStudy\WWW\legacy\App\Runtime\Cache\Home\00e52909bed743ea261af4b6823297ff.php 第 166 行.
NOTIC: [8] Undefined variable: noti F:\phpStudy\WWW\legacy\App\Runtime\Cache\Home\00e52909bed743ea261af4b6823297ff.php 第 166 行.
NOTIC: [8] Undefined variable: noti F:\phpStudy\WWW\legacy\App\Runtime\Cache\Home\00e52909bed743ea261af4b6823297ff.php 第 166 行.
NOTIC: [8] Undefined variable: noti F:\phpStudy\WWW\legacy\App\Runtime\Cache\Home\00e52909bed743ea261af4b6823297ff.php 第 166 行.
NOTIC: [8] Undefined variable: noti F:\phpStudy\WWW\legacy\App\Runtime\Cache\Home\00e52909bed743ea261af4b6823297ff.php 第 166 行.
NOTIC: [8] Undefined variable: noti F:\phpStudy\WWW\legacy\App\Runtime\Cache\Home\00e52909bed743ea261af4b6823297ff.php 第 166 行.
NOTIC: [8] Undefined variable: noti F:\phpStudy\WWW\legacy\App\Runtime\Cache\Home\00e52909bed743ea261af4b6823297ff.php 第 166 行.
NOTIC: [8] Undefined variable: noti F:\phpStudy\WWW\legacy\App\Runtime\Cache\Home\00e52909bed743ea261af4b6823297ff.php 第 166 行.
NOTIC: [8] Undefined variable: noti F:\phpStudy\WWW\legacy\App\Runtime\Cache\Home\00e52909bed743ea261af4b6823297ff.php 第 166 行.
NOTIC: [8] Undefined index: intro F:\phpStudy\WWW\legacy\App\Runtime\Cache\Home\00e52909bed743ea261af4b6823297ff.php 第 305 行.
NOTIC: [8] Undefined index: birthPlace F:\phpStudy\WWW\legacy\App\Runtime\Cache\Home\00e52909bed743ea261af4b6823297ff.php 第 314 行.
INFO: Run Behavior\ParseTemplateBehavior [ RunTime:0.232150s ]
INFO: [ view_parse ] --END-- [ RunTime:0.232226s ]
INFO: [ view_filter ] --START--
INFO: Run Behavior\WriteHtmlCacheBehavior [ RunTime:0.036099s ]
INFO: [ view_filter ] --END-- [ RunTime:0.036163s ]
INFO: [ app_end ] --START--
INFO: Run Behavior\ShowPageTraceBehavior [ RunTime:0.001537s ]
INFO: [ app_end ] --END-- [ RunTime:0.001656s ]

[ 2020-06-17T22:32:42+08:00 ] ::1 /legacy/Public/bootstrap/js/jquery.min.js
INFO: [ app_init ] --START--
INFO: Run Behavior\BuildLiteBehavior [ RunTime:0.000015s ]
INFO: [ app_init ] --END-- [ RunTime:0.000598s ]
INFO: [ app_begin ] --START--
INFO: Run Behavior\ReadHtmlCacheBehavior [ RunTime:0.000861s ]
INFO: [ app_begin ] --END-- [ RunTime:0.000925s ]
INFO: [ view_parse ] --START--
INFO: [ template_filter ] --START--
INFO: Run Behavior\ContentReplaceBehavior [ RunTime:0.000040s ]
INFO: [ template_filter ] --END-- [ RunTime:0.000103s ]
INFO: Run Behavior\ParseTemplateBehavior [ RunTime:0.253841s ]
INFO: [ view_parse ] --END-- [ RunTime:0.253956s ]
INFO: [ view_filter ] --START--
INFO: Run Behavior\WriteHtmlCacheBehavior [ RunTime:0.001286s ]
INFO: [ view_filter ] --END-- [ RunTime:0.001381s ]

