[ 2020-06-22T10:42:57+08:00 ] ::1 /EPP_Project/legacy/index.php
INFO: [ app_init ] --START--
INFO: Run Behavior\BuildLiteBehavior [ RunTime:0.000031s ]
INFO: [ app_init ] --END-- [ RunTime:0.001604s ]
INFO: [ app_begin ] --START--
INFO: Run Behavior\ReadHtmlCacheBehavior [ RunTime:0.002639s ]
INFO: [ app_begin ] --END-- [ RunTime:0.002801s ]
SQL: SHOW COLUMNS FROM `tb_picture` [ RunTime:0.012409s ]
ERR: 1146:Table 'db_culture.tb_picture' doesn't exist
 [ SQL语句 ] : SHOW COLUMNS FROM `tb_picture`
SQL: SELECT * FROM `tb_picture` WHERE `type` = 'slide'  [ RunTime:0.001478s ]
ERR: 1146:Table 'db_culture.tb_picture' doesn't exist
 [ SQL语句 ] : SELECT * FROM `tb_picture` WHERE `type` = 'slide' 
SQL: SHOW COLUMNS FROM `tb_notice` [ RunTime:0.156902s ]
SQL: SELECT COUNT(*) AS tp_count FROM `tb_notice` WHERE ( id>=1 ) LIMIT 1   [ RunTime:0.026434s ]
SQL: SELECT * FROM `tb_notice` WHERE ( id>=1 ) ORDER BY `time` desc LIMIT 0,10   [ RunTime:0.055340s ]
SQL: SHOW COLUMNS FROM `tb_policy` [ RunTime:0.084464s ]
SQL: SELECT * FROM `tb_policy` WHERE ( id>=1 ) ORDER BY `time` desc  [ RunTime:0.030261s ]
SQL: SHOW COLUMNS FROM `tb_director` [ RunTime:0.082043s ]
SQL: SELECT * FROM `tb_director` WHERE `type` = '传统戏剧' ORDER BY `Did` asc  [ RunTime:0.038395s ]
SQL: SELECT * FROM `tb_director` WHERE `type` = '民间音乐' ORDER BY `Did` asc  [ RunTime:0.002694s ]
SQL: SELECT * FROM `tb_director` WHERE `type` = '民间舞蹈' ORDER BY `Did` asc  [ RunTime:0.001453s ]
SQL: SELECT * FROM `tb_director` WHERE `type` = '传统手工技艺' ORDER BY `Did` asc  [ RunTime:0.001788s ]
SQL: SHOW COLUMNS FROM `tb_dynamic` [ RunTime:0.193053s ]
SQL: SELECT * FROM `tb_dynamic` WHERE ( id>=1 ) ORDER BY `time` desc  [ RunTime:0.030575s ]
SQL: SHOW COLUMNS FROM `tb_inheritor` [ RunTime:0.062749s ]
SQL: SELECT * FROM `tb_inheritor` WHERE ( id=1 ) LIMIT 1   [ RunTime:0.001194s ]
SQL: SHOW COLUMNS FROM `tb_country` [ RunTime:0.012110s ]
ERR: 1146:Table 'db_culture.tb_country' doesn't exist
 [ SQL语句 ] : SHOW COLUMNS FROM `tb_country`
SQL: SELECT * FROM `tb_country` WHERE ( id>=1 ) ORDER BY `id` asc  [ RunTime:0.001986s ]
ERR: 1146:Table 'db_culture.tb_country' doesn't exist
 [ SQL语句 ] : SELECT * FROM `tb_country` WHERE ( id>=1 ) ORDER BY `id` asc 
INFO: [ view_parse ] --START--
INFO: [ template_filter ] --START--
INFO: Run Behavior\ContentReplaceBehavior [ RunTime:0.002388s ]
INFO: [ template_filter ] --END-- [ RunTime:0.002916s ]
NOTIC: [8] Undefined variable: noti D:\phpStudy\WWW\EPP_Project\legacy\App\Runtime\Cache\Home\00e52909bed743ea261af4b6823297ff.php 第 166 行.
NOTIC: [8] Undefined variable: noti D:\phpStudy\WWW\EPP_Project\legacy\App\Runtime\Cache\Home\00e52909bed743ea261af4b6823297ff.php 第 166 行.
NOTIC: [8] Undefined variable: noti D:\phpStudy\WWW\EPP_Project\legacy\App\Runtime\Cache\Home\00e52909bed743ea261af4b6823297ff.php 第 166 行.
NOTIC: [8] Undefined variable: noti D:\phpStudy\WWW\EPP_Project\legacy\App\Runtime\Cache\Home\00e52909bed743ea261af4b6823297ff.php 第 166 行.
NOTIC: [8] Undefined variable: noti D:\phpStudy\WWW\EPP_Project\legacy\App\Runtime\Cache\Home\00e52909bed743ea261af4b6823297ff.php 第 166 行.
NOTIC: [8] Undefined variable: noti D:\phpStudy\WWW\EPP_Project\legacy\App\Runtime\Cache\Home\00e52909bed743ea261af4b6823297ff.php 第 166 行.
NOTIC: [8] Undefined variable: noti D:\phpStudy\WWW\EPP_Project\legacy\App\Runtime\Cache\Home\00e52909bed743ea261af4b6823297ff.php 第 166 行.
NOTIC: [8] Undefined variable: noti D:\phpStudy\WWW\EPP_Project\legacy\App\Runtime\Cache\Home\00e52909bed743ea261af4b6823297ff.php 第 166 行.
NOTIC: [8] Undefined variable: noti D:\phpStudy\WWW\EPP_Project\legacy\App\Runtime\Cache\Home\00e52909bed743ea261af4b6823297ff.php 第 166 行.
NOTIC: [8] Undefined variable: noti D:\phpStudy\WWW\EPP_Project\legacy\App\Runtime\Cache\Home\00e52909bed743ea261af4b6823297ff.php 第 166 行.
NOTIC: [8] Undefined index: birthPlace D:\phpStudy\WWW\EPP_Project\legacy\App\Runtime\Cache\Home\00e52909bed743ea261af4b6823297ff.php 第 314 行.
INFO: Run Behavior\ParseTemplateBehavior [ RunTime:0.367836s ]
INFO: [ view_parse ] --END-- [ RunTime:0.367955s ]
INFO: [ view_filter ] --START--
INFO: Run Behavior\WriteHtmlCacheBehavior [ RunTime:0.001409s ]
INFO: [ view_filter ] --END-- [ RunTime:0.001487s ]
INFO: [ app_end ] --START--
INFO: Run Behavior\ShowPageTraceBehavior [ RunTime:0.001947s ]
INFO: [ app_end ] --END-- [ RunTime:0.002061s ]

[ 2020-06-22T10:42:58+08:00 ] ::1 /EPP_Project/legacy/Public/bootstrap/js/jquery.min.js
INFO: [ app_init ] --START--
INFO: Run Behavior\BuildLiteBehavior [ RunTime:0.000080s ]
INFO: [ app_init ] --END-- [ RunTime:0.018969s ]
INFO: [ app_begin ] --START--
INFO: Run Behavior\ReadHtmlCacheBehavior [ RunTime:0.004668s ]
INFO: [ app_begin ] --END-- [ RunTime:0.005015s ]
INFO: [ view_parse ] --START--
INFO: [ template_filter ] --START--
INFO: Run Behavior\ContentReplaceBehavior [ RunTime:0.000082s ]
INFO: [ template_filter ] --END-- [ RunTime:0.000235s ]
INFO: Run Behavior\ParseTemplateBehavior [ RunTime:0.095290s ]
INFO: [ view_parse ] --END-- [ RunTime:0.095496s ]
INFO: [ view_filter ] --START--
INFO: Run Behavior\WriteHtmlCacheBehavior [ RunTime:0.002846s ]
INFO: [ view_filter ] --END-- [ RunTime:0.002993s ]

[ 2020-06-22T10:42:59+08:00 ] ::1 /EPP_Project/legacy/index.php
INFO: [ app_init ] --START--
INFO: Run Behavior\BuildLiteBehavior [ RunTime:0.000028s ]
INFO: [ app_init ] --END-- [ RunTime:0.001328s ]
INFO: [ app_begin ] --START--
INFO: Run Behavior\ReadHtmlCacheBehavior [ RunTime:0.002225s ]
INFO: [ app_begin ] --END-- [ RunTime:0.003226s ]
SQL: SHOW COLUMNS FROM `tb_picture` [ RunTime:0.005887s ]
ERR: 1146:Table 'db_culture.tb_picture' doesn't exist
 [ SQL语句 ] : SHOW COLUMNS FROM `tb_picture`
SQL: SELECT * FROM `tb_picture` WHERE `type` = 'slide'  [ RunTime:0.001981s ]
ERR: 1146:Table 'db_culture.tb_picture' doesn't exist
 [ SQL语句 ] : SELECT * FROM `tb_picture` WHERE `type` = 'slide' 
SQL: SHOW COLUMNS FROM `tb_notice` [ RunTime:0.006012s ]
SQL: SELECT COUNT(*) AS tp_count FROM `tb_notice` WHERE ( id>=1 ) LIMIT 1   [ RunTime:0.000317s ]
SQL: SELECT * FROM `tb_notice` WHERE ( id>=1 ) ORDER BY `time` desc LIMIT 0,10   [ RunTime:0.001248s ]
SQL: SHOW COLUMNS FROM `tb_policy` [ RunTime:0.009206s ]
SQL: SELECT * FROM `tb_policy` WHERE ( id>=1 ) ORDER BY `time` desc  [ RunTime:0.000881s ]
SQL: SHOW COLUMNS FROM `tb_director` [ RunTime:0.008483s ]
SQL: SELECT * FROM `tb_director` WHERE `type` = '传统戏剧' ORDER BY `Did` asc  [ RunTime:0.000910s ]
SQL: SELECT * FROM `tb_director` WHERE `type` = '民间音乐' ORDER BY `Did` asc  [ RunTime:0.001065s ]
SQL: SELECT * FROM `tb_director` WHERE `type` = '民间舞蹈' ORDER BY `Did` asc  [ RunTime:0.000802s ]
SQL: SELECT * FROM `tb_director` WHERE `type` = '传统手工技艺' ORDER BY `Did` asc  [ RunTime:0.001367s ]
SQL: SHOW COLUMNS FROM `tb_dynamic` [ RunTime:0.010581s ]
SQL: SELECT * FROM `tb_dynamic` WHERE ( id>=1 ) ORDER BY `time` desc  [ RunTime:0.001163s ]
SQL: SHOW COLUMNS FROM `tb_inheritor` [ RunTime:0.011472s ]
SQL: SELECT * FROM `tb_inheritor` WHERE ( id=1 ) LIMIT 1   [ RunTime:0.000785s ]
SQL: SHOW COLUMNS FROM `tb_country` [ RunTime:0.013077s ]
ERR: 1146:Table 'db_culture.tb_country' doesn't exist
 [ SQL语句 ] : SHOW COLUMNS FROM `tb_country`
SQL: SELECT * FROM `tb_country` WHERE ( id>=1 ) ORDER BY `id` asc  [ RunTime:0.001841s ]
ERR: 1146:Table 'db_culture.tb_country' doesn't exist
 [ SQL语句 ] : SELECT * FROM `tb_country` WHERE ( id>=1 ) ORDER BY `id` asc 
INFO: [ view_parse ] --START--
INFO: [ template_filter ] --START--
INFO: Run Behavior\ContentReplaceBehavior [ RunTime:0.000267s ]
INFO: [ template_filter ] --END-- [ RunTime:0.000389s ]
NOTIC: [8] Undefined variable: noti D:\phpStudy\WWW\EPP_Project\legacy\App\Runtime\Cache\Home\00e52909bed743ea261af4b6823297ff.php 第 166 行.
NOTIC: [8] Undefined variable: noti D:\phpStudy\WWW\EPP_Project\legacy\App\Runtime\Cache\Home\00e52909bed743ea261af4b6823297ff.php 第 166 行.
NOTIC: [8] Undefined variable: noti D:\phpStudy\WWW\EPP_Project\legacy\App\Runtime\Cache\Home\00e52909bed743ea261af4b6823297ff.php 第 166 行.
NOTIC: [8] Undefined variable: noti D:\phpStudy\WWW\EPP_Project\legacy\App\Runtime\Cache\Home\00e52909bed743ea261af4b6823297ff.php 第 166 行.
NOTIC: [8] Undefined variable: noti D:\phpStudy\WWW\EPP_Project\legacy\App\Runtime\Cache\Home\00e52909bed743ea261af4b6823297ff.php 第 166 行.
NOTIC: [8] Undefined variable: noti D:\phpStudy\WWW\EPP_Project\legacy\App\Runtime\Cache\Home\00e52909bed743ea261af4b6823297ff.php 第 166 行.
NOTIC: [8] Undefined variable: noti D:\phpStudy\WWW\EPP_Project\legacy\App\Runtime\Cache\Home\00e52909bed743ea261af4b6823297ff.php 第 166 行.
NOTIC: [8] Undefined variable: noti D:\phpStudy\WWW\EPP_Project\legacy\App\Runtime\Cache\Home\00e52909bed743ea261af4b6823297ff.php 第 166 行.
NOTIC: [8] Undefined variable: noti D:\phpStudy\WWW\EPP_Project\legacy\App\Runtime\Cache\Home\00e52909bed743ea261af4b6823297ff.php 第 166 行.
NOTIC: [8] Undefined variable: noti D:\phpStudy\WWW\EPP_Project\legacy\App\Runtime\Cache\Home\00e52909bed743ea261af4b6823297ff.php 第 166 行.
NOTIC: [8] Undefined index: birthPlace D:\phpStudy\WWW\EPP_Project\legacy\App\Runtime\Cache\Home\00e52909bed743ea261af4b6823297ff.php 第 314 行.
INFO: Run Behavior\ParseTemplateBehavior [ RunTime:0.045783s ]
INFO: [ view_parse ] --END-- [ RunTime:0.045908s ]
INFO: [ view_filter ] --START--
INFO: Run Behavior\WriteHtmlCacheBehavior [ RunTime:0.002509s ]
INFO: [ view_filter ] --END-- [ RunTime:0.002625s ]
INFO: [ app_end ] --START--
INFO: Run Behavior\ShowPageTraceBehavior [ RunTime:0.003074s ]
INFO: [ app_end ] --END-- [ RunTime:0.003358s ]

[ 2020-06-22T10:43:15+08:00 ] ::1 /EPP_Project/legacy/Public/Admin/js/jquery-3.4.1.js
INFO: [ app_init ] --START--
INFO: Run Behavior\BuildLiteBehavior [ RunTime:0.000032s ]
INFO: [ app_init ] --END-- [ RunTime:0.018924s ]
INFO: [ app_begin ] --START--
INFO: Run Behavior\ReadHtmlCacheBehavior [ RunTime:0.002155s ]
INFO: [ app_begin ] --END-- [ RunTime:0.002295s ]
INFO: [ view_parse ] --START--
INFO: [ template_filter ] --START--
INFO: Run Behavior\ContentReplaceBehavior [ RunTime:0.000564s ]
INFO: [ template_filter ] --END-- [ RunTime:0.001991s ]
INFO: Run Behavior\ParseTemplateBehavior [ RunTime:0.074705s ]
INFO: [ view_parse ] --END-- [ RunTime:0.075671s ]
INFO: [ view_filter ] --START--
INFO: Run Behavior\WriteHtmlCacheBehavior [ RunTime:0.005232s ]
INFO: [ view_filter ] --END-- [ RunTime:0.005503s ]

[ 2020-06-22T15:20:33+08:00 ] ::1 /EPP_Project/legacy/index.php
INFO: [ app_init ] --START--
INFO: Run Behavior\BuildLiteBehavior [ RunTime:0.000041s ]
INFO: [ app_init ] --END-- [ RunTime:0.031001s ]
INFO: [ app_begin ] --START--
INFO: Run Behavior\ReadHtmlCacheBehavior [ RunTime:0.053350s ]
INFO: [ app_begin ] --END-- [ RunTime:0.053587s ]
SQL: SHOW COLUMNS FROM `tb_picture` [ RunTime:0.074645s ]
ERR: 1146:Table 'db_culture.tb_picture' doesn't exist
 [ SQL语句 ] : SHOW COLUMNS FROM `tb_picture`
SQL: SELECT * FROM `tb_picture` WHERE `type` = 'slide'  [ RunTime:0.018217s ]
ERR: 1146:Table 'db_culture.tb_picture' doesn't exist
 [ SQL语句 ] : SELECT * FROM `tb_picture` WHERE `type` = 'slide' 
SQL: SHOW COLUMNS FROM `tb_notice` [ RunTime:0.093756s ]
SQL: SELECT COUNT(*) AS tp_count FROM `tb_notice` WHERE ( id>=1 ) LIMIT 1   [ RunTime:0.018552s ]
SQL: SELECT * FROM `tb_notice` WHERE ( id>=1 ) ORDER BY `time` desc LIMIT 0,10   [ RunTime:0.013160s ]
SQL: SHOW COLUMNS FROM `tb_policy` [ RunTime:0.075983s ]
SQL: SELECT * FROM `tb_policy` WHERE ( id>=1 ) ORDER BY `time` desc  [ RunTime:0.028809s ]
SQL: SHOW COLUMNS FROM `tb_director` [ RunTime:0.079476s ]
SQL: SELECT * FROM `tb_director` WHERE `type` = '传统戏剧' ORDER BY `Did` asc  [ RunTime:0.028841s ]
SQL: SELECT * FROM `tb_director` WHERE `type` = '民间音乐' ORDER BY `Did` asc  [ RunTime:0.002215s ]
SQL: SELECT * FROM `tb_director` WHERE `type` = '民间舞蹈' ORDER BY `Did` asc  [ RunTime:0.002330s ]
SQL: SELECT * FROM `tb_director` WHERE `type` = '传统手工技艺' ORDER BY `Did` asc  [ RunTime:0.001758s ]
SQL: SHOW COLUMNS FROM `tb_dynamic` [ RunTime:0.053820s ]
SQL: SELECT * FROM `tb_dynamic` WHERE ( id>=1 ) ORDER BY `time` desc  [ RunTime:0.002247s ]
SQL: SHOW COLUMNS FROM `tb_inheritor` [ RunTime:0.054183s ]
SQL: SELECT * FROM `tb_inheritor` WHERE ( id=1 ) LIMIT 1   [ RunTime:0.001297s ]
SQL: SHOW COLUMNS FROM `tb_country` [ RunTime:0.038666s ]
ERR: 1146:Table 'db_culture.tb_country' doesn't exist
 [ SQL语句 ] : SHOW COLUMNS FROM `tb_country`
SQL: SELECT * FROM `tb_country` WHERE ( id>=1 ) ORDER BY `id` asc  [ RunTime:0.007224s ]
ERR: 1146:Table 'db_culture.tb_country' doesn't exist
 [ SQL语句 ] : SELECT * FROM `tb_country` WHERE ( id>=1 ) ORDER BY `id` asc 
INFO: [ view_parse ] --START--
INFO: [ template_filter ] --START--
INFO: Run Behavior\ContentReplaceBehavior [ RunTime:0.000278s ]
INFO: [ template_filter ] --END-- [ RunTime:0.000415s ]
NOTIC: [8] Undefined variable: noti D:\phpStudy\WWW\EPP_Project\legacy\App\Runtime\Cache\Home\00e52909bed743ea261af4b6823297ff.php 第 166 行.
NOTIC: [8] Undefined variable: noti D:\phpStudy\WWW\EPP_Project\legacy\App\Runtime\Cache\Home\00e52909bed743ea261af4b6823297ff.php 第 166 行.
NOTIC: [8] Undefined variable: noti D:\phpStudy\WWW\EPP_Project\legacy\App\Runtime\Cache\Home\00e52909bed743ea261af4b6823297ff.php 第 166 行.
NOTIC: [8] Undefined variable: noti D:\phpStudy\WWW\EPP_Project\legacy\App\Runtime\Cache\Home\00e52909bed743ea261af4b6823297ff.php 第 166 行.
NOTIC: [8] Undefined variable: noti D:\phpStudy\WWW\EPP_Project\legacy\App\Runtime\Cache\Home\00e52909bed743ea261af4b6823297ff.php 第 166 行.
NOTIC: [8] Undefined variable: noti D:\phpStudy\WWW\EPP_Project\legacy\App\Runtime\Cache\Home\00e52909bed743ea261af4b6823297ff.php 第 166 行.
NOTIC: [8] Undefined variable: noti D:\phpStudy\WWW\EPP_Project\legacy\App\Runtime\Cache\Home\00e52909bed743ea261af4b6823297ff.php 第 166 行.
NOTIC: [8] Undefined variable: noti D:\phpStudy\WWW\EPP_Project\legacy\App\Runtime\Cache\Home\00e52909bed743ea261af4b6823297ff.php 第 166 行.
NOTIC: [8] Undefined variable: noti D:\phpStudy\WWW\EPP_Project\legacy\App\Runtime\Cache\Home\00e52909bed743ea261af4b6823297ff.php 第 166 行.
NOTIC: [8] Undefined variable: noti D:\phpStudy\WWW\EPP_Project\legacy\App\Runtime\Cache\Home\00e52909bed743ea261af4b6823297ff.php 第 166 行.
NOTIC: [8] Undefined index: birthPlace D:\phpStudy\WWW\EPP_Project\legacy\App\Runtime\Cache\Home\00e52909bed743ea261af4b6823297ff.php 第 314 行.
INFO: Run Behavior\ParseTemplateBehavior [ RunTime:0.236762s ]
INFO: [ view_parse ] --END-- [ RunTime:0.236988s ]
INFO: [ view_filter ] --START--
INFO: Run Behavior\WriteHtmlCacheBehavior [ RunTime:0.028857s ]
INFO: [ view_filter ] --END-- [ RunTime:0.029111s ]
INFO: [ app_end ] --START--
INFO: Run Behavior\ShowPageTraceBehavior [ RunTime:0.040575s ]
INFO: [ app_end ] --END-- [ RunTime:0.040710s ]

[ 2020-06-22T15:20:34+08:00 ] ::1 /EPP_Project/legacy/Public/bootstrap/js/jquery.min.js
INFO: [ app_init ] --START--
INFO: Run Behavior\BuildLiteBehavior [ RunTime:0.000026s ]
INFO: [ app_init ] --END-- [ RunTime:0.002368s ]
INFO: [ app_begin ] --START--
INFO: Run Behavior\ReadHtmlCacheBehavior [ RunTime:0.004081s ]
INFO: [ app_begin ] --END-- [ RunTime:0.004312s ]
INFO: [ view_parse ] --START--
INFO: [ template_filter ] --START--
INFO: Run Behavior\ContentReplaceBehavior [ RunTime:0.000135s ]
INFO: [ template_filter ] --END-- [ RunTime:0.000355s ]
INFO: Run Behavior\ParseTemplateBehavior [ RunTime:0.090990s ]
INFO: [ view_parse ] --END-- [ RunTime:0.091242s ]
INFO: [ view_filter ] --START--
INFO: Run Behavior\WriteHtmlCacheBehavior [ RunTime:0.003187s ]
INFO: [ view_filter ] --END-- [ RunTime:0.003435s ]

[ 2020-06-22T15:20:48+08:00 ] ::1 /EPP_Project/legacy/Public/Admin/js/jquery-3.4.1.js
INFO: [ app_init ] --START--
INFO: Run Behavior\BuildLiteBehavior [ RunTime:0.000017s ]
INFO: [ app_init ] --END-- [ RunTime:0.000886s ]
INFO: [ app_begin ] --START--
INFO: Run Behavior\ReadHtmlCacheBehavior [ RunTime:0.001713s ]
INFO: [ app_begin ] --END-- [ RunTime:0.001821s ]
INFO: [ view_parse ] --START--
INFO: [ template_filter ] --START--
INFO: Run Behavior\ContentReplaceBehavior [ RunTime:0.000141s ]
INFO: [ template_filter ] --END-- [ RunTime:0.000402s ]
INFO: Run Behavior\ParseTemplateBehavior [ RunTime:0.037862s ]
INFO: [ view_parse ] --END-- [ RunTime:0.038195s ]
INFO: [ view_filter ] --START--
INFO: Run Behavior\WriteHtmlCacheBehavior [ RunTime:0.003588s ]
INFO: [ view_filter ] --END-- [ RunTime:0.003802s ]

[ 2020-06-22T16:47:34+08:00 ] ::1 /EPP_Project/legacy/index.php
INFO: [ app_init ] --START--
INFO: Run Behavior\BuildLiteBehavior [ RunTime:0.000050s ]
INFO: [ app_init ] --END-- [ RunTime:0.037140s ]
INFO: [ app_begin ] --START--
INFO: Run Behavior\ReadHtmlCacheBehavior [ RunTime:0.006600s ]
INFO: [ app_begin ] --END-- [ RunTime:0.007009s ]
SQL: SHOW COLUMNS FROM `tb_picture` [ RunTime:0.087632s ]
ERR: 1146:Table 'db_culture.tb_picture' doesn't exist
 [ SQL语句 ] : SHOW COLUMNS FROM `tb_picture`
SQL: SELECT * FROM `tb_picture` WHERE `type` = 'slide'  [ RunTime:0.003259s ]
ERR: 1146:Table 'db_culture.tb_picture' doesn't exist
 [ SQL语句 ] : SELECT * FROM `tb_picture` WHERE `type` = 'slide' 
SQL: SHOW COLUMNS FROM `tb_notice` [ RunTime:0.064781s ]
SQL: SELECT COUNT(*) AS tp_count FROM `tb_notice` WHERE ( id>=1 ) LIMIT 1   [ RunTime:0.053750s ]
SQL: SELECT * FROM `tb_notice` WHERE ( id>=1 ) ORDER BY `time` desc LIMIT 0,10   [ RunTime:0.011765s ]
SQL: SHOW COLUMNS FROM `tb_policy` [ RunTime:0.045182s ]
SQL: SELECT * FROM `tb_policy` WHERE ( id>=1 ) ORDER BY `time` desc  [ RunTime:0.015019s ]
SQL: SHOW COLUMNS FROM `tb_director` [ RunTime:0.058984s ]
SQL: SELECT * FROM `tb_director` WHERE `type` = '传统戏剧' ORDER BY `Did` asc  [ RunTime:0.052969s ]
SQL: SELECT * FROM `tb_director` WHERE `type` = '民间音乐' ORDER BY `Did` asc  [ RunTime:0.001888s ]
SQL: SELECT * FROM `tb_director` WHERE `type` = '民间舞蹈' ORDER BY `Did` asc  [ RunTime:0.001483s ]
SQL: SELECT * FROM `tb_director` WHERE `type` = '传统手工技艺' ORDER BY `Did` asc  [ RunTime:0.002394s ]
SQL: SHOW COLUMNS FROM `tb_dynamic` [ RunTime:0.049921s ]
SQL: SELECT * FROM `tb_dynamic` WHERE ( id>=1 ) ORDER BY `time` desc  [ RunTime:0.002114s ]
SQL: SHOW COLUMNS FROM `tb_inheritor` [ RunTime:0.051468s ]
SQL: SELECT * FROM `tb_inheritor` WHERE ( id=1 ) LIMIT 1   [ RunTime:0.001283s ]
SQL: SHOW COLUMNS FROM `tb_country` [ RunTime:0.018070s ]
ERR: 1146:Table 'db_culture.tb_country' doesn't exist
 [ SQL语句 ] : SHOW COLUMNS FROM `tb_country`
SQL: SELECT * FROM `tb_country` WHERE ( id>=1 ) ORDER BY `id` asc  [ RunTime:0.002461s ]
ERR: 1146:Table 'db_culture.tb_country' doesn't exist
 [ SQL语句 ] : SELECT * FROM `tb_country` WHERE ( id>=1 ) ORDER BY `id` asc 
INFO: [ view_parse ] --START--
INFO: [ template_filter ] --START--
INFO: Run Behavior\ContentReplaceBehavior [ RunTime:0.000482s ]
INFO: [ template_filter ] --END-- [ RunTime:0.000728s ]
NOTIC: [8] Undefined variable: noti D:\phpStudy\WWW\EPP_Project\legacy\App\Runtime\Cache\Home\00e52909bed743ea261af4b6823297ff.php 第 166 行.
NOTIC: [8] Undefined variable: noti D:\phpStudy\WWW\EPP_Project\legacy\App\Runtime\Cache\Home\00e52909bed743ea261af4b6823297ff.php 第 166 行.
NOTIC: [8] Undefined variable: noti D:\phpStudy\WWW\EPP_Project\legacy\App\Runtime\Cache\Home\00e52909bed743ea261af4b6823297ff.php 第 166 行.
NOTIC: [8] Undefined variable: noti D:\phpStudy\WWW\EPP_Project\legacy\App\Runtime\Cache\Home\00e52909bed743ea261af4b6823297ff.php 第 166 行.
NOTIC: [8] Undefined variable: noti D:\phpStudy\WWW\EPP_Project\legacy\App\Runtime\Cache\Home\00e52909bed743ea261af4b6823297ff.php 第 166 行.
NOTIC: [8] Undefined variable: noti D:\phpStudy\WWW\EPP_Project\legacy\App\Runtime\Cache\Home\00e52909bed743ea261af4b6823297ff.php 第 166 行.
NOTIC: [8] Undefined variable: noti D:\phpStudy\WWW\EPP_Project\legacy\App\Runtime\Cache\Home\00e52909bed743ea261af4b6823297ff.php 第 166 行.
NOTIC: [8] Undefined variable: noti D:\phpStudy\WWW\EPP_Project\legacy\App\Runtime\Cache\Home\00e52909bed743ea261af4b6823297ff.php 第 166 行.
NOTIC: [8] Undefined variable: noti D:\phpStudy\WWW\EPP_Project\legacy\App\Runtime\Cache\Home\00e52909bed743ea261af4b6823297ff.php 第 166 行.
NOTIC: [8] Undefined variable: noti D:\phpStudy\WWW\EPP_Project\legacy\App\Runtime\Cache\Home\00e52909bed743ea261af4b6823297ff.php 第 166 行.
NOTIC: [8] Undefined index: birthPlace D:\phpStudy\WWW\EPP_Project\legacy\App\Runtime\Cache\Home\00e52909bed743ea261af4b6823297ff.php 第 314 行.
INFO: Run Behavior\ParseTemplateBehavior [ RunTime:0.238233s ]
INFO: [ view_parse ] --END-- [ RunTime:0.238491s ]
INFO: [ view_filter ] --START--
INFO: Run Behavior\WriteHtmlCacheBehavior [ RunTime:0.030976s ]
INFO: [ view_filter ] --END-- [ RunTime:0.031221s ]
INFO: [ app_end ] --START--
INFO: Run Behavior\ShowPageTraceBehavior [ RunTime:0.007541s ]
INFO: [ app_end ] --END-- [ RunTime:0.007992s ]

[ 2020-06-22T16:47:35+08:00 ] ::1 /EPP_Project/legacy/Public/bootstrap/js/jquery.min.js
INFO: [ app_init ] --START--
INFO: Run Behavior\BuildLiteBehavior [ RunTime:0.000020s ]
INFO: [ app_init ] --END-- [ RunTime:0.001111s ]
INFO: [ app_begin ] --START--
INFO: Run Behavior\ReadHtmlCacheBehavior [ RunTime:0.001544s ]
INFO: [ app_begin ] --END-- [ RunTime:0.001675s ]
INFO: [ view_parse ] --START--
INFO: [ template_filter ] --START--
INFO: Run Behavior\ContentReplaceBehavior [ RunTime:0.000077s ]
INFO: [ template_filter ] --END-- [ RunTime:0.000198s ]
INFO: Run Behavior\ParseTemplateBehavior [ RunTime:0.032554s ]
INFO: [ view_parse ] --END-- [ RunTime:0.032748s ]
INFO: [ view_filter ] --START--
INFO: Run Behavior\WriteHtmlCacheBehavior [ RunTime:0.002324s ]
INFO: [ view_filter ] --END-- [ RunTime:0.002463s ]

[ 2020-06-22T16:47:48+08:00 ] ::1 /EPP_Project/legacy/Public/Admin/js/jquery-3.4.1.js
INFO: [ app_init ] --START--
INFO: Run Behavior\BuildLiteBehavior [ RunTime:0.000022s ]
INFO: [ app_init ] --END-- [ RunTime:0.001578s ]
INFO: [ app_begin ] --START--
INFO: Run Behavior\ReadHtmlCacheBehavior [ RunTime:0.001884s ]
INFO: [ app_begin ] --END-- [ RunTime:0.001981s ]
INFO: [ view_parse ] --START--
INFO: [ template_filter ] --START--
INFO: Run Behavior\ContentReplaceBehavior [ RunTime:0.000077s ]
INFO: [ template_filter ] --END-- [ RunTime:0.000200s ]
INFO: Run Behavior\ParseTemplateBehavior [ RunTime:0.014542s ]
INFO: [ view_parse ] --END-- [ RunTime:0.014661s ]
INFO: [ view_filter ] --START--
INFO: Run Behavior\WriteHtmlCacheBehavior [ RunTime:0.001431s ]
INFO: [ view_filter ] --END-- [ RunTime:0.001537s ]

[ 2020-06-22T19:23:28+08:00 ] ::1 /EPP_Project/legacy/index.php
INFO: [ app_init ] --START--
INFO: Run Behavior\BuildLiteBehavior [ RunTime:0.000064s ]
INFO: [ app_init ] --END-- [ RunTime:0.054020s ]
INFO: [ app_begin ] --START--
INFO: Run Behavior\ReadHtmlCacheBehavior [ RunTime:0.005953s ]
INFO: [ app_begin ] --END-- [ RunTime:0.006226s ]
SQL: SHOW COLUMNS FROM `tb_picture` [ RunTime:0.023434s ]
ERR: 1146:Table 'db_culture.tb_picture' doesn't exist
 [ SQL语句 ] : SHOW COLUMNS FROM `tb_picture`
SQL: SELECT * FROM `tb_picture` WHERE `type` = 'slide'  [ RunTime:0.003338s ]
ERR: 1146:Table 'db_culture.tb_picture' doesn't exist
 [ SQL语句 ] : SELECT * FROM `tb_picture` WHERE `type` = 'slide' 
SQL: SHOW COLUMNS FROM `tb_notice` [ RunTime:0.332086s ]
SQL: SELECT COUNT(*) AS tp_count FROM `tb_notice` WHERE ( id>=1 ) LIMIT 1   [ RunTime:0.329917s ]
SQL: SELECT * FROM `tb_notice` WHERE ( id>=1 ) ORDER BY `time` desc LIMIT 0,10   [ RunTime:0.189600s ]
SQL: SHOW COLUMNS FROM `tb_policy` [ RunTime:0.444353s ]
SQL: SELECT * FROM `tb_policy` WHERE ( id>=1 ) ORDER BY `time` desc  [ RunTime:0.036536s ]
SQL: SHOW COLUMNS FROM `tb_director` [ RunTime:0.087136s ]
SQL: SELECT * FROM `tb_director` WHERE `type` = '传统戏剧' ORDER BY `Did` asc  [ RunTime:0.069302s ]
SQL: SELECT * FROM `tb_director` WHERE `type` = '民间音乐' ORDER BY `Did` asc  [ RunTime:0.001529s ]
SQL: SELECT * FROM `tb_director` WHERE `type` = '民间舞蹈' ORDER BY `Did` asc  [ RunTime:0.000854s ]
SQL: SELECT * FROM `tb_director` WHERE `type` = '传统手工技艺' ORDER BY `Did` asc  [ RunTime:0.001326s ]
SQL: SHOW COLUMNS FROM `tb_dynamic` [ RunTime:0.109789s ]
SQL: SELECT * FROM `tb_dynamic` WHERE ( id>=1 ) ORDER BY `time` desc  [ RunTime:0.018918s ]
SQL: SHOW COLUMNS FROM `tb_inheritor` [ RunTime:0.133260s ]
SQL: SELECT * FROM `tb_inheritor` WHERE ( id=1 ) LIMIT 1   [ RunTime:0.001544s ]
SQL: SHOW COLUMNS FROM `tb_country` [ RunTime:0.024734s ]
ERR: 1146:Table 'db_culture.tb_country' doesn't exist
 [ SQL语句 ] : SHOW COLUMNS FROM `tb_country`
SQL: SELECT * FROM `tb_country` WHERE ( id>=1 ) ORDER BY `id` asc  [ RunTime:0.003505s ]
ERR: 1146:Table 'db_culture.tb_country' doesn't exist
 [ SQL语句 ] : SELECT * FROM `tb_country` WHERE ( id>=1 ) ORDER BY `id` asc 
INFO: [ view_parse ] --START--
INFO: [ template_filter ] --START--
INFO: Run Behavior\ContentReplaceBehavior [ RunTime:0.000267s ]
INFO: [ template_filter ] --END-- [ RunTime:0.000387s ]
NOTIC: [8] Undefined variable: noti D:\phpStudy\WWW\EPP_Project\legacy\App\Runtime\Cache\Home\00e52909bed743ea261af4b6823297ff.php 第 166 行.
NOTIC: [8] Undefined variable: noti D:\phpStudy\WWW\EPP_Project\legacy\App\Runtime\Cache\Home\00e52909bed743ea261af4b6823297ff.php 第 166 行.
NOTIC: [8] Undefined variable: noti D:\phpStudy\WWW\EPP_Project\legacy\App\Runtime\Cache\Home\00e52909bed743ea261af4b6823297ff.php 第 166 行.
NOTIC: [8] Undefined variable: noti D:\phpStudy\WWW\EPP_Project\legacy\App\Runtime\Cache\Home\00e52909bed743ea261af4b6823297ff.php 第 166 行.
NOTIC: [8] Undefined variable: noti D:\phpStudy\WWW\EPP_Project\legacy\App\Runtime\Cache\Home\00e52909bed743ea261af4b6823297ff.php 第 166 行.
NOTIC: [8] Undefined variable: noti D:\phpStudy\WWW\EPP_Project\legacy\App\Runtime\Cache\Home\00e52909bed743ea261af4b6823297ff.php 第 166 行.
NOTIC: [8] Undefined variable: noti D:\phpStudy\WWW\EPP_Project\legacy\App\Runtime\Cache\Home\00e52909bed743ea261af4b6823297ff.php 第 166 行.
NOTIC: [8] Undefined variable: noti D:\phpStudy\WWW\EPP_Project\legacy\App\Runtime\Cache\Home\00e52909bed743ea261af4b6823297ff.php 第 166 行.
NOTIC: [8] Undefined variable: noti D:\phpStudy\WWW\EPP_Project\legacy\App\Runtime\Cache\Home\00e52909bed743ea261af4b6823297ff.php 第 166 行.
NOTIC: [8] Undefined variable: noti D:\phpStudy\WWW\EPP_Project\legacy\App\Runtime\Cache\Home\00e52909bed743ea261af4b6823297ff.php 第 166 行.
NOTIC: [8] Undefined index: birthPlace D:\phpStudy\WWW\EPP_Project\legacy\App\Runtime\Cache\Home\00e52909bed743ea261af4b6823297ff.php 第 314 行.
INFO: Run Behavior\ParseTemplateBehavior [ RunTime:0.158118s ]
INFO: [ view_parse ] --END-- [ RunTime:0.158358s ]
INFO: [ view_filter ] --START--
INFO: Run Behavior\WriteHtmlCacheBehavior [ RunTime:0.002681s ]
INFO: [ view_filter ] --END-- [ RunTime:0.002833s ]
INFO: [ app_end ] --START--
INFO: Run Behavior\ShowPageTraceBehavior [ RunTime:0.003546s ]
INFO: [ app_end ] --END-- [ RunTime:0.003782s ]

[ 2020-06-22T19:23:29+08:00 ] ::1 /EPP_Project/legacy/Public/bootstrap/js/jquery.min.js
INFO: [ app_init ] --START--
INFO: Run Behavior\BuildLiteBehavior [ RunTime:0.000033s ]
INFO: [ app_init ] --END-- [ RunTime:0.001441s ]
INFO: [ app_begin ] --START--
INFO: Run Behavior\ReadHtmlCacheBehavior [ RunTime:0.001956s ]
INFO: [ app_begin ] --END-- [ RunTime:0.002223s ]
INFO: [ view_parse ] --START--
INFO: [ template_filter ] --START--
INFO: Run Behavior\ContentReplaceBehavior [ RunTime:0.000169s ]
INFO: [ template_filter ] --END-- [ RunTime:0.000440s ]
INFO: Run Behavior\ParseTemplateBehavior [ RunTime:0.096595s ]
INFO: [ view_parse ] --END-- [ RunTime:0.096902s ]
INFO: [ view_filter ] --START--
INFO: Run Behavior\WriteHtmlCacheBehavior [ RunTime:0.003029s ]
INFO: [ view_filter ] --END-- [ RunTime:0.003248s ]

[ 2020-06-22T19:23:41+08:00 ] ::1 /EPP_Project/legacy/Message/index.html
INFO: [ app_init ] --START--
INFO: Run Behavior\BuildLiteBehavior [ RunTime:0.000066s ]
INFO: [ app_init ] --END-- [ RunTime:0.002551s ]
INFO: [ app_begin ] --START--
INFO: Run Behavior\ReadHtmlCacheBehavior [ RunTime:0.002745s ]
INFO: [ app_begin ] --END-- [ RunTime:0.002996s ]
SQL: SHOW COLUMNS FROM `tb_country` [ RunTime:0.162715s ]
ERR: 1146:Table 'db_culture.tb_country' doesn't exist
 [ SQL语句 ] : SHOW COLUMNS FROM `tb_country`
SQL: SELECT * FROM `tb_country` WHERE ( id>=1 ) ORDER BY `id` asc  [ RunTime:0.002386s ]
ERR: 1146:Table 'db_culture.tb_country' doesn't exist
 [ SQL语句 ] : SELECT * FROM `tb_country` WHERE ( id>=1 ) ORDER BY `id` asc 
INFO: [ view_parse ] --START--
INFO: [ template_filter ] --START--
INFO: Run Behavior\ContentReplaceBehavior [ RunTime:0.000155s ]
INFO: [ template_filter ] --END-- [ RunTime:0.000279s ]
INFO: Run Behavior\ParseTemplateBehavior [ RunTime:0.083903s ]
INFO: [ view_parse ] --END-- [ RunTime:0.084208s ]
INFO: [ view_filter ] --START--
INFO: Run Behavior\WriteHtmlCacheBehavior [ RunTime:0.003629s ]
INFO: [ view_filter ] --END-- [ RunTime:0.003795s ]
INFO: [ app_end ] --START--
INFO: Run Behavior\ShowPageTraceBehavior [ RunTime:0.002968s ]
INFO: [ app_end ] --END-- [ RunTime:0.003144s ]

[ 2020-06-22T19:23:43+08:00 ] ::1 /EPP_Project/legacy/Message/index.html
INFO: [ app_init ] --START--
INFO: Run Behavior\BuildLiteBehavior [ RunTime:0.000017s ]
INFO: [ app_init ] --END-- [ RunTime:0.000769s ]
INFO: [ app_begin ] --START--
INFO: Run Behavior\ReadHtmlCacheBehavior [ RunTime:0.002087s ]
INFO: [ app_begin ] --END-- [ RunTime:0.002204s ]
SQL: SHOW COLUMNS FROM `tb_country` [ RunTime:0.008349s ]
ERR: 1146:Table 'db_culture.tb_country' doesn't exist
 [ SQL语句 ] : SHOW COLUMNS FROM `tb_country`
SQL: SELECT * FROM `tb_country` WHERE ( id>=1 ) ORDER BY `id` asc  [ RunTime:0.001113s ]
ERR: 1146:Table 'db_culture.tb_country' doesn't exist
 [ SQL语句 ] : SELECT * FROM `tb_country` WHERE ( id>=1 ) ORDER BY `id` asc 
INFO: [ view_parse ] --START--
INFO: [ template_filter ] --START--
INFO: Run Behavior\ContentReplaceBehavior [ RunTime:0.000347s ]
INFO: [ template_filter ] --END-- [ RunTime:0.000778s ]
INFO: Run Behavior\ParseTemplateBehavior [ RunTime:0.017517s ]
INFO: [ view_parse ] --END-- [ RunTime:0.017712s ]
INFO: [ view_filter ] --START--
INFO: Run Behavior\WriteHtmlCacheBehavior [ RunTime:0.001215s ]
INFO: [ view_filter ] --END-- [ RunTime:0.001348s ]
INFO: [ app_end ] --START--
INFO: Run Behavior\ShowPageTraceBehavior [ RunTime:0.001512s ]
INFO: [ app_end ] --END-- [ RunTime:0.001619s ]

[ 2020-06-22T19:23:45+08:00 ] ::1 /EPP_Project/legacy/Message/index.html
INFO: [ app_init ] --START--
INFO: Run Behavior\BuildLiteBehavior [ RunTime:0.000022s ]
INFO: [ app_init ] --END-- [ RunTime:0.001363s ]
INFO: [ app_begin ] --START--
INFO: Run Behavior\ReadHtmlCacheBehavior [ RunTime:0.004471s ]
INFO: [ app_begin ] --END-- [ RunTime:0.004595s ]
SQL: SHOW COLUMNS FROM `tb_country` [ RunTime:0.014684s ]
ERR: 1146:Table 'db_culture.tb_country' doesn't exist
 [ SQL语句 ] : SHOW COLUMNS FROM `tb_country`
SQL: SELECT * FROM `tb_country` WHERE ( id>=1 ) ORDER BY `id` asc  [ RunTime:0.002153s ]
ERR: 1146:Table 'db_culture.tb_country' doesn't exist
 [ SQL语句 ] : SELECT * FROM `tb_country` WHERE ( id>=1 ) ORDER BY `id` asc 
INFO: [ view_parse ] --START--
INFO: [ template_filter ] --START--
INFO: Run Behavior\ContentReplaceBehavior [ RunTime:0.000423s ]
INFO: [ template_filter ] --END-- [ RunTime:0.000973s ]
INFO: Run Behavior\ParseTemplateBehavior [ RunTime:0.032901s ]
INFO: [ view_parse ] --END-- [ RunTime:0.033311s ]
INFO: [ view_filter ] --START--
INFO: Run Behavior\WriteHtmlCacheBehavior [ RunTime:0.002226s ]
INFO: [ view_filter ] --END-- [ RunTime:0.002341s ]
INFO: [ app_end ] --START--
INFO: Run Behavior\ShowPageTraceBehavior [ RunTime:0.002195s ]
INFO: [ app_end ] --END-- [ RunTime:0.002303s ]

[ 2020-06-22T19:23:47+08:00 ] ::1 /EPP_Project/legacy/Message/index.html
INFO: [ app_init ] --START--
INFO: Run Behavior\BuildLiteBehavior [ RunTime:0.000023s ]
INFO: [ app_init ] --END-- [ RunTime:0.001050s ]
INFO: [ app_begin ] --START--
INFO: Run Behavior\ReadHtmlCacheBehavior [ RunTime:0.003328s ]
INFO: [ app_begin ] --END-- [ RunTime:0.003460s ]
SQL: SHOW COLUMNS FROM `tb_country` [ RunTime:0.060954s ]
ERR: 1146:Table 'db_culture.tb_country' doesn't exist
 [ SQL语句 ] : SHOW COLUMNS FROM `tb_country`
SQL: SELECT * FROM `tb_country` WHERE ( id>=1 ) ORDER BY `id` asc  [ RunTime:0.004639s ]
ERR: 1146:Table 'db_culture.tb_country' doesn't exist
 [ SQL语句 ] : SELECT * FROM `tb_country` WHERE ( id>=1 ) ORDER BY `id` asc 
INFO: [ view_parse ] --START--
INFO: [ template_filter ] --START--
INFO: Run Behavior\ContentReplaceBehavior [ RunTime:0.000187s ]
INFO: [ template_filter ] --END-- [ RunTime:0.000341s ]
INFO: Run Behavior\ParseTemplateBehavior [ RunTime:0.049232s ]
INFO: [ view_parse ] --END-- [ RunTime:0.049654s ]
INFO: [ view_filter ] --START--
INFO: Run Behavior\WriteHtmlCacheBehavior [ RunTime:0.001879s ]
INFO: [ view_filter ] --END-- [ RunTime:0.002042s ]
INFO: [ app_end ] --START--
INFO: Run Behavior\ShowPageTraceBehavior [ RunTime:0.002867s ]
INFO: [ app_end ] --END-- [ RunTime:0.003042s ]

[ 2020-06-22T19:23:49+08:00 ] ::1 /EPP_Project/legacy/Message/index.html
INFO: [ app_init ] --START--
INFO: Run Behavior\BuildLiteBehavior [ RunTime:0.000019s ]
INFO: [ app_init ] --END-- [ RunTime:0.001590s ]
INFO: [ app_begin ] --START--
INFO: Run Behavior\ReadHtmlCacheBehavior [ RunTime:0.002209s ]
INFO: [ app_begin ] --END-- [ RunTime:0.002344s ]
SQL: SHOW COLUMNS FROM `tb_country` [ RunTime:0.014116s ]
ERR: 1146:Table 'db_culture.tb_country' doesn't exist
 [ SQL语句 ] : SHOW COLUMNS FROM `tb_country`
SQL: SELECT * FROM `tb_country` WHERE ( id>=1 ) ORDER BY `id` asc  [ RunTime:0.001842s ]
ERR: 1146:Table 'db_culture.tb_country' doesn't exist
 [ SQL语句 ] : SELECT * FROM `tb_country` WHERE ( id>=1 ) ORDER BY `id` asc 
INFO: [ view_parse ] --START--
INFO: [ template_filter ] --START--
INFO: Run Behavior\ContentReplaceBehavior [ RunTime:0.001308s ]
INFO: [ template_filter ] --END-- [ RunTime:0.001643s ]
INFO: Run Behavior\ParseTemplateBehavior [ RunTime:0.035188s ]
INFO: [ view_parse ] --END-- [ RunTime:0.035394s ]
INFO: [ view_filter ] --START--
INFO: Run Behavior\WriteHtmlCacheBehavior [ RunTime:0.002232s ]
INFO: [ view_filter ] --END-- [ RunTime:0.002477s ]
INFO: [ app_end ] --START--
INFO: Run Behavior\ShowPageTraceBehavior [ RunTime:0.008306s ]
INFO: [ app_end ] --END-- [ RunTime:0.008564s ]

[ 2020-06-22T19:23:49+08:00 ] ::1 /EPP_Project/legacy/Public/bootstrap/js/jquery.min.js
INFO: [ app_init ] --START--
INFO: Run Behavior\BuildLiteBehavior [ RunTime:0.000015s ]
INFO: [ app_init ] --END-- [ RunTime:0.001228s ]
INFO: [ app_begin ] --START--
INFO: Run Behavior\ReadHtmlCacheBehavior [ RunTime:0.001386s ]
INFO: [ app_begin ] --END-- [ RunTime:0.001451s ]
INFO: [ view_parse ] --START--
INFO: [ template_filter ] --START--
INFO: Run Behavior\ContentReplaceBehavior [ RunTime:0.000077s ]
INFO: [ template_filter ] --END-- [ RunTime:0.000196s ]
INFO: Run Behavior\ParseTemplateBehavior [ RunTime:0.016120s ]
INFO: [ view_parse ] --END-- [ RunTime:0.016275s ]
INFO: [ view_filter ] --START--
INFO: Run Behavior\WriteHtmlCacheBehavior [ RunTime:0.001896s ]
INFO: [ view_filter ] --END-- [ RunTime:0.002034s ]

[ 2020-06-22T19:24:08+08:00 ] ::1 /EPP_Project/legacy/Public/Admin/js/jquery-3.4.1.js
INFO: [ app_init ] --START--
INFO: Run Behavior\BuildLiteBehavior [ RunTime:0.000034s ]
INFO: [ app_init ] --END-- [ RunTime:0.001032s ]
INFO: [ app_begin ] --START--
INFO: Run Behavior\ReadHtmlCacheBehavior [ RunTime:0.001335s ]
INFO: [ app_begin ] --END-- [ RunTime:0.001483s ]
INFO: [ view_parse ] --START--
INFO: [ template_filter ] --START--
INFO: Run Behavior\ContentReplaceBehavior [ RunTime:0.000036s ]
INFO: [ template_filter ] --END-- [ RunTime:0.000099s ]
INFO: Run Behavior\ParseTemplateBehavior [ RunTime:0.009233s ]
INFO: [ view_parse ] --END-- [ RunTime:0.009326s ]
INFO: [ view_filter ] --START--
INFO: Run Behavior\WriteHtmlCacheBehavior [ RunTime:0.000657s ]
INFO: [ view_filter ] --END-- [ RunTime:0.000706s ]

