[ 2020-06-28T10:50:26+08:00 ] ::1 /legacy/index.php
INFO: [ app_init ] --START--
INFO: Run Behavior\BuildLiteBehavior [ RunTime:0.000075s ]
INFO: [ app_init ] --END-- [ RunTime:0.061959s ]
INFO: [ app_begin ] --START--
INFO: Run Behavior\ReadHtmlCacheBehavior [ RunTime:0.029805s ]
INFO: [ app_begin ] --END-- [ RunTime:0.030166s ]
SQL: SHOW COLUMNS FROM `tb_picture` [ RunTime:0.219171s ]
ERR: 1146:Table 'db_culture.tb_picture' doesn't exist
 [ SQLè¯­å¥ ] : SHOW COLUMNS FROM `tb_picture`
SQL: SELECT * FROM `tb_picture` WHERE `type` = 'slide'  [ RunTime:0.004987s ]
ERR: 1146:Table 'db_culture.tb_picture' doesn't exist
 [ SQLè¯­å¥ ] : SELECT * FROM `tb_picture` WHERE `type` = 'slide' 
SQL: SHOW COLUMNS FROM `tb_notice` [ RunTime:0.014226s ]
SQL: SELECT COUNT(*) AS tp_count FROM `tb_notice` WHERE ( id>=1 ) LIMIT 1   [ RunTime:0.002072s ]
SQL: SELECT * FROM `tb_notice` WHERE ( id>=1 ) ORDER BY `time` desc LIMIT 0,10   [ RunTime:0.001516s ]
SQL: SHOW COLUMNS FROM `tb_policy` [ RunTime:0.010363s ]
SQL: SELECT * FROM `tb_policy` WHERE ( id>=1 ) ORDER BY `time` desc  [ RunTime:0.028094s ]
SQL: SHOW COLUMNS FROM `tb_director` [ RunTime:0.011584s ]
SQL: SELECT * FROM `tb_director` WHERE `type` = 'ä¼ ç»Ÿæˆå‰§' ORDER BY `Did` asc  [ RunTime:0.037440s ]
SQL: SELECT * FROM `tb_director` WHERE `type` = 'æ°‘é—´éŸ³ä¹' ORDER BY `Did` asc  [ RunTime:0.000876s ]
SQL: SELECT * FROM `tb_director` WHERE `type` = 'æ°‘é—´èˆžè¹ˆ' ORDER BY `Did` asc  [ RunTime:0.000689s ]
SQL: SELECT * FROM `tb_director` WHERE `type` = 'ä¼ ç»Ÿæ‰‹å·¥æŠ€è‰\º' ORDER BY `Did` asc  [ RunTime:0.000953s ]
SQL: SHOW COLUMNS FROM `tb_dynamic` [ RunTime:0.011619s ]
SQL: SELECT * FROM `tb_dynamic` WHERE ( id>=1 ) ORDER BY `time` desc  [ RunTime:0.000689s ]
SQL: SHOW COLUMNS FROM `tb_inheritor` [ RunTime:0.007280s ]
SQL: SELECT * FROM `tb_inheritor` WHERE ( id=1 ) LIMIT 1   [ RunTime:0.000533s ]
SQL: SHOW COLUMNS FROM `tb_country` [ RunTime:0.004971s ]
ERR: 1146:Table 'db_culture.tb_country' doesn't exist
 [ SQLè¯­å¥ ] : SHOW COLUMNS FROM `tb_country`
SQL: SELECT * FROM `tb_country` WHERE ( id>=1 ) ORDER BY `id` asc  [ RunTime:0.000450s ]
ERR: 1146:Table 'db_culture.tb_country' doesn't exist
 [ SQLè¯­å¥ ] : SELECT * FROM `tb_country` WHERE ( id>=1 ) ORDER BY `id` asc 
INFO: [ view_parse ] --START--
INFO: [ template_filter ] --START--
INFO: Run Behavior\ContentReplaceBehavior [ RunTime:0.000260s ]
INFO: [ template_filter ] --END-- [ RunTime:0.000380s ]
NOTIC: [8] Undefined variable: noti F:\phpStudy\WWW\legacy\App\Runtime\Cache\Home\00e52909bed743ea261af4b6823297ff.php ç¬¬ 151 è¡Œ.
NOTIC: [8] Undefined variable: noti F:\phpStudy\WWW\legacy\App\Runtime\Cache\Home\00e52909bed743ea261af4b6823297ff.php ç¬¬ 151 è¡Œ.
NOTIC: [8] Undefined variable: noti F:\phpStudy\WWW\legacy\App\Runtime\Cache\Home\00e52909bed743ea261af4b6823297ff.php ç¬¬ 151 è¡Œ.
NOTIC: [8] Undefined variable: noti F:\phpStudy\WWW\legacy\App\Runtime\Cache\Home\00e52909bed743ea261af4b6823297ff.php ç¬¬ 151 è¡Œ.
NOTIC: [8] Undefined variable: noti F:\phpStudy\WWW\legacy\App\Runtime\Cache\Home\00e52909bed743ea261af4b6823297ff.php ç¬¬ 151 è¡Œ.
NOTIC: [8] Undefined variable: noti F:\phpStudy\WWW\legacy\App\Runtime\Cache\Home\00e52909bed743ea261af4b6823297ff.php ç¬¬ 151 è¡Œ.
NOTIC: [8] Undefined variable: noti F:\phpStudy\WWW\legacy\App\Runtime\Cache\Home\00e52909bed743ea261af4b6823297ff.php ç¬¬ 151 è¡Œ.
NOTIC: [8] Undefined variable: noti F:\phpStudy\WWW\legacy\App\Runtime\Cache\Home\00e52909bed743ea261af4b6823297ff.php ç¬¬ 151 è¡Œ.
NOTIC: [8] Undefined variable: noti F:\phpStudy\WWW\legacy\App\Runtime\Cache\Home\00e52909bed743ea261af4b6823297ff.php ç¬¬ 151 è¡Œ.
NOTIC: [8] Undefined variable: noti F:\phpStudy\WWW\legacy\App\Runtime\Cache\Home\00e52909bed743ea261af4b6823297ff.php ç¬¬ 151 è¡Œ.
NOTIC: [8] Undefined index: birthPlace F:\phpStudy\WWW\legacy\App\Runtime\Cache\Home\00e52909bed743ea261af4b6823297ff.php ç¬¬ 299 è¡Œ.
INFO: Run Behavior\ParseTemplateBehavior [ RunTime:0.244986s ]
INFO: [ view_parse ] --END-- [ RunTime:0.245053s ]
INFO: [ view_filter ] --START--
INFO: Run Behavior\WriteHtmlCacheBehavior [ RunTime:0.008707s ]
INFO: [ view_filter ] --END-- [ RunTime:0.008793s ]
INFO: [ app_end ] --START--
INFO: Run Behavior\ShowPageTraceBehavior [ RunTime:0.001804s ]
INFO: [ app_end ] --END-- [ RunTime:0.001963s ]

[ 2020-06-28T10:50:27+08:00 ] ::1 /legacy/Public/bootstrap/js/jquery.min.js
INFO: [ app_init ] --START--
INFO: Run Behavior\BuildLiteBehavior [ RunTime:0.000013s ]
INFO: [ app_init ] --END-- [ RunTime:0.000546s ]
INFO: [ app_begin ] --START--
INFO: Run Behavior\ReadHtmlCacheBehavior [ RunTime:0.001607s ]
INFO: [ app_begin ] --END-- [ RunTime:0.001690s ]
INFO: [ view_parse ] --START--
INFO: [ template_filter ] --START--
INFO: Run Behavior\ContentReplaceBehavior [ RunTime:0.000039s ]
INFO: [ template_filter ] --END-- [ RunTime:0.000102s ]
INFO: Run Behavior\ParseTemplateBehavior [ RunTime:0.017651s ]
INFO: [ view_parse ] --END-- [ RunTime:0.017738s ]
INFO: [ view_filter ] --START--
INFO: Run Behavior\WriteHtmlCacheBehavior [ RunTime:0.000792s ]
INFO: [ view_filter ] --END-- [ RunTime:0.000871s ]

[ 2020-06-28T11:04:12+08:00 ] ::1 /legacy/index.php
INFO: [ app_init ] --START--
INFO: Run Behavior\BuildLiteBehavior [ RunTime:0.000030s ]
INFO: [ app_init ] --END-- [ RunTime:0.102221s ]
INFO: [ app_begin ] --START--
INFO: Run Behavior\ReadHtmlCacheBehavior [ RunTime:0.059951s ]
INFO: [ app_begin ] --END-- [ RunTime:0.060100s ]
SQL: SHOW COLUMNS FROM `tb_picture` [ RunTime:0.022416s ]
ERR: 1146:Table 'db_culture.tb_picture' doesn't exist
 [ SQLè¯­å¥ ] : SHOW COLUMNS FROM `tb_picture`
SQL: SELECT * FROM `tb_picture` WHERE `type` = 'slide'  [ RunTime:0.000928s ]
ERR: 1146:Table 'db_culture.tb_picture' doesn't exist
 [ SQLè¯­å¥ ] : SELECT * FROM `tb_picture` WHERE `type` = 'slide' 
SQL: SHOW COLUMNS FROM `tb_notice` [ RunTime:0.131800s ]
SQL: SELECT COUNT(*) AS tp_count FROM `tb_notice` WHERE ( id>=1 ) LIMIT 1   [ RunTime:0.106960s ]
SQL: SELECT * FROM `tb_notice` WHERE ( id>=1 ) ORDER BY `time` desc LIMIT 0,10   [ RunTime:0.000696s ]
SQL: SHOW COLUMNS FROM `tb_policy` [ RunTime:0.008498s ]
SQL: SELECT * FROM `tb_policy` WHERE ( id>=1 ) ORDER BY `time` desc  [ RunTime:0.000744s ]
SQL: SHOW COLUMNS FROM `tb_director` [ RunTime:0.008331s ]
SQL: SELECT * FROM `tb_director` WHERE `type` = 'ä¼ ç»Ÿæˆå‰§' ORDER BY `Did` asc  [ RunTime:0.000506s ]
SQL: SELECT * FROM `tb_director` WHERE `type` = 'æ°‘é—´éŸ³ä¹' ORDER BY `Did` asc  [ RunTime:0.000558s ]
SQL: SELECT * FROM `tb_director` WHERE `type` = 'æ°‘é—´èˆžè¹ˆ' ORDER BY `Did` asc  [ RunTime:0.000377s ]
SQL: SELECT * FROM `tb_director` WHERE `type` = 'ä¼ ç»Ÿæ‰‹å·¥æŠ€è‰\º' ORDER BY `Did` asc  [ RunTime:0.000455s ]
SQL: SHOW COLUMNS FROM `tb_dynamic` [ RunTime:0.008040s ]
SQL: SELECT * FROM `tb_dynamic` WHERE ( id>=1 ) ORDER BY `time` desc  [ RunTime:0.000398s ]
SQL: SHOW COLUMNS FROM `tb_inheritor` [ RunTime:0.316394s ]
SQL: SELECT * FROM `tb_inheritor` WHERE ( id=1 ) LIMIT 1   [ RunTime:0.000791s ]
SQL: SHOW COLUMNS FROM `tb_country` [ RunTime:0.017312s ]
ERR: 1146:Table 'db_culture.tb_country' doesn't exist
 [ SQLè¯­å¥ ] : SHOW COLUMNS FROM `tb_country`
SQL: SELECT * FROM `tb_country` WHERE ( id>=1 ) ORDER BY `id` asc  [ RunTime:0.001481s ]
ERR: 1146:Table 'db_culture.tb_country' doesn't exist
 [ SQLè¯­å¥ ] : SELECT * FROM `tb_country` WHERE ( id>=1 ) ORDER BY `id` asc 
INFO: [ view_parse ] --START--
INFO: [ template_filter ] --START--
INFO: Run Behavior\ContentReplaceBehavior [ RunTime:0.000455s ]
INFO: [ template_filter ] --END-- [ RunTime:0.000656s ]
NOTIC: [8] Undefined variable: noti F:\phpStudy\WWW\legacy\App\Runtime\Cache\Home\00e52909bed743ea261af4b6823297ff.php ç¬¬ 151 è¡Œ.
NOTIC: [8] Undefined variable: noti F:\phpStudy\WWW\legacy\App\Runtime\Cache\Home\00e52909bed743ea261af4b6823297ff.php ç¬¬ 151 è¡Œ.
NOTIC: [8] Undefined variable: noti F:\phpStudy\WWW\legacy\App\Runtime\Cache\Home\00e52909bed743ea261af4b6823297ff.php ç¬¬ 151 è¡Œ.
NOTIC: [8] Undefined variable: noti F:\phpStudy\WWW\legacy\App\Runtime\Cache\Home\00e52909bed743ea261af4b6823297ff.php ç¬¬ 151 è¡Œ.
NOTIC: [8] Undefined variable: noti F:\phpStudy\WWW\legacy\App\Runtime\Cache\Home\00e52909bed743ea261af4b6823297ff.php ç¬¬ 151 è¡Œ.
NOTIC: [8] Undefined variable: noti F:\phpStudy\WWW\legacy\App\Runtime\Cache\Home\00e52909bed743ea261af4b6823297ff.php ç¬¬ 151 è¡Œ.
NOTIC: [8] Undefined variable: noti F:\phpStudy\WWW\legacy\App\Runtime\Cache\Home\00e52909bed743ea261af4b6823297ff.php ç¬¬ 151 è¡Œ.
NOTIC: [8] Undefined variable: noti F:\phpStudy\WWW\legacy\App\Runtime\Cache\Home\00e52909bed743ea261af4b6823297ff.php ç¬¬ 151 è¡Œ.
NOTIC: [8] Undefined variable: noti F:\phpStudy\WWW\legacy\App\Runtime\Cache\Home\00e52909bed743ea261af4b6823297ff.php ç¬¬ 151 è¡Œ.
NOTIC: [8] Undefined variable: noti F:\phpStudy\WWW\legacy\App\Runtime\Cache\Home\00e52909bed743ea261af4b6823297ff.php ç¬¬ 151 è¡Œ.
NOTIC: [8] Undefined index: birthPlace F:\phpStudy\WWW\legacy\App\Runtime\Cache\Home\00e52909bed743ea261af4b6823297ff.php ç¬¬ 299 è¡Œ.
INFO: Run Behavior\ParseTemplateBehavior [ RunTime:0.212496s ]
INFO: [ view_parse ] --END-- [ RunTime:0.212707s ]
INFO: [ view_filter ] --START--
INFO: Run Behavior\WriteHtmlCacheBehavior [ RunTime:0.028577s ]
INFO: [ view_filter ] --END-- [ RunTime:0.028831s ]
INFO: [ app_end ] --START--
INFO: Run Behavior\ShowPageTraceBehavior [ RunTime:0.003489s ]
INFO: [ app_end ] --END-- [ RunTime:0.003712s ]

[ 2020-06-28T11:11:26+08:00 ] ::1 /legacy/index.php
INFO: [ app_init ] --START--
INFO: Run Behavior\BuildLiteBehavior [ RunTime:0.000014s ]
INFO: [ app_init ] --END-- [ RunTime:0.000552s ]
INFO: [ app_begin ] --START--
INFO: Run Behavior\ReadHtmlCacheBehavior [ RunTime:0.000834s ]
INFO: [ app_begin ] --END-- [ RunTime:0.000902s ]
SQL: SHOW COLUMNS FROM `tb_picture` [ RunTime:0.022516s ]
ERR: 1146:Table 'db_culture.tb_picture' doesn't exist
 [ SQLè¯­å¥ ] : SHOW COLUMNS FROM `tb_picture`
SQL: SELECT * FROM `tb_picture` WHERE `type` = 'slide'  [ RunTime:0.000567s ]
ERR: 1146:Table 'db_culture.tb_picture' doesn't exist
 [ SQLè¯­å¥ ] : SELECT * FROM `tb_picture` WHERE `type` = 'slide' 
SQL: SHOW COLUMNS FROM `tb_notice` [ RunTime:0.034102s ]
SQL: SELECT COUNT(*) AS tp_count FROM `tb_notice` WHERE ( id>=1 ) LIMIT 1   [ RunTime:0.000296s ]
SQL: SELECT * FROM `tb_notice` WHERE ( id>=1 ) ORDER BY `time` desc LIMIT 0,10   [ RunTime:0.001835s ]
SQL: SHOW COLUMNS FROM `tb_policy` [ RunTime:0.493587s ]
SQL: SELECT * FROM `tb_policy` WHERE ( id>=1 ) ORDER BY `time` desc  [ RunTime:0.001979s ]
SQL: SHOW COLUMNS FROM `tb_director` [ RunTime:0.270540s ]
SQL: SELECT * FROM `tb_director` WHERE `type` = 'ä¼ ç»Ÿæˆå‰§' ORDER BY `Did` asc  [ RunTime:0.001935s ]
SQL: SELECT * FROM `tb_director` WHERE `type` = 'æ°‘é—´éŸ³ä¹' ORDER BY `Did` asc  [ RunTime:0.002264s ]
SQL: SELECT * FROM `tb_director` WHERE `type` = 'æ°‘é—´èˆžè¹ˆ' ORDER BY `Did` asc  [ RunTime:0.001518s ]
SQL: SELECT * FROM `tb_director` WHERE `type` = 'ä¼ ç»Ÿæ‰‹å·¥æŠ€è‰\º' ORDER BY `Did` asc  [ RunTime:0.001963s ]
SQL: SHOW COLUMNS FROM `tb_dynamic` [ RunTime:0.019954s ]
SQL: SELECT * FROM `tb_dynamic` WHERE ( id>=1 ) ORDER BY `time` desc  [ RunTime:0.000650s ]
SQL: SHOW COLUMNS FROM `tb_inheritor` [ RunTime:0.010867s ]
SQL: SELECT * FROM `tb_inheritor` WHERE ( id=1 ) LIMIT 1   [ RunTime:0.000538s ]
SQL: SHOW COLUMNS FROM `tb_country` [ RunTime:0.174518s ]
ERR: 1146:Table 'db_culture.tb_country' doesn't exist
 [ SQLè¯­å¥ ] : SHOW COLUMNS FROM `tb_country`
SQL: SELECT * FROM `tb_country` WHERE ( id>=1 ) ORDER BY `id` asc  [ RunTime:0.002550s ]
ERR: 1146:Table 'db_culture.tb_country' doesn't exist
 [ SQLè¯­å¥ ] : SELECT * FROM `tb_country` WHERE ( id>=1 ) ORDER BY `id` asc 
INFO: [ view_parse ] --START--
INFO: [ template_filter ] --START--
INFO: Run Behavior\ContentReplaceBehavior [ RunTime:0.000275s ]
INFO: [ template_filter ] --END-- [ RunTime:0.000406s ]
NOTIC: [8] Undefined variable: noti F:\phpStudy\WWW\legacy\App\Runtime\Cache\Home\00e52909bed743ea261af4b6823297ff.php ç¬¬ 151 è¡Œ.
NOTIC: [8] Undefined variable: noti F:\phpStudy\WWW\legacy\App\Runtime\Cache\Home\00e52909bed743ea261af4b6823297ff.php ç¬¬ 151 è¡Œ.
NOTIC: [8] Undefined variable: noti F:\phpStudy\WWW\legacy\App\Runtime\Cache\Home\00e52909bed743ea261af4b6823297ff.php ç¬¬ 151 è¡Œ.
NOTIC: [8] Undefined variable: noti F:\phpStudy\WWW\legacy\App\Runtime\Cache\Home\00e52909bed743ea261af4b6823297ff.php ç¬¬ 151 è¡Œ.
NOTIC: [8] Undefined variable: noti F:\phpStudy\WWW\legacy\App\Runtime\Cache\Home\00e52909bed743ea261af4b6823297ff.php ç¬¬ 151 è¡Œ.
NOTIC: [8] Undefined variable: noti F:\phpStudy\WWW\legacy\App\Runtime\Cache\Home\00e52909bed743ea261af4b6823297ff.php ç¬¬ 151 è¡Œ.
NOTIC: [8] Undefined variable: noti F:\phpStudy\WWW\legacy\App\Runtime\Cache\Home\00e52909bed743ea261af4b6823297ff.php ç¬¬ 151 è¡Œ.
NOTIC: [8] Undefined variable: noti F:\phpStudy\WWW\legacy\App\Runtime\Cache\Home\00e52909bed743ea261af4b6823297ff.php ç¬¬ 151 è¡Œ.
NOTIC: [8] Undefined variable: noti F:\phpStudy\WWW\legacy\App\Runtime\Cache\Home\00e52909bed743ea261af4b6823297ff.php ç¬¬ 151 è¡Œ.
NOTIC: [8] Undefined variable: noti F:\phpStudy\WWW\legacy\App\Runtime\Cache\Home\00e52909bed743ea261af4b6823297ff.php ç¬¬ 151 è¡Œ.
NOTIC: [8] Undefined index: birthPlace F:\phpStudy\WWW\legacy\App\Runtime\Cache\Home\00e52909bed743ea261af4b6823297ff.php ç¬¬ 299 è¡Œ.
INFO: Run Behavior\ParseTemplateBehavior [ RunTime:0.966577s ]
INFO: [ view_parse ] --END-- [ RunTime:0.966889s ]
INFO: [ view_filter ] --START--
INFO: Run Behavior\WriteHtmlCacheBehavior [ RunTime:0.126897s ]
INFO: [ view_filter ] --END-- [ RunTime:0.127058s ]
INFO: [ app_end ] --START--
INFO: Run Behavior\ShowPageTraceBehavior [ RunTime:0.543759s ]
INFO: [ app_end ] --END-- [ RunTime:0.543980s ]

[ 2020-06-28T11:11:27+08:00 ] ::1 /legacy/Public/bootstrap/js/jquery.min.js
INFO: [ app_init ] --START--
INFO: Run Behavior\BuildLiteBehavior [ RunTime:0.000014s ]
INFO: [ app_init ] --END-- [ RunTime:0.000498s ]
INFO: [ app_begin ] --START--
INFO: Run Behavior\ReadHtmlCacheBehavior [ RunTime:0.000859s ]
INFO: [ app_begin ] --END-- [ RunTime:0.000911s ]
INFO: [ view_parse ] --START--
INFO: [ template_filter ] --START--
INFO: Run Behavior\ContentReplaceBehavior [ RunTime:0.000034s ]
INFO: [ template_filter ] --END-- [ RunTime:0.000089s ]
INFO: Run Behavior\ParseTemplateBehavior [ RunTime:0.361723s ]
INFO: [ view_parse ] --END-- [ RunTime:0.361781s ]
INFO: [ view_filter ] --START--
INFO: Run Behavior\WriteHtmlCacheBehavior [ RunTime:0.000669s ]
INFO: [ view_filter ] --END-- [ RunTime:0.000724s ]

[ 2020-06-28T11:12:10+08:00 ] ::1 /legacy/Public/Admin/js/jquery-3.4.1.js
INFO: [ app_init ] --START--
INFO: Run Behavior\BuildLiteBehavior [ RunTime:0.000017s ]
INFO: [ app_init ] --END-- [ RunTime:0.000686s ]
INFO: [ app_begin ] --START--
INFO: Run Behavior\ReadHtmlCacheBehavior [ RunTime:0.002533s ]
INFO: [ app_begin ] --END-- [ RunTime:0.002674s ]
INFO: [ view_parse ] --START--
INFO: [ template_filter ] --START--
INFO: Run Behavior\ContentReplaceBehavior [ RunTime:0.000037s ]
INFO: [ template_filter ] --END-- [ RunTime:0.000120s ]
INFO: Run Behavior\ParseTemplateBehavior [ RunTime:0.010488s ]
INFO: [ view_parse ] --END-- [ RunTime:0.010553s ]
INFO: [ view_filter ] --START--
INFO: Run Behavior\WriteHtmlCacheBehavior [ RunTime:0.000642s ]
INFO: [ view_filter ] --END-- [ RunTime:0.000686s ]

[ 2020-06-28T11:23:57+08:00 ] ::1 /legacy/
INFO: [ app_init ] --START--
INFO: Run Behavior\BuildLiteBehavior [ RunTime:0.000012s ]
INFO: [ app_init ] --END-- [ RunTime:0.000504s ]
INFO: [ app_begin ] --START--
INFO: Run Behavior\ReadHtmlCacheBehavior [ RunTime:0.000846s ]
INFO: [ app_begin ] --END-- [ RunTime:0.000897s ]
SQL: SHOW COLUMNS FROM `tb_picture` [ RunTime:0.020199s ]
ERR: 1146:Table 'db_culture.tb_picture' doesn't exist
 [ SQLè¯­å¥ ] : SHOW COLUMNS FROM `tb_picture`
SQL: SELECT * FROM `tb_picture` WHERE `type` = 'slide'  [ RunTime:0.000908s ]
ERR: 1146:Table 'db_culture.tb_picture' doesn't exist
 [ SQLè¯­å¥ ] : SELECT * FROM `tb_picture` WHERE `type` = 'slide' 
SQL: SHOW COLUMNS FROM `tb_notice` [ RunTime:0.012198s ]
SQL: SELECT COUNT(*) AS tp_count FROM `tb_notice` WHERE ( id>=1 ) LIMIT 1   [ RunTime:0.000533s ]
SQL: SELECT * FROM `tb_notice` WHERE ( id>=1 ) ORDER BY `time` desc LIMIT 0,10   [ RunTime:0.000961s ]
SQL: SHOW COLUMNS FROM `tb_policy` [ RunTime:0.011623s ]
SQL: SELECT * FROM `tb_policy` WHERE ( id>=1 ) ORDER BY `time` desc  [ RunTime:0.000976s ]
SQL: SHOW COLUMNS FROM `tb_director` [ RunTime:0.012373s ]
SQL: SELECT * FROM `tb_director` WHERE `type` = 'ä¼ ç»Ÿæˆå‰§' ORDER BY `Did` asc  [ RunTime:0.000510s ]
SQL: SELECT * FROM `tb_director` WHERE `type` = 'æ°‘é—´éŸ³ä¹' ORDER BY `Did` asc  [ RunTime:0.000629s ]
SQL: SELECT * FROM `tb_director` WHERE `type` = 'æ°‘é—´èˆžè¹ˆ' ORDER BY `Did` asc  [ RunTime:0.000413s ]
SQL: SELECT * FROM `tb_director` WHERE `type` = 'ä¼ ç»Ÿæ‰‹å·¥æŠ€è‰\º' ORDER BY `Did` asc  [ RunTime:0.000503s ]
SQL: SHOW COLUMNS FROM `tb_dynamic` [ RunTime:0.006455s ]
SQL: SELECT * FROM `tb_dynamic` WHERE ( id>=1 ) ORDER BY `time` desc  [ RunTime:0.000443s ]
SQL: SHOW COLUMNS FROM `tb_inheritor` [ RunTime:0.006967s ]
SQL: SELECT * FROM `tb_inheritor` WHERE ( id=1 ) LIMIT 1   [ RunTime:0.000358s ]
SQL: SHOW COLUMNS FROM `tb_country` [ RunTime:0.006803s ]
ERR: 1146:Table 'db_culture.tb_country' doesn't exist
 [ SQLè¯­å¥ ] : SHOW COLUMNS FROM `tb_country`
SQL: SELECT * FROM `tb_country` WHERE ( id>=1 ) ORDER BY `id` asc  [ RunTime:0.000572s ]
ERR: 1146:Table 'db_culture.tb_country' doesn't exist
 [ SQLè¯­å¥ ] : SELECT * FROM `tb_country` WHERE ( id>=1 ) ORDER BY `id` asc 
INFO: [ view_parse ] --START--
INFO: [ template_filter ] --START--
INFO: Run Behavior\ContentReplaceBehavior [ RunTime:0.000320s ]
INFO: [ template_filter ] --END-- [ RunTime:0.000456s ]
NOTIC: [8] Undefined variable: noti F:\phpStudy\WWW\legacy\App\Runtime\Cache\Home\00e52909bed743ea261af4b6823297ff.php ç¬¬ 151 è¡Œ.
NOTIC: [8] Undefined variable: noti F:\phpStudy\WWW\legacy\App\Runtime\Cache\Home\00e52909bed743ea261af4b6823297ff.php ç¬¬ 151 è¡Œ.
NOTIC: [8] Undefined variable: noti F:\phpStudy\WWW\legacy\App\Runtime\Cache\Home\00e52909bed743ea261af4b6823297ff.php ç¬¬ 151 è¡Œ.
NOTIC: [8] Undefined variable: noti F:\phpStudy\WWW\legacy\App\Runtime\Cache\Home\00e52909bed743ea261af4b6823297ff.php ç¬¬ 151 è¡Œ.
NOTIC: [8] Undefined variable: noti F:\phpStudy\WWW\legacy\App\Runtime\Cache\Home\00e52909bed743ea261af4b6823297ff.php ç¬¬ 151 è¡Œ.
NOTIC: [8] Undefined variable: noti F:\phpStudy\WWW\legacy\App\Runtime\Cache\Home\00e52909bed743ea261af4b6823297ff.php ç¬¬ 151 è¡Œ.
NOTIC: [8] Undefined variable: noti F:\phpStudy\WWW\legacy\App\Runtime\Cache\Home\00e52909bed743ea261af4b6823297ff.php ç¬¬ 151 è¡Œ.
NOTIC: [8] Undefined variable: noti F:\phpStudy\WWW\legacy\App\Runtime\Cache\Home\00e52909bed743ea261af4b6823297ff.php ç¬¬ 151 è¡Œ.
NOTIC: [8] Undefined variable: noti F:\phpStudy\WWW\legacy\App\Runtime\Cache\Home\00e52909bed743ea261af4b6823297ff.php ç¬¬ 151 è¡Œ.
NOTIC: [8] Undefined variable: noti F:\phpStudy\WWW\legacy\App\Runtime\Cache\Home\00e52909bed743ea261af4b6823297ff.php ç¬¬ 151 è¡Œ.
NOTIC: [8] Undefined index: birthPlace F:\phpStudy\WWW\legacy\App\Runtime\Cache\Home\00e52909bed743ea261af4b6823297ff.php ç¬¬ 299 è¡Œ.
INFO: Run Behavior\ParseTemplateBehavior [ RunTime:0.150387s ]
INFO: [ view_parse ] --END-- [ RunTime:0.150461s ]
INFO: [ view_filter ] --START--
INFO: Run Behavior\WriteHtmlCacheBehavior [ RunTime:0.000789s ]
INFO: [ view_filter ] --END-- [ RunTime:0.000832s ]
INFO: [ app_end ] --START--
INFO: Run Behavior\ShowPageTraceBehavior [ RunTime:0.001499s ]
INFO: [ app_end ] --END-- [ RunTime:0.001599s ]

[ 2020-06-28T11:23:58+08:00 ] ::1 /legacy/Public/bootstrap/js/jquery.min.js
INFO: [ app_init ] --START--
INFO: Run Behavior\BuildLiteBehavior [ RunTime:0.000013s ]
INFO: [ app_init ] --END-- [ RunTime:0.000504s ]
INFO: [ app_begin ] --START--
INFO: Run Behavior\ReadHtmlCacheBehavior [ RunTime:0.001148s ]
INFO: [ app_begin ] --END-- [ RunTime:0.001228s ]
INFO: [ view_parse ] --START--
INFO: [ template_filter ] --START--
INFO: Run Behavior\ContentReplaceBehavior [ RunTime:0.000050s ]
INFO: [ template_filter ] --END-- [ RunTime:0.000147s ]
INFO: Run Behavior\ParseTemplateBehavior [ RunTime:0.009645s ]
INFO: [ view_parse ] --END-- [ RunTime:0.009803s ]
INFO: [ view_filter ] --START--
INFO: Run Behavior\WriteHtmlCacheBehavior [ RunTime:0.001000s ]
INFO: [ view_filter ] --END-- [ RunTime:0.001060s ]

[ 2020-06-28T21:05:24+08:00 ] ::1 /legacy/index.php
INFO: [ app_init ] --START--
INFO: Run Behavior\BuildLiteBehavior [ RunTime:0.000047s ]
INFO: [ app_init ] --END-- [ RunTime:0.127647s ]
INFO: [ app_begin ] --START--
INFO: Run Behavior\ReadHtmlCacheBehavior [ RunTime:0.013324s ]
INFO: [ app_begin ] --END-- [ RunTime:0.013413s ]
SQL: SHOW COLUMNS FROM `tb_picture` [ RunTime:0.566564s ]
ERR: 1146:Table 'db_culture.tb_picture' doesn't exist
 [ SQLè¯­å¥ ] : SHOW COLUMNS FROM `tb_picture`
SQL: SELECT * FROM `tb_picture` WHERE `type` = 'slide'  [ RunTime:0.043603s ]
ERR: 1146:Table 'db_culture.tb_picture' doesn't exist
 [ SQLè¯­å¥ ] : SELECT * FROM `tb_picture` WHERE `type` = 'slide' 
SQL: SHOW COLUMNS FROM `tb_notice` [ RunTime:0.383277s ]
SQL: SELECT COUNT(*) AS tp_count FROM `tb_notice` WHERE ( id>=1 ) LIMIT 1   [ RunTime:0.073330s ]
SQL: SELECT * FROM `tb_notice` WHERE ( id>=1 ) ORDER BY `time` desc LIMIT 0,10   [ RunTime:0.062454s ]
SQL: SHOW COLUMNS FROM `tb_policy` [ RunTime:0.038388s ]
SQL: SELECT * FROM `tb_policy` WHERE ( id>=1 ) ORDER BY `time` desc  [ RunTime:0.062867s ]
SQL: SHOW COLUMNS FROM `tb_director` [ RunTime:0.104310s ]
SQL: SELECT * FROM `tb_director` WHERE `type` = 'ä¼ ç»Ÿæˆå‰§' ORDER BY `Did` asc  [ RunTime:0.032832s ]
SQL: SELECT * FROM `tb_director` WHERE `type` = 'æ°‘é—´éŸ³ä¹' ORDER BY `Did` asc  [ RunTime:0.000790s ]
SQL: SELECT * FROM `tb_director` WHERE `type` = 'æ°‘é—´èˆžè¹ˆ' ORDER BY `Did` asc  [ RunTime:0.000440s ]
SQL: SELECT * FROM `tb_director` WHERE `type` = 'ä¼ ç»Ÿæ‰‹å·¥æŠ€è‰\º' ORDER BY `Did` asc  [ RunTime:0.000529s ]
SQL: SHOW COLUMNS FROM `tb_dynamic` [ RunTime:0.066258s ]
SQL: SELECT * FROM `tb_dynamic` WHERE ( id>=1 ) ORDER BY `time` desc  [ RunTime:0.021743s ]
SQL: SHOW COLUMNS FROM `tb_inheritor` [ RunTime:0.036788s ]
SQL: SELECT * FROM `tb_inheritor` WHERE ( id=1 ) LIMIT 1   [ RunTime:0.033423s ]
SQL: SHOW COLUMNS FROM `tb_country` [ RunTime:0.006349s ]
ERR: 1146:Table 'db_culture.tb_country' doesn't exist
 [ SQLè¯­å¥ ] : SHOW COLUMNS FROM `tb_country`
SQL: SELECT * FROM `tb_country` WHERE ( id>=1 ) ORDER BY `id` asc  [ RunTime:0.000862s ]
ERR: 1146:Table 'db_culture.tb_country' doesn't exist
 [ SQLè¯­å¥ ] : SELECT * FROM `tb_country` WHERE ( id>=1 ) ORDER BY `id` asc 
INFO: [ view_parse ] --START--
INFO: [ template_filter ] --START--
INFO: Run Behavior\ContentReplaceBehavior [ RunTime:0.000105s ]
INFO: [ template_filter ] --END-- [ RunTime:0.000159s ]
NOTIC: [8] Undefined variable: noti F:\phpStudy\WWW\legacy\App\Runtime\Cache\Home\00e52909bed743ea261af4b6823297ff.php ç¬¬ 151 è¡Œ.
NOTIC: [8] Undefined variable: noti F:\phpStudy\WWW\legacy\App\Runtime\Cache\Home\00e52909bed743ea261af4b6823297ff.php ç¬¬ 151 è¡Œ.
NOTIC: [8] Undefined variable: noti F:\phpStudy\WWW\legacy\App\Runtime\Cache\Home\00e52909bed743ea261af4b6823297ff.php ç¬¬ 151 è¡Œ.
NOTIC: [8] Undefined variable: noti F:\phpStudy\WWW\legacy\App\Runtime\Cache\Home\00e52909bed743ea261af4b6823297ff.php ç¬¬ 151 è¡Œ.
NOTIC: [8] Undefined variable: noti F:\phpStudy\WWW\legacy\App\Runtime\Cache\Home\00e52909bed743ea261af4b6823297ff.php ç¬¬ 151 è¡Œ.
NOTIC: [8] Undefined variable: noti F:\phpStudy\WWW\legacy\App\Runtime\Cache\Home\00e52909bed743ea261af4b6823297ff.php ç¬¬ 151 è¡Œ.
NOTIC: [8] Undefined variable: noti F:\phpStudy\WWW\legacy\App\Runtime\Cache\Home\00e52909bed743ea261af4b6823297ff.php ç¬¬ 151 è¡Œ.
NOTIC: [8] Undefined variable: noti F:\phpStudy\WWW\legacy\App\Runtime\Cache\Home\00e52909bed743ea261af4b6823297ff.php ç¬¬ 151 è¡Œ.
NOTIC: [8] Undefined variable: noti F:\phpStudy\WWW\legacy\App\Runtime\Cache\Home\00e52909bed743ea261af4b6823297ff.php ç¬¬ 151 è¡Œ.
NOTIC: [8] Undefined variable: noti F:\phpStudy\WWW\legacy\App\Runtime\Cache\Home\00e52909bed743ea261af4b6823297ff.php ç¬¬ 151 è¡Œ.
NOTIC: [8] Undefined index: birthPlace F:\phpStudy\WWW\legacy\App\Runtime\Cache\Home\00e52909bed743ea261af4b6823297ff.php ç¬¬ 299 è¡Œ.
INFO: Run Behavior\ParseTemplateBehavior [ RunTime:0.602827s ]
INFO: [ view_parse ] --END-- [ RunTime:0.602894s ]
INFO: [ view_filter ] --START--
INFO: Run Behavior\WriteHtmlCacheBehavior [ RunTime:0.009608s ]
INFO: [ view_filter ] --END-- [ RunTime:0.009657s ]
INFO: [ app_end ] --START--
INFO: Run Behavior\ShowPageTraceBehavior [ RunTime:0.003409s ]
INFO: [ app_end ] --END-- [ RunTime:0.003643s ]

[ 2020-06-28T21:05:25+08:00 ] ::1 /legacy/Public/bootstrap/js/jquery.min.js
INFO: [ app_init ] --START--
INFO: Run Behavior\BuildLiteBehavior [ RunTime:0.000013s ]
INFO: [ app_init ] --END-- [ RunTime:0.000498s ]
INFO: [ app_begin ] --START--
INFO: Run Behavior\ReadHtmlCacheBehavior [ RunTime:0.000810s ]
INFO: [ app_begin ] --END-- [ RunTime:0.000862s ]
INFO: [ view_parse ] --START--
INFO: [ template_filter ] --START--
INFO: Run Behavior\ContentReplaceBehavior [ RunTime:0.000033s ]
INFO: [ template_filter ] --END-- [ RunTime:0.000088s ]
INFO: Run Behavior\ParseTemplateBehavior [ RunTime:0.239282s ]
INFO: [ view_parse ] --END-- [ RunTime:0.239444s ]
INFO: [ view_filter ] --START--
INFO: Run Behavior\WriteHtmlCacheBehavior [ RunTime:0.000874s ]
INFO: [ view_filter ] --END-- [ RunTime:0.000925s ]

[ 2020-06-28T21:05:31+08:00 ] ::1 /legacy/Public/Admin/js/jquery-3.4.1.js
INFO: [ app_init ] --START--
INFO: Run Behavior\BuildLiteBehavior [ RunTime:0.000014s ]
INFO: [ app_init ] --END-- [ RunTime:0.000590s ]
INFO: [ app_begin ] --START--
INFO: Run Behavior\ReadHtmlCacheBehavior [ RunTime:0.000866s ]
INFO: [ app_begin ] --END-- [ RunTime:0.000918s ]
INFO: [ view_parse ] --START--
INFO: [ template_filter ] --START--
INFO: Run Behavior\ContentReplaceBehavior [ RunTime:0.000034s ]
INFO: [ template_filter ] --END-- [ RunTime:0.000088s ]
INFO: Run Behavior\ParseTemplateBehavior [ RunTime:0.008334s ]
INFO: [ view_parse ] --END-- [ RunTime:0.008388s ]
INFO: [ view_filter ] --START--
INFO: Run Behavior\WriteHtmlCacheBehavior [ RunTime:0.000670s ]
INFO: [ view_filter ] --END-- [ RunTime:0.000712s ]

[ 2020-06-28T21:49:40+08:00 ] ::1 /legacy/index.php
INFO: [ app_init ] --START--
INFO: Run Behavior\BuildLiteBehavior [ RunTime:0.000018s ]
INFO: [ app_init ] --END-- [ RunTime:0.015606s ]
INFO: [ app_begin ] --START--
INFO: Run Behavior\ReadHtmlCacheBehavior [ RunTime:0.435064s ]
INFO: [ app_begin ] --END-- [ RunTime:0.435253s ]
SQL: SHOW COLUMNS FROM `tb_picture` [ RunTime:0.391878s ]
ERR: 1146:Table 'db_culture.tb_picture' doesn't exist
 [ SQLè¯­å¥ ] : SHOW COLUMNS FROM `tb_picture`
SQL: SELECT * FROM `tb_picture` WHERE `type` = 'slide'  [ RunTime:0.001618s ]
ERR: 1146:Table 'db_culture.tb_picture' doesn't exist
 [ SQLè¯­å¥ ] : SELECT * FROM `tb_picture` WHERE `type` = 'slide' 
SQL: SHOW COLUMNS FROM `tb_notice` [ RunTime:0.486043s ]
SQL: SELECT COUNT(*) AS tp_count FROM `tb_notice` WHERE ( id>=1 ) LIMIT 1   [ RunTime:0.169649s ]
SQL: SELECT * FROM `tb_notice` WHERE ( id>=1 ) ORDER BY `time` desc LIMIT 0,10   [ RunTime:0.278629s ]
SQL: SHOW COLUMNS FROM `tb_policy` [ RunTime:0.404411s ]
SQL: SELECT * FROM `tb_policy` WHERE ( id>=1 ) ORDER BY `time` desc  [ RunTime:0.281965s ]
SQL: SHOW COLUMNS FROM `tb_director` [ RunTime:0.512594s ]
SQL: SELECT * FROM `tb_director` WHERE `type` = 'ä¼ ç»Ÿæˆå‰§' ORDER BY `Did` asc  [ RunTime:0.159127s ]
SQL: SELECT * FROM `tb_director` WHERE `type` = 'æ°‘é—´éŸ³ä¹' ORDER BY `Did` asc  [ RunTime:0.059921s ]
SQL: SELECT * FROM `tb_director` WHERE `type` = 'æ°‘é—´èˆžè¹ˆ' ORDER BY `Did` asc  [ RunTime:0.002015s ]
SQL: SELECT * FROM `tb_director` WHERE `type` = 'ä¼ ç»Ÿæ‰‹å·¥æŠ€è‰\º' ORDER BY `Did` asc  [ RunTime:0.001458s ]
SQL: SHOW COLUMNS FROM `tb_dynamic` [ RunTime:0.316149s ]
SQL: SELECT * FROM `tb_dynamic` WHERE ( id>=1 ) ORDER BY `time` desc  [ RunTime:0.025530s ]
SQL: SHOW COLUMNS FROM `tb_inheritor` [ RunTime:0.022398s ]
SQL: SELECT * FROM `tb_inheritor` WHERE ( id=1 ) LIMIT 1   [ RunTime:0.000496s ]
SQL: SHOW COLUMNS FROM `tb_country` [ RunTime:0.013586s ]
ERR: 1146:Table 'db_culture.tb_country' doesn't exist
 [ SQLè¯­å¥ ] : SHOW COLUMNS FROM `tb_country`
SQL: SELECT * FROM `tb_country` WHERE ( id>=1 ) ORDER BY `id` asc  [ RunTime:0.001224s ]
ERR: 1146:Table 'db_culture.tb_country' doesn't exist
 [ SQLè¯­å¥ ] : SELECT * FROM `tb_country` WHERE ( id>=1 ) ORDER BY `id` asc 
INFO: [ view_parse ] --START--
INFO: [ template_filter ] --START--
INFO: Run Behavior\ContentReplaceBehavior [ RunTime:0.000100s ]
INFO: [ template_filter ] --END-- [ RunTime:0.000155s ]
NOTIC: [8] Undefined variable: noti F:\phpStudy\WWW\legacy\App\Runtime\Cache\Home\00e52909bed743ea261af4b6823297ff.php ç¬¬ 151 è¡Œ.
NOTIC: [8] Undefined variable: noti F:\phpStudy\WWW\legacy\App\Runtime\Cache\Home\00e52909bed743ea261af4b6823297ff.php ç¬¬ 151 è¡Œ.
NOTIC: [8] Undefined variable: noti F:\phpStudy\WWW\legacy\App\Runtime\Cache\Home\00e52909bed743ea261af4b6823297ff.php ç¬¬ 151 è¡Œ.
NOTIC: [8] Undefined variable: noti F:\phpStudy\WWW\legacy\App\Runtime\Cache\Home\00e52909bed743ea261af4b6823297ff.php ç¬¬ 151 è¡Œ.
NOTIC: [8] Undefined variable: noti F:\phpStudy\WWW\legacy\App\Runtime\Cache\Home\00e52909bed743ea261af4b6823297ff.php ç¬¬ 151 è¡Œ.
NOTIC: [8] Undefined variable: noti F:\phpStudy\WWW\legacy\App\Runtime\Cache\Home\00e52909bed743ea261af4b6823297ff.php ç¬¬ 151 è¡Œ.
NOTIC: [8] Undefined variable: noti F:\phpStudy\WWW\legacy\App\Runtime\Cache\Home\00e52909bed743ea261af4b6823297ff.php ç¬¬ 151 è¡Œ.
NOTIC: [8] Undefined variable: noti F:\phpStudy\WWW\legacy\App\Runtime\Cache\Home\00e52909bed743ea261af4b6823297ff.php ç¬¬ 151 è¡Œ.
NOTIC: [8] Undefined variable: noti F:\phpStudy\WWW\legacy\App\Runtime\Cache\Home\00e52909bed743ea261af4b6823297ff.php ç¬¬ 151 è¡Œ.
NOTIC: [8] Undefined variable: noti F:\phpStudy\WWW\legacy\App\Runtime\Cache\Home\00e52909bed743ea261af4b6823297ff.php ç¬¬ 151 è¡Œ.
NOTIC: [8] Undefined index: birthPlace F:\phpStudy\WWW\legacy\App\Runtime\Cache\Home\00e52909bed743ea261af4b6823297ff.php ç¬¬ 299 è¡Œ.
INFO: Run Behavior\ParseTemplateBehavior [ RunTime:0.891781s ]
INFO: [ view_parse ] --END-- [ RunTime:0.891943s ]
INFO: [ view_filter ] --START--
INFO: Run Behavior\WriteHtmlCacheBehavior [ RunTime:0.099333s ]
INFO: [ view_filter ] --END-- [ RunTime:0.099432s ]
INFO: [ app_end ] --START--
INFO: Run Behavior\ShowPageTraceBehavior [ RunTime:0.010467s ]
INFO: [ app_end ] --END-- [ RunTime:0.010586s ]

[ 2020-06-28T21:49:42+08:00 ] ::1 /legacy/Public/bootstrap/js/jquery.min.js
INFO: [ app_init ] --START--
INFO: Run Behavior\BuildLiteBehavior [ RunTime:0.000018s ]
INFO: [ app_init ] --END-- [ RunTime:0.000703s ]
INFO: [ app_begin ] --START--
INFO: Run Behavior\ReadHtmlCacheBehavior [ RunTime:0.001155s ]
INFO: [ app_begin ] --END-- [ RunTime:0.001235s ]
INFO: [ view_parse ] --START--
INFO: [ template_filter ] --START--
INFO: Run Behavior\ContentReplaceBehavior [ RunTime:0.000154s ]
INFO: [ template_filter ] --END-- [ RunTime:0.000612s ]
INFO: Run Behavior\ParseTemplateBehavior [ RunTime:0.241027s ]
INFO: [ view_parse ] --END-- [ RunTime:0.241117s ]
INFO: [ view_filter ] --START--
INFO: Run Behavior\WriteHtmlCacheBehavior [ RunTime:0.000885s ]
INFO: [ view_filter ] --END-- [ RunTime:0.000986s ]

[ 2020-06-28T22:06:20+08:00 ] ::1 /legacy/index.php
INFO: [ app_init ] --START--
INFO: Run Behavior\BuildLiteBehavior [ RunTime:0.000038s ]
INFO: [ app_init ] --END-- [ RunTime:0.026191s ]
INFO: [ app_begin ] --START--
INFO: Run Behavior\ReadHtmlCacheBehavior [ RunTime:0.041492s ]
INFO: [ app_begin ] --END-- [ RunTime:0.041607s ]
SQL: SHOW COLUMNS FROM `tb_picture` [ RunTime:0.244486s ]
ERR: 1146:Table 'db_culture.tb_picture' doesn't exist
 [ SQLè¯­å¥ ] : SHOW COLUMNS FROM `tb_picture`
SQL: SELECT * FROM `tb_picture` WHERE `type` = 'slide'  [ RunTime:0.037674s ]
ERR: 1146:Table 'db_culture.tb_picture' doesn't exist
 [ SQLè¯­å¥ ] : SELECT * FROM `tb_picture` WHERE `type` = 'slide' 
SQL: SHOW COLUMNS FROM `tb_notice` [ RunTime:0.081527s ]
SQL: SELECT COUNT(*) AS tp_count FROM `tb_notice` WHERE ( id>=1 ) LIMIT 1   [ RunTime:0.260297s ]
SQL: SELECT * FROM `tb_notice` WHERE ( id>=1 ) ORDER BY `time` desc LIMIT 0,10   [ RunTime:0.017499s ]
SQL: SHOW COLUMNS FROM `tb_policy` [ RunTime:0.106768s ]
SQL: SELECT * FROM `tb_policy` WHERE ( id>=1 ) ORDER BY `time` desc  [ RunTime:0.026500s ]
SQL: SHOW COLUMNS FROM `tb_director` [ RunTime:0.418871s ]
SQL: SELECT * FROM `tb_director` WHERE `type` = 'ä¼ ç»Ÿæˆå‰§' ORDER BY `Did` asc  [ RunTime:0.058212s ]
SQL: SELECT * FROM `tb_director` WHERE `type` = 'æ°‘é—´éŸ³ä¹' ORDER BY `Did` asc  [ RunTime:0.000922s ]
SQL: SELECT * FROM `tb_director` WHERE `type` = 'æ°‘é—´èˆžè¹ˆ' ORDER BY `Did` asc  [ RunTime:0.000502s ]
SQL: SELECT * FROM `tb_director` WHERE `type` = 'ä¼ ç»Ÿæ‰‹å·¥æŠ€è‰\º' ORDER BY `Did` asc  [ RunTime:0.000598s ]
SQL: SHOW COLUMNS FROM `tb_dynamic` [ RunTime:0.039179s ]
SQL: SELECT * FROM `tb_dynamic` WHERE ( id>=1 ) ORDER BY `time` desc  [ RunTime:0.049097s ]
SQL: SHOW COLUMNS FROM `tb_inheritor` [ RunTime:0.078030s ]
SQL: SELECT * FROM `tb_inheritor` WHERE ( id=1 ) LIMIT 1   [ RunTime:0.024266s ]
SQL: SHOW COLUMNS FROM `tb_country` [ RunTime:0.015750s ]
ERR: 1146:Table 'db_culture.tb_country' doesn't exist
 [ SQLè¯­å¥ ] : SHOW COLUMNS FROM `tb_country`
SQL: SELECT * FROM `tb_country` WHERE ( id>=1 ) ORDER BY `id` asc  [ RunTime:0.001827s ]
ERR: 1146:Table 'db_culture.tb_country' doesn't exist
 [ SQLè¯­å¥ ] : SELECT * FROM `tb_country` WHERE ( id>=1 ) ORDER BY `id` asc 
INFO: [ view_parse ] --START--
INFO: [ template_filter ] --START--
INFO: Run Behavior\ContentReplaceBehavior [ RunTime:0.000497s ]
INFO: [ template_filter ] --END-- [ RunTime:0.000722s ]
NOTIC: [8] Undefined variable: noti F:\phpStudy\WWW\legacy\App\Runtime\Cache\Home\00e52909bed743ea261af4b6823297ff.php ç¬¬ 151 è¡Œ.
NOTIC: [8] Undefined variable: noti F:\phpStudy\WWW\legacy\App\Runtime\Cache\Home\00e52909bed743ea261af4b6823297ff.php ç¬¬ 151 è¡Œ.
NOTIC: [8] Undefined variable: noti F:\phpStudy\WWW\legacy\App\Runtime\Cache\Home\00e52909bed743ea261af4b6823297ff.php ç¬¬ 151 è¡Œ.
NOTIC: [8] Undefined variable: noti F:\phpStudy\WWW\legacy\App\Runtime\Cache\Home\00e52909bed743ea261af4b6823297ff.php ç¬¬ 151 è¡Œ.
NOTIC: [8] Undefined variable: noti F:\phpStudy\WWW\legacy\App\Runtime\Cache\Home\00e52909bed743ea261af4b6823297ff.php ç¬¬ 151 è¡Œ.
NOTIC: [8] Undefined variable: noti F:\phpStudy\WWW\legacy\App\Runtime\Cache\Home\00e52909bed743ea261af4b6823297ff.php ç¬¬ 151 è¡Œ.
NOTIC: [8] Undefined variable: noti F:\phpStudy\WWW\legacy\App\Runtime\Cache\Home\00e52909bed743ea261af4b6823297ff.php ç¬¬ 151 è¡Œ.
NOTIC: [8] Undefined variable: noti F:\phpStudy\WWW\legacy\App\Runtime\Cache\Home\00e52909bed743ea261af4b6823297ff.php ç¬¬ 151 è¡Œ.
NOTIC: [8] Undefined variable: noti F:\phpStudy\WWW\legacy\App\Runtime\Cache\Home\00e52909bed743ea261af4b6823297ff.php ç¬¬ 151 è¡Œ.
NOTIC: [8] Undefined variable: noti F:\phpStudy\WWW\legacy\App\Runtime\Cache\Home\00e52909bed743ea261af4b6823297ff.php ç¬¬ 151 è¡Œ.
NOTIC: [8] Undefined index: birthPlace F:\phpStudy\WWW\legacy\App\Runtime\Cache\Home\00e52909bed743ea261af4b6823297ff.php ç¬¬ 299 è¡Œ.
INFO: Run Behavior\ParseTemplateBehavior [ RunTime:0.620757s ]
INFO: [ view_parse ] --END-- [ RunTime:0.621034s ]
INFO: [ view_filter ] --START--
INFO: Run Behavior\WriteHtmlCacheBehavior [ RunTime:0.037993s ]
INFO: [ view_filter ] --END-- [ RunTime:0.038226s ]
INFO: [ app_end ] --START--
INFO: Run Behavior\ShowPageTraceBehavior [ RunTime:0.008633s ]
INFO: [ app_end ] --END-- [ RunTime:0.009258s ]

[ 2020-06-28T22:06:20+08:00 ] ::1 /legacy/Public/bootstrap/js/jquery.min.js
INFO: [ app_init ] --START--
INFO: Run Behavior\BuildLiteBehavior [ RunTime:0.000015s ]
INFO: [ app_init ] --END-- [ RunTime:0.000603s ]
INFO: [ app_begin ] --START--
INFO: Run Behavior\ReadHtmlCacheBehavior [ RunTime:0.001141s ]
INFO: [ app_begin ] --END-- [ RunTime:0.001239s ]
INFO: [ view_parse ] --START--
INFO: [ template_filter ] --START--
INFO: Run Behavior\ContentReplaceBehavior [ RunTime:0.000079s ]
INFO: [ template_filter ] --END-- [ RunTime:0.000203s ]
INFO: Run Behavior\ParseTemplateBehavior [ RunTime:0.044494s ]
INFO: [ view_parse ] --END-- [ RunTime:0.044694s ]
INFO: [ view_filter ] --START--
INFO: Run Behavior\WriteHtmlCacheBehavior [ RunTime:0.002885s ]
INFO: [ view_filter ] --END-- [ RunTime:0.003045s ]

[ 2020-06-28T22:06:59+08:00 ] ::1 /legacy/Resource/shop.html
INFO: [ app_init ] --START--
INFO: Run Behavior\BuildLiteBehavior [ RunTime:0.000042s ]
INFO: [ app_init ] --END-- [ RunTime:0.001741s ]
INFO: [ app_begin ] --START--
INFO: Run Behavior\ReadHtmlCacheBehavior [ RunTime:0.001506s ]
INFO: [ app_begin ] --END-- [ RunTime:0.001602s ]
SQL: SHOW COLUMNS FROM `tb_goods` [ RunTime:0.085871s ]
SQL: SELECT * FROM `tb_goods` WHERE ( gid>0 ) ORDER BY `gid` asc  [ RunTime:0.063941s ]
INFO: [ view_parse ] --START--
INFO: [ template_filter ] --START--
INFO: Run Behavior\ContentReplaceBehavior [ RunTime:0.000203s ]
INFO: [ template_filter ] --END-- [ RunTime:0.000344s ]
INFO: Run Behavior\ParseTemplateBehavior [ RunTime:0.085255s ]
INFO: [ view_parse ] --END-- [ RunTime:0.085381s ]
INFO: [ view_filter ] --START--
INFO: Run Behavior\WriteHtmlCacheBehavior [ RunTime:0.000686s ]
INFO: [ view_filter ] --END-- [ RunTime:0.000733s ]
INFO: [ app_end ] --START--
INFO: Run Behavior\ShowPageTraceBehavior [ RunTime:0.001077s ]
INFO: [ app_end ] --END-- [ RunTime:0.001147s ]

[ 2020-06-28T22:07:19+08:00 ] ::1 /legacy/Resource/single-
INFO: [ app_init ] --START--
INFO: Run Behavior\BuildLiteBehavior [ RunTime:0.000014s ]
INFO: [ app_init ] --END-- [ RunTime:0.000560s ]
INFO: [ app_begin ] --START--
INFO: Run Behavior\ReadHtmlCacheBehavior [ RunTime:0.001346s ]
INFO: [ app_begin ] --END-- [ RunTime:0.001438s ]
ERR: éžæ³•æ“ä½œ:single-

[ 2020-06-28T22:09:59+08:00 ] ::1 /legacy/Policy/index.html
INFO: [ app_init ] --START--
INFO: Run Behavior\BuildLiteBehavior [ RunTime:0.000015s ]
INFO: [ app_init ] --END-- [ RunTime:0.000590s ]
INFO: [ app_begin ] --START--
INFO: Run Behavior\ReadHtmlCacheBehavior [ RunTime:0.000955s ]
INFO: [ app_begin ] --END-- [ RunTime:0.001018s ]
SQL: SHOW COLUMNS FROM `tb_policy` [ RunTime:0.042169s ]
SQL: SELECT COUNT(*) AS tp_count FROM `tb_policy` WHERE `type` = 'China' LIMIT 1   [ RunTime:0.001187s ]
SQL: SELECT * FROM `tb_policy` WHERE `type` = 'China' ORDER BY `time` desc LIMIT 0,15   [ RunTime:0.000702s ]
SQL: SHOW COLUMNS FROM `tb_country` [ RunTime:0.060660s ]
ERR: 1146:Table 'db_culture.tb_country' doesn't exist
 [ SQLè¯­å¥ ] : SHOW COLUMNS FROM `tb_country`
SQL: SELECT * FROM `tb_country` WHERE ( id>=1 ) ORDER BY `id` asc  [ RunTime:0.000499s ]
ERR: 1146:Table 'db_culture.tb_country' doesn't exist
 [ SQLè¯­å¥ ] : SELECT * FROM `tb_country` WHERE ( id>=1 ) ORDER BY `id` asc 
INFO: [ view_parse ] --START--
INFO: [ template_filter ] --START--
INFO: Run Behavior\ContentReplaceBehavior [ RunTime:0.000059s ]
INFO: [ template_filter ] --END-- [ RunTime:0.000122s ]
INFO: Run Behavior\ParseTemplateBehavior [ RunTime:0.072854s ]
INFO: [ view_parse ] --END-- [ RunTime:0.072929s ]
INFO: [ view_filter ] --START--
INFO: Run Behavior\WriteHtmlCacheBehavior [ RunTime:0.010038s ]
INFO: [ view_filter ] --END-- [ RunTime:0.010100s ]
INFO: [ app_end ] --START--
INFO: Run Behavior\ShowPageTraceBehavior [ RunTime:0.001735s ]
INFO: [ app_end ] --END-- [ RunTime:0.001857s ]

[ 2020-06-28T22:09:59+08:00 ] ::1 /legacy/Public/bootstrap/js/jquery.min.js
INFO: [ app_init ] --START--
INFO: Run Behavior\BuildLiteBehavior [ RunTime:0.000013s ]
INFO: [ app_init ] --END-- [ RunTime:0.000502s ]
INFO: [ app_begin ] --START--
INFO: Run Behavior\ReadHtmlCacheBehavior [ RunTime:0.000947s ]
INFO: [ app_begin ] --END-- [ RunTime:0.001002s ]
INFO: [ view_parse ] --START--
INFO: [ template_filter ] --START--
INFO: Run Behavior\ContentReplaceBehavior [ RunTime:0.000033s ]
INFO: [ template_filter ] --END-- [ RunTime:0.000088s ]
INFO: Run Behavior\ParseTemplateBehavior [ RunTime:0.033029s ]
INFO: [ view_parse ] --END-- [ RunTime:0.033084s ]
INFO: [ view_filter ] --START--
INFO: Run Behavior\WriteHtmlCacheBehavior [ RunTime:0.000699s ]
INFO: [ view_filter ] --END-- [ RunTime:0.000743s ]

[ 2020-06-28T22:10:05+08:00 ] ::1 /legacy/Policy/content.html
INFO: [ app_init ] --START--
INFO: Run Behavior\BuildLiteBehavior [ RunTime:0.000029s ]
INFO: [ app_init ] --END-- [ RunTime:0.001152s ]
INFO: [ app_begin ] --START--
INFO: Run Behavior\ReadHtmlCacheBehavior [ RunTime:0.001285s ]
INFO: [ app_begin ] --END-- [ RunTime:0.001370s ]
SQL: SHOW COLUMNS FROM `tb_policy` [ RunTime:0.034079s ]
SQL: SELECT * FROM `tb_policy` WHERE `id` = 10  [ RunTime:0.076679s ]
SQL: SHOW COLUMNS FROM `tb_country` [ RunTime:0.030756s ]
ERR: 1146:Table 'db_culture.tb_country' doesn't exist
 [ SQLè¯­å¥ ] : SHOW COLUMNS FROM `tb_country`
SQL: SELECT * FROM `tb_country` WHERE ( id>=1 ) ORDER BY `id` asc  [ RunTime:0.001718s ]
ERR: 1146:Table 'db_culture.tb_country' doesn't exist
 [ SQLè¯­å¥ ] : SELECT * FROM `tb_country` WHERE ( id>=1 ) ORDER BY `id` asc 
INFO: [ view_parse ] --START--
INFO: [ template_filter ] --START--
INFO: Run Behavior\ContentReplaceBehavior [ RunTime:0.000076s ]
INFO: [ template_filter ] --END-- [ RunTime:0.000157s ]
INFO: Run Behavior\ParseTemplateBehavior [ RunTime:0.107134s ]
INFO: [ view_parse ] --END-- [ RunTime:0.107288s ]
INFO: [ view_filter ] --START--
INFO: Run Behavior\WriteHtmlCacheBehavior [ RunTime:0.001708s ]
INFO: [ view_filter ] --END-- [ RunTime:0.001783s ]
INFO: [ app_end ] --START--
INFO: Run Behavior\ShowPageTraceBehavior [ RunTime:0.001241s ]
INFO: [ app_end ] --END-- [ RunTime:0.001307s ]

[ 2020-06-28T22:10:05+08:00 ] ::1 /legacy/Public/bootstrap/js/jquery.min.js
INFO: [ app_init ] --START--
INFO: Run Behavior\BuildLiteBehavior [ RunTime:0.000013s ]
INFO: [ app_init ] --END-- [ RunTime:0.000526s ]
INFO: [ app_begin ] --START--
INFO: Run Behavior\ReadHtmlCacheBehavior [ RunTime:0.000841s ]
INFO: [ app_begin ] --END-- [ RunTime:0.000896s ]
INFO: [ view_parse ] --START--
INFO: [ template_filter ] --START--
INFO: Run Behavior\ContentReplaceBehavior [ RunTime:0.000033s ]
INFO: [ template_filter ] --END-- [ RunTime:0.000104s ]
INFO: Run Behavior\ParseTemplateBehavior [ RunTime:0.008763s ]
INFO: [ view_parse ] --END-- [ RunTime:0.008816s ]
INFO: [ view_filter ] --START--
INFO: Run Behavior\WriteHtmlCacheBehavior [ RunTime:0.000633s ]
INFO: [ view_filter ] --END-- [ RunTime:0.000677s ]

[ 2020-06-28T22:10:09+08:00 ] ::1 /legacy/Policy/index.html
INFO: [ app_init ] --START--
INFO: Run Behavior\BuildLiteBehavior [ RunTime:0.000014s ]
INFO: [ app_init ] --END-- [ RunTime:0.000529s ]
INFO: [ app_begin ] --START--
INFO: Run Behavior\ReadHtmlCacheBehavior [ RunTime:0.000916s ]
INFO: [ app_begin ] --END-- [ RunTime:0.000981s ]
SQL: SHOW COLUMNS FROM `tb_policy` [ RunTime:0.019807s ]
SQL: SELECT COUNT(*) AS tp_count FROM `tb_policy` WHERE `type` = 'China' LIMIT 1   [ RunTime:0.000729s ]
SQL: SELECT * FROM `tb_policy` WHERE `type` = 'China' ORDER BY `time` desc LIMIT 0,15   [ RunTime:0.001149s ]
SQL: SHOW COLUMNS FROM `tb_country` [ RunTime:0.008642s ]
ERR: 1146:Table 'db_culture.tb_country' doesn't exist
 [ SQLè¯­å¥ ] : SHOW COLUMNS FROM `tb_country`
SQL: SELECT * FROM `tb_country` WHERE ( id>=1 ) ORDER BY `id` asc  [ RunTime:0.000515s ]
ERR: 1146:Table 'db_culture.tb_country' doesn't exist
 [ SQLè¯­å¥ ] : SELECT * FROM `tb_country` WHERE ( id>=1 ) ORDER BY `id` asc 
INFO: [ view_parse ] --START--
INFO: [ template_filter ] --START--
INFO: Run Behavior\ContentReplaceBehavior [ RunTime:0.000055s ]
INFO: [ template_filter ] --END-- [ RunTime:0.000106s ]
INFO: Run Behavior\ParseTemplateBehavior [ RunTime:0.024180s ]
INFO: [ view_parse ] --END-- [ RunTime:0.024241s ]
INFO: [ view_filter ] --START--
INFO: Run Behavior\WriteHtmlCacheBehavior [ RunTime:0.000754s ]
INFO: [ view_filter ] --END-- [ RunTime:0.000797s ]
INFO: [ app_end ] --START--
INFO: Run Behavior\ShowPageTraceBehavior [ RunTime:0.001468s ]
INFO: [ app_end ] --END-- [ RunTime:0.001565s ]

[ 2020-06-28T22:10:09+08:00 ] ::1 /legacy/Public/bootstrap/js/jquery.min.js
INFO: [ app_init ] --START--
INFO: Run Behavior\BuildLiteBehavior [ RunTime:0.000013s ]
INFO: [ app_init ] --END-- [ RunTime:0.000522s ]
INFO: [ app_begin ] --START--
INFO: Run Behavior\ReadHtmlCacheBehavior [ RunTime:0.000828s ]
INFO: [ app_begin ] --END-- [ RunTime:0.000886s ]
INFO: [ view_parse ] --START--
INFO: [ template_filter ] --START--
INFO: Run Behavior\ContentReplaceBehavior [ RunTime:0.000033s ]
INFO: [ template_filter ] --END-- [ RunTime:0.000087s ]
INFO: Run Behavior\ParseTemplateBehavior [ RunTime:0.010459s ]
INFO: [ view_parse ] --END-- [ RunTime:0.010515s ]
INFO: [ view_filter ] --START--
INFO: Run Behavior\WriteHtmlCacheBehavior [ RunTime:0.000703s ]
INFO: [ view_filter ] --END-- [ RunTime:0.000748s ]

[ 2020-06-28T22:10:17+08:00 ] ::1 /legacy/Resource/shop.html
INFO: [ app_init ] --START--
INFO: Run Behavior\BuildLiteBehavior [ RunTime:0.000022s ]
INFO: [ app_init ] --END-- [ RunTime:0.000572s ]
INFO: [ app_begin ] --START--
INFO: Run Behavior\ReadHtmlCacheBehavior [ RunTime:0.000816s ]
INFO: [ app_begin ] --END-- [ RunTime:0.000886s ]
SQL: SHOW COLUMNS FROM `tb_goods` [ RunTime:0.192755s ]
SQL: SELECT * FROM `tb_goods` WHERE ( gid>0 ) ORDER BY `gid` asc  [ RunTime:0.000882s ]
INFO: [ view_parse ] --START--
INFO: [ template_filter ] --START--
INFO: Run Behavior\ContentReplaceBehavior [ RunTime:0.000172s ]
INFO: [ template_filter ] --END-- [ RunTime:0.000257s ]
INFO: Run Behavior\ParseTemplateBehavior [ RunTime:0.021250s ]
INFO: [ view_parse ] --END-- [ RunTime:0.021367s ]
INFO: [ view_filter ] --START--
INFO: Run Behavior\WriteHtmlCacheBehavior [ RunTime:0.001170s ]
INFO: [ view_filter ] --END-- [ RunTime:0.001245s ]
INFO: [ app_end ] --START--
INFO: Run Behavior\ShowPageTraceBehavior [ RunTime:0.001720s ]
INFO: [ app_end ] --END-- [ RunTime:0.001809s ]

[ 2020-06-28T22:10:25+08:00 ] ::1 /legacy/Information/notice.html
INFO: [ app_init ] --START--
INFO: Run Behavior\BuildLiteBehavior [ RunTime:0.000013s ]
INFO: [ app_init ] --END-- [ RunTime:0.000541s ]
INFO: [ app_begin ] --START--
INFO: Run Behavior\ReadHtmlCacheBehavior [ RunTime:0.000846s ]
INFO: [ app_begin ] --END-- [ RunTime:0.000916s ]
SQL: SHOW COLUMNS FROM `tb_notice` [ RunTime:0.029184s ]
SQL: SELECT COUNT(*) AS tp_count FROM `tb_notice` WHERE ( id>=0 ) LIMIT 1   [ RunTime:0.000985s ]
NOTIC: [2] Invalid argument supplied for foreach() F:\phpStudy\WWW\legacy\App\Home\Controller\IndexController.class.php ç¬¬ 109 è¡Œ.
SQL: SELECT * FROM `tb_notice` WHERE ( id>=0 ) ORDER BY `time` desc LIMIT 0,15   [ RunTime:0.043913s ]
SQL: SHOW COLUMNS FROM `tb_country` [ RunTime:0.016438s ]
ERR: 1146:Table 'db_culture.tb_country' doesn't exist
 [ SQLè¯­å¥ ] : SHOW COLUMNS FROM `tb_country`
SQL: SELECT * FROM `tb_country` WHERE ( id>=1 ) ORDER BY `id` asc  [ RunTime:0.000591s ]
ERR: 1146:Table 'db_culture.tb_country' doesn't exist
 [ SQLè¯­å¥ ] : SELECT * FROM `tb_country` WHERE ( id>=1 ) ORDER BY `id` asc 
INFO: [ view_parse ] --START--
INFO: [ template_filter ] --START--
INFO: Run Behavior\ContentReplaceBehavior [ RunTime:0.000068s ]
INFO: [ template_filter ] --END-- [ RunTime:0.000133s ]
INFO: Run Behavior\ParseTemplateBehavior [ RunTime:0.072999s ]
INFO: [ view_parse ] --END-- [ RunTime:0.073074s ]
INFO: [ view_filter ] --START--
INFO: Run Behavior\WriteHtmlCacheBehavior [ RunTime:0.000908s ]
INFO: [ view_filter ] --END-- [ RunTime:0.000963s ]
INFO: [ app_end ] --START--
INFO: Run Behavior\ShowPageTraceBehavior [ RunTime:0.001510s ]
INFO: [ app_end ] --END-- [ RunTime:0.001605s ]

[ 2020-06-28T22:10:25+08:00 ] ::1 /legacy/Public/bootstrap/js/jquery.min.js
INFO: [ app_init ] --START--
INFO: Run Behavior\BuildLiteBehavior [ RunTime:0.000014s ]
INFO: [ app_init ] --END-- [ RunTime:0.000563s ]
INFO: [ app_begin ] --START--
INFO: Run Behavior\ReadHtmlCacheBehavior [ RunTime:0.000868s ]
INFO: [ app_begin ] --END-- [ RunTime:0.000922s ]
INFO: [ view_parse ] --START--
INFO: [ template_filter ] --START--
INFO: Run Behavior\ContentReplaceBehavior [ RunTime:0.000070s ]
INFO: [ template_filter ] --END-- [ RunTime:0.000249s ]
INFO: Run Behavior\ParseTemplateBehavior [ RunTime:0.008218s ]
INFO: [ view_parse ] --END-- [ RunTime:0.008279s ]
INFO: [ view_filter ] --START--
INFO: Run Behavior\WriteHtmlCacheBehavior [ RunTime:0.000697s ]
INFO: [ view_filter ] --END-- [ RunTime:0.000742s ]

[ 2020-06-28T22:10:32+08:00 ] ::1 /legacy/Information/dynamic.html
INFO: [ app_init ] --START--
INFO: Run Behavior\BuildLiteBehavior [ RunTime:0.000012s ]
INFO: [ app_init ] --END-- [ RunTime:0.000460s ]
INFO: [ app_begin ] --START--
INFO: Run Behavior\ReadHtmlCacheBehavior [ RunTime:0.000802s ]
INFO: [ app_begin ] --END-- [ RunTime:0.000853s ]
SQL: SHOW COLUMNS FROM `tb_dynamic` [ RunTime:0.013718s ]
SQL: SELECT COUNT(*) AS tp_count FROM `tb_dynamic` WHERE ( id>=0 ) LIMIT 1   [ RunTime:0.000651s ]
NOTIC: [2] Invalid argument supplied for foreach() F:\phpStudy\WWW\legacy\App\Home\Controller\IndexController.class.php ç¬¬ 109 è¡Œ.
SQL: SELECT * FROM `tb_dynamic` WHERE ( id>=0 ) ORDER BY `time` desc LIMIT 0,15   [ RunTime:0.030998s ]
SQL: SHOW COLUMNS FROM `tb_country` [ RunTime:0.013590s ]
ERR: 1146:Table 'db_culture.tb_country' doesn't exist
 [ SQLè¯­å¥ ] : SHOW COLUMNS FROM `tb_country`
SQL: SELECT * FROM `tb_country` WHERE ( id>=1 ) ORDER BY `id` asc  [ RunTime:0.001163s ]
ERR: 1146:Table 'db_culture.tb_country' doesn't exist
 [ SQLè¯­å¥ ] : SELECT * FROM `tb_country` WHERE ( id>=1 ) ORDER BY `id` asc 
INFO: [ view_parse ] --START--
INFO: [ template_filter ] --START--
INFO: Run Behavior\ContentReplaceBehavior [ RunTime:0.000148s ]
INFO: [ template_filter ] --END-- [ RunTime:0.000293s ]
INFO: Run Behavior\ParseTemplateBehavior [ RunTime:0.075419s ]
INFO: [ view_parse ] --END-- [ RunTime:0.075575s ]
INFO: [ view_filter ] --START--
INFO: Run Behavior\WriteHtmlCacheBehavior [ RunTime:0.001928s ]
INFO: [ view_filter ] --END-- [ RunTime:0.002045s ]
INFO: [ app_end ] --START--
INFO: Run Behavior\ShowPageTraceBehavior [ RunTime:0.002383s ]
INFO: [ app_end ] --END-- [ RunTime:0.002868s ]

[ 2020-06-28T22:10:32+08:00 ] ::1 /legacy/Public/bootstrap/js/jquery.min.js
INFO: [ app_init ] --START--
INFO: Run Behavior\BuildLiteBehavior [ RunTime:0.000013s ]
INFO: [ app_init ] --END-- [ RunTime:0.000515s ]
INFO: [ app_begin ] --START--
INFO: Run Behavior\ReadHtmlCacheBehavior [ RunTime:0.000799s ]
INFO: [ app_begin ] --END-- [ RunTime:0.000851s ]
INFO: [ view_parse ] --START--
INFO: [ template_filter ] --START--
INFO: Run Behavior\ContentReplaceBehavior [ RunTime:0.000032s ]
INFO: [ template_filter ] --END-- [ RunTime:0.000082s ]
INFO: Run Behavior\ParseTemplateBehavior [ RunTime:0.005563s ]
INFO: [ view_parse ] --END-- [ RunTime:0.005615s ]
INFO: [ view_filter ] --START--
INFO: Run Behavior\WriteHtmlCacheBehavior [ RunTime:0.000638s ]
INFO: [ view_filter ] --END-- [ RunTime:0.000680s ]

[ 2020-06-28T22:10:38+08:00 ] ::1 /legacy/Information/dynamic.html
INFO: [ app_init ] --START--
INFO: Run Behavior\BuildLiteBehavior [ RunTime:0.000029s ]
INFO: [ app_init ] --END-- [ RunTime:0.001080s ]
INFO: [ app_begin ] --START--
INFO: Run Behavior\ReadHtmlCacheBehavior [ RunTime:0.001866s ]
INFO: [ app_begin ] --END-- [ RunTime:0.001998s ]
SQL: SHOW COLUMNS FROM `tb_dynamic` [ RunTime:0.007161s ]
SQL: SELECT COUNT(*) AS tp_count FROM `tb_dynamic` WHERE ( id>=0 ) LIMIT 1   [ RunTime:0.000244s ]
NOTIC: [2] Invalid argument supplied for foreach() F:\phpStudy\WWW\legacy\App\Home\Controller\IndexController.class.php ç¬¬ 109 è¡Œ.
SQL: SELECT * FROM `tb_dynamic` WHERE ( id>=0 ) ORDER BY `time` desc LIMIT 0,15   [ RunTime:0.000469s ]
SQL: SHOW COLUMNS FROM `tb_country` [ RunTime:0.007186s ]
ERR: 1146:Table 'db_culture.tb_country' doesn't exist
 [ SQLè¯­å¥ ] : SHOW COLUMNS FROM `tb_country`
SQL: SELECT * FROM `tb_country` WHERE ( id>=1 ) ORDER BY `id` asc  [ RunTime:0.000622s ]
ERR: 1146:Table 'db_culture.tb_country' doesn't exist
 [ SQLè¯­å¥ ] : SELECT * FROM `tb_country` WHERE ( id>=1 ) ORDER BY `id` asc 
INFO: [ view_parse ] --START--
INFO: [ template_filter ] --START--
INFO: Run Behavior\ContentReplaceBehavior [ RunTime:0.000058s ]
INFO: [ template_filter ] --END-- [ RunTime:0.000116s ]
INFO: Run Behavior\ParseTemplateBehavior [ RunTime:0.010935s ]
INFO: [ view_parse ] --END-- [ RunTime:0.011035s ]
INFO: [ view_filter ] --START--
INFO: Run Behavior\WriteHtmlCacheBehavior [ RunTime:0.000835s ]
INFO: [ view_filter ] --END-- [ RunTime:0.000893s ]
INFO: [ app_end ] --START--
INFO: Run Behavior\ShowPageTraceBehavior [ RunTime:0.001249s ]
INFO: [ app_end ] --END-- [ RunTime:0.001340s ]

[ 2020-06-28T22:10:38+08:00 ] ::1 /legacy/Public/bootstrap/js/jquery.min.js
INFO: [ app_init ] --START--
INFO: Run Behavior\BuildLiteBehavior [ RunTime:0.000022s ]
INFO: [ app_init ] --END-- [ RunTime:0.000710s ]
INFO: [ app_begin ] --START--
INFO: Run Behavior\ReadHtmlCacheBehavior [ RunTime:0.001228s ]
INFO: [ app_begin ] --END-- [ RunTime:0.001354s ]
INFO: [ view_parse ] --START--
INFO: [ template_filter ] --START--
INFO: Run Behavior\ContentReplaceBehavior [ RunTime:0.000074s ]
INFO: [ template_filter ] --END-- [ RunTime:0.000188s ]
INFO: Run Behavior\ParseTemplateBehavior [ RunTime:0.010849s ]
INFO: [ view_parse ] --END-- [ RunTime:0.010966s ]
INFO: [ view_filter ] --START--
INFO: Run Behavior\WriteHtmlCacheBehavior [ RunTime:0.000935s ]
INFO: [ view_filter ] --END-- [ RunTime:0.001036s ]

[ 2020-06-28T22:10:42+08:00 ] ::1 /legacy/Message/index.html
INFO: [ app_init ] --START--
INFO: Run Behavior\BuildLiteBehavior [ RunTime:0.000015s ]
INFO: [ app_init ] --END-- [ RunTime:0.000595s ]
INFO: [ app_begin ] --START--
INFO: Run Behavior\ReadHtmlCacheBehavior [ RunTime:0.000979s ]
INFO: [ app_begin ] --END-- [ RunTime:0.001039s ]
SQL: SHOW COLUMNS FROM `tb_country` [ RunTime:0.027668s ]
ERR: 1146:Table 'db_culture.tb_country' doesn't exist
 [ SQLè¯­å¥ ] : SHOW COLUMNS FROM `tb_country`
SQL: SELECT * FROM `tb_country` WHERE ( id>=1 ) ORDER BY `id` asc  [ RunTime:0.001316s ]
ERR: 1146:Table 'db_culture.tb_country' doesn't exist
 [ SQLè¯­å¥ ] : SELECT * FROM `tb_country` WHERE ( id>=1 ) ORDER BY `id` asc 
INFO: [ view_parse ] --START--
INFO: [ template_filter ] --START--
INFO: Run Behavior\ContentReplaceBehavior [ RunTime:0.000172s ]
INFO: [ template_filter ] --END-- [ RunTime:0.000340s ]
INFO: Run Behavior\ParseTemplateBehavior [ RunTime:0.053106s ]
INFO: [ view_parse ] --END-- [ RunTime:0.053280s ]
INFO: [ view_filter ] --START--
INFO: Run Behavior\WriteHtmlCacheBehavior [ RunTime:0.001711s ]
INFO: [ view_filter ] --END-- [ RunTime:0.001841s ]
INFO: [ app_end ] --START--
INFO: Run Behavior\ShowPageTraceBehavior [ RunTime:0.001698s ]
INFO: [ app_end ] --END-- [ RunTime:0.001789s ]

[ 2020-06-28T22:10:42+08:00 ] ::1 /legacy/Public/bootstrap/js/jquery.min.js
INFO: [ app_init ] --START--
INFO: Run Behavior\BuildLiteBehavior [ RunTime:0.000013s ]
INFO: [ app_init ] --END-- [ RunTime:0.000525s ]
INFO: [ app_begin ] --START--
INFO: Run Behavior\ReadHtmlCacheBehavior [ RunTime:0.001288s ]
INFO: [ app_begin ] --END-- [ RunTime:0.001381s ]
INFO: [ view_parse ] --START--
INFO: [ template_filter ] --START--
INFO: Run Behavior\ContentReplaceBehavior [ RunTime:0.000034s ]
INFO: [ template_filter ] --END-- [ RunTime:0.000089s ]
INFO: Run Behavior\ParseTemplateBehavior [ RunTime:0.007598s ]
INFO: [ view_parse ] --END-- [ RunTime:0.007699s ]
INFO: [ view_filter ] --START--
INFO: Run Behavior\WriteHtmlCacheBehavior [ RunTime:0.000690s ]
INFO: [ view_filter ] --END-- [ RunTime:0.000738s ]

[ 2020-06-28T22:10:53+08:00 ] ::1 /legacy/Resource/shop.html
INFO: [ app_init ] --START--
INFO: Run Behavior\BuildLiteBehavior [ RunTime:0.000028s ]
INFO: [ app_init ] --END-- [ RunTime:0.000577s ]
INFO: [ app_begin ] --START--
INFO: Run Behavior\ReadHtmlCacheBehavior [ RunTime:0.000860s ]
INFO: [ app_begin ] --END-- [ RunTime:0.000912s ]
SQL: SHOW COLUMNS FROM `tb_goods` [ RunTime:0.033906s ]
SQL: SELECT * FROM `tb_goods` WHERE ( gid>0 ) ORDER BY `gid` asc  [ RunTime:0.002183s ]
INFO: [ view_parse ] --START--
INFO: [ template_filter ] --START--
INFO: Run Behavior\ContentReplaceBehavior [ RunTime:0.000282s ]
INFO: [ template_filter ] --END-- [ RunTime:0.000423s ]
INFO: Run Behavior\ParseTemplateBehavior [ RunTime:0.036774s ]
INFO: [ view_parse ] --END-- [ RunTime:0.036999s ]
INFO: [ view_filter ] --START--
INFO: Run Behavior\WriteHtmlCacheBehavior [ RunTime:0.002100s ]
INFO: [ view_filter ] --END-- [ RunTime:0.002203s ]
INFO: [ app_end ] --START--
INFO: Run Behavior\ShowPageTraceBehavior [ RunTime:0.001677s ]
INFO: [ app_end ] --END-- [ RunTime:0.001811s ]

[ 2020-06-28T22:17:05+08:00 ] ::1 /legacy/index.php
INFO: [ app_init ] --START--
INFO: Run Behavior\BuildLiteBehavior [ RunTime:0.000026s ]
INFO: [ app_init ] --END-- [ RunTime:0.012410s ]
INFO: [ app_begin ] --START--
INFO: Run Behavior\ReadHtmlCacheBehavior [ RunTime:0.002562s ]
INFO: [ app_begin ] --END-- [ RunTime:0.002845s ]
SQL: SHOW COLUMNS FROM `tb_picture` [ RunTime:0.403663s ]
ERR: 1146:Table 'db_culture.tb_picture' doesn't exist
 [ SQLè¯­å¥ ] : SHOW COLUMNS FROM `tb_picture`
SQL: SELECT * FROM `tb_picture` WHERE `type` = 'slide'  [ RunTime:0.001071s ]
ERR: 1146:Table 'db_culture.tb_picture' doesn't exist
 [ SQLè¯­å¥ ] : SELECT * FROM `tb_picture` WHERE `type` = 'slide' 
SQL: SHOW COLUMNS FROM `tb_notice` [ RunTime:0.048794s ]
SQL: SELECT COUNT(*) AS tp_count FROM `tb_notice` WHERE ( id>=1 ) LIMIT 1   [ RunTime:0.015026s ]
SQL: SELECT * FROM `tb_notice` WHERE ( id>=1 ) ORDER BY `time` desc LIMIT 0,10   [ RunTime:0.014336s ]
SQL: SHOW COLUMNS FROM `tb_policy` [ RunTime:0.078037s ]
SQL: SELECT * FROM `tb_policy` WHERE ( id>=1 ) ORDER BY `time` desc  [ RunTime:0.000547s ]
SQL: SHOW COLUMNS FROM `tb_director` [ RunTime:0.005766s ]
SQL: SELECT * FROM `tb_director` WHERE `type` = 'ä¼ ç»Ÿæˆå‰§' ORDER BY `Did` asc  [ RunTime:0.000395s ]
SQL: SELECT * FROM `tb_director` WHERE `type` = 'æ°‘é—´éŸ³ä¹' ORDER BY `Did` asc  [ RunTime:0.000853s ]
SQL: SELECT * FROM `tb_director` WHERE `type` = 'æ°‘é—´èˆžè¹ˆ' ORDER BY `Did` asc  [ RunTime:0.001411s ]
SQL: SELECT * FROM `tb_director` WHERE `type` = 'ä¼ ç»Ÿæ‰‹å·¥æŠ€è‰\º' ORDER BY `Did` asc  [ RunTime:0.001384s ]
SQL: SHOW COLUMNS FROM `tb_dynamic` [ RunTime:0.005724s ]
SQL: SELECT * FROM `tb_dynamic` WHERE ( id>=1 ) ORDER BY `time` desc  [ RunTime:0.059735s ]
SQL: SHOW COLUMNS FROM `tb_inheritor` [ RunTime:0.030241s ]
SQL: SELECT * FROM `tb_inheritor` WHERE ( id=1 ) LIMIT 1   [ RunTime:0.000751s ]
SQL: SHOW COLUMNS FROM `tb_country` [ RunTime:0.006535s ]
ERR: 1146:Table 'db_culture.tb_country' doesn't exist
 [ SQLè¯­å¥ ] : SHOW COLUMNS FROM `tb_country`
SQL: SELECT * FROM `tb_country` WHERE ( id>=1 ) ORDER BY `id` asc  [ RunTime:0.000618s ]
ERR: 1146:Table 'db_culture.tb_country' doesn't exist
 [ SQLè¯­å¥ ] : SELECT * FROM `tb_country` WHERE ( id>=1 ) ORDER BY `id` asc 
INFO: [ view_parse ] --START--
INFO: [ template_filter ] --START--
INFO: Run Behavior\ContentReplaceBehavior [ RunTime:0.000103s ]
INFO: [ template_filter ] --END-- [ RunTime:0.000160s ]
NOTIC: [8] Undefined variable: noti F:\phpStudy\WWW\legacy\App\Runtime\Cache\Home\00e52909bed743ea261af4b6823297ff.php ç¬¬ 151 è¡Œ.
NOTIC: [8] Undefined variable: noti F:\phpStudy\WWW\legacy\App\Runtime\Cache\Home\00e52909bed743ea261af4b6823297ff.php ç¬¬ 151 è¡Œ.
NOTIC: [8] Undefined variable: noti F:\phpStudy\WWW\legacy\App\Runtime\Cache\Home\00e52909bed743ea261af4b6823297ff.php ç¬¬ 151 è¡Œ.
NOTIC: [8] Undefined variable: noti F:\phpStudy\WWW\legacy\App\Runtime\Cache\Home\00e52909bed743ea261af4b6823297ff.php ç¬¬ 151 è¡Œ.
NOTIC: [8] Undefined variable: noti F:\phpStudy\WWW\legacy\App\Runtime\Cache\Home\00e52909bed743ea261af4b6823297ff.php ç¬¬ 151 è¡Œ.
NOTIC: [8] Undefined variable: noti F:\phpStudy\WWW\legacy\App\Runtime\Cache\Home\00e52909bed743ea261af4b6823297ff.php ç¬¬ 151 è¡Œ.
NOTIC: [8] Undefined variable: noti F:\phpStudy\WWW\legacy\App\Runtime\Cache\Home\00e52909bed743ea261af4b6823297ff.php ç¬¬ 151 è¡Œ.
NOTIC: [8] Undefined variable: noti F:\phpStudy\WWW\legacy\App\Runtime\Cache\Home\00e52909bed743ea261af4b6823297ff.php ç¬¬ 151 è¡Œ.
NOTIC: [8] Undefined variable: noti F:\phpStudy\WWW\legacy\App\Runtime\Cache\Home\00e52909bed743ea261af4b6823297ff.php ç¬¬ 151 è¡Œ.
NOTIC: [8] Undefined variable: noti F:\phpStudy\WWW\legacy\App\Runtime\Cache\Home\00e52909bed743ea261af4b6823297ff.php ç¬¬ 151 è¡Œ.
NOTIC: [8] Undefined index: birthPlace F:\phpStudy\WWW\legacy\App\Runtime\Cache\Home\00e52909bed743ea261af4b6823297ff.php ç¬¬ 299 è¡Œ.
INFO: Run Behavior\ParseTemplateBehavior [ RunTime:0.276760s ]
INFO: [ view_parse ] --END-- [ RunTime:0.276849s ]
INFO: [ view_filter ] --START--
INFO: Run Behavior\WriteHtmlCacheBehavior [ RunTime:0.008844s ]
INFO: [ view_filter ] --END-- [ RunTime:0.009322s ]
INFO: [ app_end ] --START--
INFO: Run Behavior\ShowPageTraceBehavior [ RunTime:0.001752s ]
INFO: [ app_end ] --END-- [ RunTime:0.001872s ]

[ 2020-06-28T22:17:05+08:00 ] ::1 /legacy/Public/bootstrap/js/jquery.min.js
INFO: [ app_init ] --START--
INFO: Run Behavior\BuildLiteBehavior [ RunTime:0.000024s ]
INFO: [ app_init ] --END-- [ RunTime:0.000960s ]
INFO: [ app_begin ] --START--
INFO: Run Behavior\ReadHtmlCacheBehavior [ RunTime:0.001055s ]
INFO: [ app_begin ] --END-- [ RunTime:0.001142s ]
INFO: [ view_parse ] --START--
INFO: [ template_filter ] --START--
INFO: Run Behavior\ContentReplaceBehavior [ RunTime:0.000036s ]
INFO: [ template_filter ] --END-- [ RunTime:0.000109s ]
INFO: Run Behavior\ParseTemplateBehavior [ RunTime:0.218713s ]
INFO: [ view_parse ] --END-- [ RunTime:0.218803s ]
INFO: [ view_filter ] --START--
INFO: Run Behavior\WriteHtmlCacheBehavior [ RunTime:0.000887s ]
INFO: [ view_filter ] --END-- [ RunTime:0.000962s ]

