[ 2020-06-20T09:12:55+08:00 ] ::1 /EPP_Project/legacy/index.php
INFO: [ app_init ] --START--
INFO: Run Behavior\BuildLiteBehavior [ RunTime:0.000038s ]
INFO: [ app_init ] --END-- [ RunTime:0.042704s ]
INFO: [ app_begin ] --START--
INFO: Run Behavior\ReadHtmlCacheBehavior [ RunTime:0.020102s ]
INFO: [ app_begin ] --END-- [ RunTime:0.020263s ]
SQL: SHOW COLUMNS FROM `tb_picture` [ RunTime:0.149688s ]
ERR: 1146:Table 'db_culture.tb_picture' doesn't exist
 [ SQL语句 ] : SHOW COLUMNS FROM `tb_picture`
SQL: SELECT * FROM `tb_picture` WHERE `type` = 'slide'  [ RunTime:0.015483s ]
ERR: 1146:Table 'db_culture.tb_picture' doesn't exist
 [ SQL语句 ] : SELECT * FROM `tb_picture` WHERE `type` = 'slide' 
SQL: SHOW COLUMNS FROM `tb_notice` [ RunTime:0.101873s ]
SQL: SELECT COUNT(*) AS tp_count FROM `tb_notice` WHERE ( id>=1 ) LIMIT 1   [ RunTime:0.029491s ]
SQL: SELECT * FROM `tb_notice` WHERE ( id>=1 ) ORDER BY `time` desc LIMIT 0,10   [ RunTime:0.024489s ]
SQL: SHOW COLUMNS FROM `tb_policy` [ RunTime:0.049410s ]
SQL: SELECT * FROM `tb_policy` WHERE ( id>=1 ) ORDER BY `time` desc  [ RunTime:0.020812s ]
SQL: SHOW COLUMNS FROM `tb_director` [ RunTime:0.056321s ]
SQL: SELECT * FROM `tb_director` WHERE ( Did>=1 ) ORDER BY `Did` asc  [ RunTime:0.021143s ]
SQL: SHOW COLUMNS FROM `tb_dynamic` [ RunTime:0.051955s ]
SQL: SELECT * FROM `tb_dynamic` WHERE ( id>=1 ) ORDER BY `time` desc  [ RunTime:0.001972s ]
SQL: SHOW COLUMNS FROM `tb_inheritor` [ RunTime:0.054326s ]
SQL: SELECT * FROM `tb_inheritor` WHERE ( id=1 ) LIMIT 1   [ RunTime:0.001864s ]
SQL: SHOW COLUMNS FROM `tb_country` [ RunTime:0.017015s ]
ERR: 1146:Table 'db_culture.tb_country' doesn't exist
 [ SQL语句 ] : SHOW COLUMNS FROM `tb_country`
SQL: SELECT * FROM `tb_country` WHERE ( id>=1 ) ORDER BY `id` asc  [ RunTime:0.002442s ]
ERR: 1146:Table 'db_culture.tb_country' doesn't exist
 [ SQL语句 ] : SELECT * FROM `tb_country` WHERE ( id>=1 ) ORDER BY `id` asc 
INFO: [ view_parse ] --START--
INFO: [ template_filter ] --START--
INFO: Run Behavior\ContentReplaceBehavior [ RunTime:0.000235s ]
INFO: [ template_filter ] --END-- [ RunTime:0.000378s ]
NOTIC: [8] Undefined variable: noti D:\phpStudy\WWW\EPP_Project\legacy\App\Runtime\Cache\Home\00e52909bed743ea261af4b6823297ff.php 第 166 行.
NOTIC: [8] Undefined variable: noti D:\phpStudy\WWW\EPP_Project\legacy\App\Runtime\Cache\Home\00e52909bed743ea261af4b6823297ff.php 第 166 行.
NOTIC: [8] Undefined variable: noti D:\phpStudy\WWW\EPP_Project\legacy\App\Runtime\Cache\Home\00e52909bed743ea261af4b6823297ff.php 第 166 行.
NOTIC: [8] Undefined variable: noti D:\phpStudy\WWW\EPP_Project\legacy\App\Runtime\Cache\Home\00e52909bed743ea261af4b6823297ff.php 第 166 行.
NOTIC: [8] Undefined variable: noti D:\phpStudy\WWW\EPP_Project\legacy\App\Runtime\Cache\Home\00e52909bed743ea261af4b6823297ff.php 第 166 行.
NOTIC: [8] Undefined variable: noti D:\phpStudy\WWW\EPP_Project\legacy\App\Runtime\Cache\Home\00e52909bed743ea261af4b6823297ff.php 第 166 行.
NOTIC: [8] Undefined variable: noti D:\phpStudy\WWW\EPP_Project\legacy\App\Runtime\Cache\Home\00e52909bed743ea261af4b6823297ff.php 第 166 行.
NOTIC: [8] Undefined variable: noti D:\phpStudy\WWW\EPP_Project\legacy\App\Runtime\Cache\Home\00e52909bed743ea261af4b6823297ff.php 第 166 行.
NOTIC: [8] Undefined variable: noti D:\phpStudy\WWW\EPP_Project\legacy\App\Runtime\Cache\Home\00e52909bed743ea261af4b6823297ff.php 第 166 行.
NOTIC: [8] Undefined variable: noti D:\phpStudy\WWW\EPP_Project\legacy\App\Runtime\Cache\Home\00e52909bed743ea261af4b6823297ff.php 第 166 行.
NOTIC: [8] Undefined index: intro D:\phpStudy\WWW\EPP_Project\legacy\App\Runtime\Cache\Home\00e52909bed743ea261af4b6823297ff.php 第 305 行.
NOTIC: [8] Undefined index: birthPlace D:\phpStudy\WWW\EPP_Project\legacy\App\Runtime\Cache\Home\00e52909bed743ea261af4b6823297ff.php 第 314 行.
INFO: Run Behavior\ParseTemplateBehavior [ RunTime:0.288016s ]
INFO: [ view_parse ] --END-- [ RunTime:0.288399s ]
INFO: [ view_filter ] --START--
INFO: Run Behavior\WriteHtmlCacheBehavior [ RunTime:0.016042s ]
INFO: [ view_filter ] --END-- [ RunTime:0.016696s ]
INFO: [ app_end ] --START--
INFO: Run Behavior\ShowPageTraceBehavior [ RunTime:0.006187s ]
INFO: [ app_end ] --END-- [ RunTime:0.006573s ]

[ 2020-06-20T09:12:55+08:00 ] ::1 /EPP_Project/legacy/Public/bootstrap/js/jquery.min.js
INFO: [ app_init ] --START--
INFO: Run Behavior\BuildLiteBehavior [ RunTime:0.000044s ]
INFO: [ app_init ] --END-- [ RunTime:0.000836s ]
INFO: [ app_begin ] --START--
INFO: Run Behavior\ReadHtmlCacheBehavior [ RunTime:0.001556s ]
INFO: [ app_begin ] --END-- [ RunTime:0.001688s ]
INFO: [ view_parse ] --START--
INFO: [ template_filter ] --START--
INFO: Run Behavior\ContentReplaceBehavior [ RunTime:0.000036s ]
INFO: [ template_filter ] --END-- [ RunTime:0.000097s ]
INFO: Run Behavior\ParseTemplateBehavior [ RunTime:0.114197s ]
INFO: [ view_parse ] --END-- [ RunTime:0.114293s ]
INFO: [ view_filter ] --START--
INFO: Run Behavior\WriteHtmlCacheBehavior [ RunTime:0.000992s ]
INFO: [ view_filter ] --END-- [ RunTime:0.001185s ]

[ 2020-06-20T09:14:21+08:00 ] ::1 /EPP_Project/legacy/Public/Admin/js/jquery-3.4.1.js
INFO: [ app_init ] --START--
INFO: Run Behavior\BuildLiteBehavior [ RunTime:0.000034s ]
INFO: [ app_init ] --END-- [ RunTime:0.002586s ]
INFO: [ app_begin ] --START--
INFO: Run Behavior\ReadHtmlCacheBehavior [ RunTime:0.002574s ]
INFO: [ app_begin ] --END-- [ RunTime:0.002722s ]
INFO: [ view_parse ] --START--
INFO: [ template_filter ] --START--
INFO: Run Behavior\ContentReplaceBehavior [ RunTime:0.000071s ]
INFO: [ template_filter ] --END-- [ RunTime:0.000192s ]
INFO: Run Behavior\ParseTemplateBehavior [ RunTime:0.025033s ]
INFO: [ view_parse ] --END-- [ RunTime:0.025257s ]
INFO: [ view_filter ] --START--
INFO: Run Behavior\WriteHtmlCacheBehavior [ RunTime:0.001885s ]
INFO: [ view_filter ] --END-- [ RunTime:0.002004s ]

[ 2020-06-20T09:14:38+08:00 ] ::1 /EPP_Project/legacy/Public/bootstrap/js/jquery-3.4.1.js
INFO: [ app_init ] --START--
INFO: Run Behavior\BuildLiteBehavior [ RunTime:0.000032s ]
INFO: [ app_init ] --END-- [ RunTime:0.000980s ]
INFO: [ app_begin ] --START--
INFO: Run Behavior\ReadHtmlCacheBehavior [ RunTime:0.001453s ]
INFO: [ app_begin ] --END-- [ RunTime:0.001598s ]
INFO: [ view_parse ] --START--
INFO: [ template_filter ] --START--
INFO: Run Behavior\ContentReplaceBehavior [ RunTime:0.000037s ]
INFO: [ template_filter ] --END-- [ RunTime:0.000096s ]
INFO: Run Behavior\ParseTemplateBehavior [ RunTime:0.007135s ]
INFO: [ view_parse ] --END-- [ RunTime:0.007239s ]
INFO: [ view_filter ] --START--
INFO: Run Behavior\WriteHtmlCacheBehavior [ RunTime:0.001298s ]
INFO: [ view_filter ] --END-- [ RunTime:0.001519s ]

[ 2020-06-20T09:14:44+08:00 ] ::1 /EPP_Project/legacy/Public/bootstrap/js/jquery-3.4.1.js
INFO: [ app_init ] --START--
INFO: Run Behavior\BuildLiteBehavior [ RunTime:0.000048s ]
INFO: [ app_init ] --END-- [ RunTime:0.001764s ]
INFO: [ app_begin ] --START--
INFO: Run Behavior\ReadHtmlCacheBehavior [ RunTime:0.001756s ]
INFO: [ app_begin ] --END-- [ RunTime:0.001914s ]
INFO: [ view_parse ] --START--
INFO: [ template_filter ] --START--
INFO: Run Behavior\ContentReplaceBehavior [ RunTime:0.000058s ]
INFO: [ template_filter ] --END-- [ RunTime:0.000149s ]
INFO: Run Behavior\ParseTemplateBehavior [ RunTime:0.011962s ]
INFO: [ view_parse ] --END-- [ RunTime:0.012090s ]
INFO: [ view_filter ] --START--
INFO: Run Behavior\WriteHtmlCacheBehavior [ RunTime:0.001030s ]
INFO: [ view_filter ] --END-- [ RunTime:0.001122s ]

[ 2020-06-20T09:14:50+08:00 ] ::1 /EPP_Project/legacy/Public/bootstrap/js/jquery-3.4.1.js
INFO: [ app_init ] --START--
INFO: Run Behavior\BuildLiteBehavior [ RunTime:0.000033s ]
INFO: [ app_init ] --END-- [ RunTime:0.001654s ]
INFO: [ app_begin ] --START--
INFO: Run Behavior\ReadHtmlCacheBehavior [ RunTime:0.002110s ]
INFO: [ app_begin ] --END-- [ RunTime:0.002257s ]
INFO: [ view_parse ] --START--
INFO: [ template_filter ] --START--
INFO: Run Behavior\ContentReplaceBehavior [ RunTime:0.000077s ]
INFO: [ template_filter ] --END-- [ RunTime:0.000197s ]
INFO: Run Behavior\ParseTemplateBehavior [ RunTime:0.014795s ]
INFO: [ view_parse ] --END-- [ RunTime:0.014966s ]
INFO: [ view_filter ] --START--
INFO: Run Behavior\WriteHtmlCacheBehavior [ RunTime:0.001561s ]
INFO: [ view_filter ] --END-- [ RunTime:0.001687s ]

[ 2020-06-20T09:14:58+08:00 ] ::1 /EPP_Project/legacy/Public/bootstrap/js/jquery-3.4.1.js
INFO: [ app_init ] --START--
INFO: Run Behavior\BuildLiteBehavior [ RunTime:0.000016s ]
INFO: [ app_init ] --END-- [ RunTime:0.000735s ]
INFO: [ app_begin ] --START--
INFO: Run Behavior\ReadHtmlCacheBehavior [ RunTime:0.000916s ]
INFO: [ app_begin ] --END-- [ RunTime:0.000984s ]
INFO: [ view_parse ] --START--
INFO: [ template_filter ] --START--
INFO: Run Behavior\ContentReplaceBehavior [ RunTime:0.000036s ]
INFO: [ template_filter ] --END-- [ RunTime:0.000093s ]
INFO: Run Behavior\ParseTemplateBehavior [ RunTime:0.009606s ]
INFO: [ view_parse ] --END-- [ RunTime:0.009722s ]
INFO: [ view_filter ] --START--
INFO: Run Behavior\WriteHtmlCacheBehavior [ RunTime:0.001574s ]
INFO: [ view_filter ] --END-- [ RunTime:0.001647s ]

[ 2020-06-20T09:40:00+08:00 ] ::1 /EPP_Project/legacy/home
INFO: [ app_init ] --START--
INFO: Run Behavior\BuildLiteBehavior [ RunTime:0.000031s ]
INFO: [ app_init ] --END-- [ RunTime:0.001930s ]
INFO: [ app_begin ] --START--
INFO: Run Behavior\ReadHtmlCacheBehavior [ RunTime:0.003542s ]
INFO: [ app_begin ] --END-- [ RunTime:0.003704s ]
SQL: SHOW COLUMNS FROM `tb_picture` [ RunTime:0.016103s ]
ERR: 1146:Table 'db_culture.tb_picture' doesn't exist
 [ SQL语句 ] : SHOW COLUMNS FROM `tb_picture`
SQL: SELECT * FROM `tb_picture` WHERE `type` = 'slide'  [ RunTime:0.003025s ]
ERR: 1146:Table 'db_culture.tb_picture' doesn't exist
 [ SQL语句 ] : SELECT * FROM `tb_picture` WHERE `type` = 'slide' 
SQL: SHOW COLUMNS FROM `tb_notice` [ RunTime:0.016683s ]
SQL: SELECT COUNT(*) AS tp_count FROM `tb_notice` WHERE ( id>=1 ) LIMIT 1   [ RunTime:0.000731s ]
SQL: SELECT * FROM `tb_notice` WHERE ( id>=1 ) ORDER BY `time` desc LIMIT 0,10   [ RunTime:0.001382s ]
SQL: SHOW COLUMNS FROM `tb_policy` [ RunTime:0.013812s ]
SQL: SELECT * FROM `tb_policy` WHERE ( id>=1 ) ORDER BY `time` desc  [ RunTime:0.001430s ]
SQL: SHOW COLUMNS FROM `tb_director` [ RunTime:0.014382s ]
SQL: SELECT * FROM `tb_director` WHERE ( Did>=1 ) ORDER BY `Did` asc  [ RunTime:0.003089s ]
SQL: SHOW COLUMNS FROM `tb_dynamic` [ RunTime:0.012485s ]
SQL: SELECT * FROM `tb_dynamic` WHERE ( id>=1 ) ORDER BY `time` desc  [ RunTime:0.001243s ]
SQL: SHOW COLUMNS FROM `tb_inheritor` [ RunTime:0.012814s ]
SQL: SELECT * FROM `tb_inheritor` WHERE ( id=1 ) LIMIT 1   [ RunTime:0.000799s ]
SQL: SHOW COLUMNS FROM `tb_country` [ RunTime:0.015516s ]
ERR: 1146:Table 'db_culture.tb_country' doesn't exist
 [ SQL语句 ] : SHOW COLUMNS FROM `tb_country`
SQL: SELECT * FROM `tb_country` WHERE ( id>=1 ) ORDER BY `id` asc  [ RunTime:0.001633s ]
ERR: 1146:Table 'db_culture.tb_country' doesn't exist
 [ SQL语句 ] : SELECT * FROM `tb_country` WHERE ( id>=1 ) ORDER BY `id` asc 
INFO: [ view_parse ] --START--
INFO: [ template_filter ] --START--
INFO: Run Behavior\ContentReplaceBehavior [ RunTime:0.000237s ]
INFO: [ template_filter ] --END-- [ RunTime:0.000360s ]
NOTIC: [8] Undefined variable: noti D:\phpStudy\WWW\EPP_Project\legacy\App\Runtime\Cache\Home\00e52909bed743ea261af4b6823297ff.php 第 166 行.
NOTIC: [8] Undefined variable: noti D:\phpStudy\WWW\EPP_Project\legacy\App\Runtime\Cache\Home\00e52909bed743ea261af4b6823297ff.php 第 166 行.
NOTIC: [8] Undefined variable: noti D:\phpStudy\WWW\EPP_Project\legacy\App\Runtime\Cache\Home\00e52909bed743ea261af4b6823297ff.php 第 166 行.
NOTIC: [8] Undefined variable: noti D:\phpStudy\WWW\EPP_Project\legacy\App\Runtime\Cache\Home\00e52909bed743ea261af4b6823297ff.php 第 166 行.
NOTIC: [8] Undefined variable: noti D:\phpStudy\WWW\EPP_Project\legacy\App\Runtime\Cache\Home\00e52909bed743ea261af4b6823297ff.php 第 166 行.
NOTIC: [8] Undefined variable: noti D:\phpStudy\WWW\EPP_Project\legacy\App\Runtime\Cache\Home\00e52909bed743ea261af4b6823297ff.php 第 166 行.
NOTIC: [8] Undefined variable: noti D:\phpStudy\WWW\EPP_Project\legacy\App\Runtime\Cache\Home\00e52909bed743ea261af4b6823297ff.php 第 166 行.
NOTIC: [8] Undefined variable: noti D:\phpStudy\WWW\EPP_Project\legacy\App\Runtime\Cache\Home\00e52909bed743ea261af4b6823297ff.php 第 166 行.
NOTIC: [8] Undefined variable: noti D:\phpStudy\WWW\EPP_Project\legacy\App\Runtime\Cache\Home\00e52909bed743ea261af4b6823297ff.php 第 166 行.
NOTIC: [8] Undefined variable: noti D:\phpStudy\WWW\EPP_Project\legacy\App\Runtime\Cache\Home\00e52909bed743ea261af4b6823297ff.php 第 166 行.
NOTIC: [8] Undefined index: intro D:\phpStudy\WWW\EPP_Project\legacy\App\Runtime\Cache\Home\00e52909bed743ea261af4b6823297ff.php 第 305 行.
NOTIC: [8] Undefined index: birthPlace D:\phpStudy\WWW\EPP_Project\legacy\App\Runtime\Cache\Home\00e52909bed743ea261af4b6823297ff.php 第 314 行.
INFO: Run Behavior\ParseTemplateBehavior [ RunTime:0.047261s ]
INFO: [ view_parse ] --END-- [ RunTime:0.047436s ]
INFO: [ view_filter ] --START--
INFO: Run Behavior\WriteHtmlCacheBehavior [ RunTime:0.003221s ]
INFO: [ view_filter ] --END-- [ RunTime:0.003335s ]
INFO: [ app_end ] --START--
INFO: Run Behavior\ShowPageTraceBehavior [ RunTime:0.005725s ]
INFO: [ app_end ] --END-- [ RunTime:0.005963s ]

[ 2020-06-20T09:40:00+08:00 ] ::1 /EPP_Project/legacy/Public/bootstrap/js/jquery.min.js
INFO: [ app_init ] --START--
INFO: Run Behavior\BuildLiteBehavior [ RunTime:0.000032s ]
INFO: [ app_init ] --END-- [ RunTime:0.001940s ]
INFO: [ app_begin ] --START--
INFO: Run Behavior\ReadHtmlCacheBehavior [ RunTime:0.003424s ]
INFO: [ app_begin ] --END-- [ RunTime:0.003564s ]
INFO: [ view_parse ] --START--
INFO: [ template_filter ] --START--
INFO: Run Behavior\ContentReplaceBehavior [ RunTime:0.000092s ]
INFO: [ template_filter ] --END-- [ RunTime:0.000220s ]
INFO: Run Behavior\ParseTemplateBehavior [ RunTime:0.029500s ]
INFO: [ view_parse ] --END-- [ RunTime:0.029705s ]
INFO: [ view_filter ] --START--
INFO: Run Behavior\WriteHtmlCacheBehavior [ RunTime:0.005001s ]
INFO: [ view_filter ] --END-- [ RunTime:0.005139s ]

[ 2020-06-20T09:40:31+08:00 ] ::1 /EPP_Project/legacy/Information/dynamic.html
INFO: [ app_init ] --START--
INFO: Run Behavior\BuildLiteBehavior [ RunTime:0.000021s ]
INFO: [ app_init ] --END-- [ RunTime:0.001604s ]
INFO: [ app_begin ] --START--
INFO: Run Behavior\ReadHtmlCacheBehavior [ RunTime:0.003585s ]
INFO: [ app_begin ] --END-- [ RunTime:0.003737s ]
SQL: SHOW COLUMNS FROM `tb_dynamic` [ RunTime:0.055827s ]
SQL: SELECT COUNT(*) AS tp_count FROM `tb_dynamic` WHERE ( id>=0 ) LIMIT 1   [ RunTime:0.000726s ]
NOTIC: [2] Invalid argument supplied for foreach() D:\phpStudy\WWW\EPP_Project\legacy\App\Home\Controller\IndexController.class.php 第 80 行.
SQL: SELECT * FROM `tb_dynamic` WHERE ( id>=0 ) ORDER BY `time` desc LIMIT 0,15   [ RunTime:0.001222s ]
SQL: SHOW COLUMNS FROM `tb_country` [ RunTime:0.008652s ]
ERR: 1146:Table 'db_culture.tb_country' doesn't exist
 [ SQL语句 ] : SHOW COLUMNS FROM `tb_country`
SQL: SELECT * FROM `tb_country` WHERE ( id>=1 ) ORDER BY `id` asc  [ RunTime:0.000907s ]
ERR: 1146:Table 'db_culture.tb_country' doesn't exist
 [ SQL语句 ] : SELECT * FROM `tb_country` WHERE ( id>=1 ) ORDER BY `id` asc 
INFO: [ view_parse ] --START--
INFO: [ template_filter ] --START--
INFO: Run Behavior\ContentReplaceBehavior [ RunTime:0.000164s ]
INFO: [ template_filter ] --END-- [ RunTime:0.000399s ]
INFO: Run Behavior\ParseTemplateBehavior [ RunTime:0.047716s ]
INFO: [ view_parse ] --END-- [ RunTime:0.047941s ]
INFO: [ view_filter ] --START--
INFO: Run Behavior\WriteHtmlCacheBehavior [ RunTime:0.004179s ]
INFO: [ view_filter ] --END-- [ RunTime:0.004348s ]
INFO: [ app_end ] --START--
INFO: Run Behavior\ShowPageTraceBehavior [ RunTime:0.006580s ]
INFO: [ app_end ] --END-- [ RunTime:0.007232s ]

[ 2020-06-20T09:40:31+08:00 ] ::1 /EPP_Project/legacy/Public/bootstrap/js/jquery.min.js
INFO: [ app_init ] --START--
INFO: Run Behavior\BuildLiteBehavior [ RunTime:0.000031s ]
INFO: [ app_init ] --END-- [ RunTime:0.001536s ]
INFO: [ app_begin ] --START--
INFO: Run Behavior\ReadHtmlCacheBehavior [ RunTime:0.003435s ]
INFO: [ app_begin ] --END-- [ RunTime:0.003580s ]
INFO: [ view_parse ] --START--
INFO: [ template_filter ] --START--
INFO: Run Behavior\ContentReplaceBehavior [ RunTime:0.000083s ]
INFO: [ template_filter ] --END-- [ RunTime:0.000258s ]
INFO: Run Behavior\ParseTemplateBehavior [ RunTime:0.025044s ]
INFO: [ view_parse ] --END-- [ RunTime:0.025290s ]
INFO: [ view_filter ] --START--
INFO: Run Behavior\WriteHtmlCacheBehavior [ RunTime:0.002949s ]
INFO: [ view_filter ] --END-- [ RunTime:0.003082s ]

[ 2020-06-20T09:40:36+08:00 ] ::1 /EPP_Project/legacy/Information/dynacontent.html
INFO: [ app_init ] --START--
INFO: Run Behavior\BuildLiteBehavior [ RunTime:0.000030s ]
INFO: [ app_init ] --END-- [ RunTime:0.001737s ]
INFO: [ app_begin ] --START--
INFO: Run Behavior\ReadHtmlCacheBehavior [ RunTime:0.003546s ]
INFO: [ app_begin ] --END-- [ RunTime:0.003748s ]
SQL: SHOW COLUMNS FROM `tb_dynamic` [ RunTime:0.035416s ]
SQL: SELECT * FROM `tb_dynamic` WHERE `id` = 7  [ RunTime:0.001098s ]
SQL: SHOW COLUMNS FROM `tb_country` [ RunTime:0.016053s ]
ERR: 1146:Table 'db_culture.tb_country' doesn't exist
 [ SQL语句 ] : SHOW COLUMNS FROM `tb_country`
SQL: SELECT * FROM `tb_country` WHERE ( id>=1 ) ORDER BY `id` asc  [ RunTime:0.002247s ]
ERR: 1146:Table 'db_culture.tb_country' doesn't exist
 [ SQL语句 ] : SELECT * FROM `tb_country` WHERE ( id>=1 ) ORDER BY `id` asc 
INFO: [ view_parse ] --START--
INFO: [ template_filter ] --START--
INFO: Run Behavior\ContentReplaceBehavior [ RunTime:0.000190s ]
INFO: [ template_filter ] --END-- [ RunTime:0.000370s ]
INFO: Run Behavior\ParseTemplateBehavior [ RunTime:0.046788s ]
INFO: [ view_parse ] --END-- [ RunTime:0.047024s ]
INFO: [ view_filter ] --START--
INFO: Run Behavior\WriteHtmlCacheBehavior [ RunTime:0.004099s ]
INFO: [ view_filter ] --END-- [ RunTime:0.004255s ]
INFO: [ app_end ] --START--
INFO: Run Behavior\ShowPageTraceBehavior [ RunTime:0.005615s ]
INFO: [ app_end ] --END-- [ RunTime:0.005784s ]

[ 2020-06-20T09:40:36+08:00 ] ::1 /EPP_Project/legacy/Public/bootstrap/js/jquery.min.js
INFO: [ app_init ] --START--
INFO: Run Behavior\BuildLiteBehavior [ RunTime:0.000016s ]
INFO: [ app_init ] --END-- [ RunTime:0.000983s ]
INFO: [ app_begin ] --START--
INFO: Run Behavior\ReadHtmlCacheBehavior [ RunTime:0.003088s ]
INFO: [ app_begin ] --END-- [ RunTime:0.003324s ]
INFO: [ view_parse ] --START--
INFO: [ template_filter ] --START--
INFO: Run Behavior\ContentReplaceBehavior [ RunTime:0.000060s ]
INFO: [ template_filter ] --END-- [ RunTime:0.000159s ]
INFO: Run Behavior\ParseTemplateBehavior [ RunTime:0.018053s ]
INFO: [ view_parse ] --END-- [ RunTime:0.018174s ]
INFO: [ view_filter ] --START--
INFO: Run Behavior\WriteHtmlCacheBehavior [ RunTime:0.002729s ]
INFO: [ view_filter ] --END-- [ RunTime:0.002832s ]

[ 2020-06-20T09:47:16+08:00 ] ::1 /EPP_Project/legacy/
INFO: [ app_init ] --START--
INFO: Run Behavior\BuildLiteBehavior [ RunTime:0.000030s ]
INFO: [ app_init ] --END-- [ RunTime:0.001745s ]
INFO: [ app_begin ] --START--
INFO: Run Behavior\ReadHtmlCacheBehavior [ RunTime:0.003955s ]
INFO: [ app_begin ] --END-- [ RunTime:0.004176s ]
SQL: SHOW COLUMNS FROM `tb_picture` [ RunTime:0.017651s ]
ERR: 1146:Table 'db_culture.tb_picture' doesn't exist
 [ SQL语句 ] : SHOW COLUMNS FROM `tb_picture`
SQL: SELECT * FROM `tb_picture` WHERE `type` = 'slide'  [ RunTime:0.002315s ]
ERR: 1146:Table 'db_culture.tb_picture' doesn't exist
 [ SQL语句 ] : SELECT * FROM `tb_picture` WHERE `type` = 'slide' 
SQL: SHOW COLUMNS FROM `tb_notice` [ RunTime:0.016956s ]
SQL: SELECT COUNT(*) AS tp_count FROM `tb_notice` WHERE ( id>=1 ) LIMIT 1   [ RunTime:0.000963s ]
SQL: SELECT * FROM `tb_notice` WHERE ( id>=1 ) ORDER BY `time` desc LIMIT 0,10   [ RunTime:0.001708s ]
SQL: SHOW COLUMNS FROM `tb_policy` [ RunTime:0.018485s ]
SQL: SELECT * FROM `tb_policy` WHERE ( id>=1 ) ORDER BY `time` desc  [ RunTime:0.001692s ]
SQL: SHOW COLUMNS FROM `tb_director` [ RunTime:0.015322s ]
SQL: SELECT * FROM `tb_director` WHERE ( Did>=1 ) ORDER BY `Did` asc  [ RunTime:0.002992s ]
SQL: SHOW COLUMNS FROM `tb_dynamic` [ RunTime:0.013279s ]
SQL: SELECT * FROM `tb_dynamic` WHERE ( id>=1 ) ORDER BY `time` desc  [ RunTime:0.001060s ]
SQL: SHOW COLUMNS FROM `tb_inheritor` [ RunTime:0.012209s ]
SQL: SELECT * FROM `tb_inheritor` WHERE ( id=1 ) LIMIT 1   [ RunTime:0.000658s ]
SQL: SHOW COLUMNS FROM `tb_country` [ RunTime:0.008908s ]
ERR: 1146:Table 'db_culture.tb_country' doesn't exist
 [ SQL语句 ] : SHOW COLUMNS FROM `tb_country`
SQL: SELECT * FROM `tb_country` WHERE ( id>=1 ) ORDER BY `id` asc  [ RunTime:0.001330s ]
ERR: 1146:Table 'db_culture.tb_country' doesn't exist
 [ SQL语句 ] : SELECT * FROM `tb_country` WHERE ( id>=1 ) ORDER BY `id` asc 
INFO: [ view_parse ] --START--
INFO: [ template_filter ] --START--
INFO: Run Behavior\ContentReplaceBehavior [ RunTime:0.000232s ]
INFO: [ template_filter ] --END-- [ RunTime:0.000357s ]
NOTIC: [8] Undefined variable: noti D:\phpStudy\WWW\EPP_Project\legacy\App\Runtime\Cache\Home\00e52909bed743ea261af4b6823297ff.php 第 166 行.
NOTIC: [8] Undefined variable: noti D:\phpStudy\WWW\EPP_Project\legacy\App\Runtime\Cache\Home\00e52909bed743ea261af4b6823297ff.php 第 166 行.
NOTIC: [8] Undefined variable: noti D:\phpStudy\WWW\EPP_Project\legacy\App\Runtime\Cache\Home\00e52909bed743ea261af4b6823297ff.php 第 166 行.
NOTIC: [8] Undefined variable: noti D:\phpStudy\WWW\EPP_Project\legacy\App\Runtime\Cache\Home\00e52909bed743ea261af4b6823297ff.php 第 166 行.
NOTIC: [8] Undefined variable: noti D:\phpStudy\WWW\EPP_Project\legacy\App\Runtime\Cache\Home\00e52909bed743ea261af4b6823297ff.php 第 166 行.
NOTIC: [8] Undefined variable: noti D:\phpStudy\WWW\EPP_Project\legacy\App\Runtime\Cache\Home\00e52909bed743ea261af4b6823297ff.php 第 166 行.
NOTIC: [8] Undefined variable: noti D:\phpStudy\WWW\EPP_Project\legacy\App\Runtime\Cache\Home\00e52909bed743ea261af4b6823297ff.php 第 166 行.
NOTIC: [8] Undefined variable: noti D:\phpStudy\WWW\EPP_Project\legacy\App\Runtime\Cache\Home\00e52909bed743ea261af4b6823297ff.php 第 166 行.
NOTIC: [8] Undefined variable: noti D:\phpStudy\WWW\EPP_Project\legacy\App\Runtime\Cache\Home\00e52909bed743ea261af4b6823297ff.php 第 166 行.
NOTIC: [8] Undefined variable: noti D:\phpStudy\WWW\EPP_Project\legacy\App\Runtime\Cache\Home\00e52909bed743ea261af4b6823297ff.php 第 166 行.
NOTIC: [8] Undefined index: intro D:\phpStudy\WWW\EPP_Project\legacy\App\Runtime\Cache\Home\00e52909bed743ea261af4b6823297ff.php 第 305 行.
NOTIC: [8] Undefined index: birthPlace D:\phpStudy\WWW\EPP_Project\legacy\App\Runtime\Cache\Home\00e52909bed743ea261af4b6823297ff.php 第 314 行.
INFO: Run Behavior\ParseTemplateBehavior [ RunTime:0.036343s ]
INFO: [ view_parse ] --END-- [ RunTime:0.036446s ]
INFO: [ view_filter ] --START--
INFO: Run Behavior\WriteHtmlCacheBehavior [ RunTime:0.003027s ]
INFO: [ view_filter ] --END-- [ RunTime:0.003122s ]
INFO: [ app_end ] --START--
INFO: Run Behavior\ShowPageTraceBehavior [ RunTime:0.003427s ]
INFO: [ app_end ] --END-- [ RunTime:0.003572s ]

[ 2020-06-20T09:47:16+08:00 ] ::1 /EPP_Project/legacy/Public/bootstrap/js/jquery.min.js
INFO: [ app_init ] --START--
INFO: Run Behavior\BuildLiteBehavior [ RunTime:0.000025s ]
INFO: [ app_init ] --END-- [ RunTime:0.001538s ]
INFO: [ app_begin ] --START--
INFO: Run Behavior\ReadHtmlCacheBehavior [ RunTime:0.004044s ]
INFO: [ app_begin ] --END-- [ RunTime:0.004276s ]
INFO: [ view_parse ] --START--
INFO: [ template_filter ] --START--
INFO: Run Behavior\ContentReplaceBehavior [ RunTime:0.000076s ]
INFO: [ template_filter ] --END-- [ RunTime:0.000200s ]
INFO: Run Behavior\ParseTemplateBehavior [ RunTime:0.018180s ]
INFO: [ view_parse ] --END-- [ RunTime:0.018333s ]
INFO: [ view_filter ] --START--
INFO: Run Behavior\WriteHtmlCacheBehavior [ RunTime:0.003207s ]
INFO: [ view_filter ] --END-- [ RunTime:0.003330s ]

[ 2020-06-20T09:48:42+08:00 ] ::1 /EPP_Project/legacy/Home/View/Information/dynacontent.html
INFO: [ app_init ] --START--
INFO: Run Behavior\BuildLiteBehavior [ RunTime:0.000038s ]
INFO: [ app_init ] --END-- [ RunTime:0.001951s ]
INFO: [ app_begin ] --START--
INFO: Run Behavior\ReadHtmlCacheBehavior [ RunTime:0.002366s ]
INFO: [ app_begin ] --END-- [ RunTime:0.002487s ]
INFO: [ view_parse ] --START--
INFO: [ template_filter ] --START--
INFO: Run Behavior\ContentReplaceBehavior [ RunTime:0.000093s ]
INFO: [ template_filter ] --END-- [ RunTime:0.000250s ]
INFO: Run Behavior\ParseTemplateBehavior [ RunTime:0.023616s ]
INFO: [ view_parse ] --END-- [ RunTime:0.023798s ]
INFO: [ view_filter ] --START--
INFO: Run Behavior\WriteHtmlCacheBehavior [ RunTime:0.002309s ]
INFO: [ view_filter ] --END-- [ RunTime:0.002425s ]

[ 2020-06-20T09:48:49+08:00 ] ::1 /EPP_Project/legacy/Index/index.html
INFO: [ app_init ] --START--
INFO: Run Behavior\BuildLiteBehavior [ RunTime:0.000025s ]
INFO: [ app_init ] --END-- [ RunTime:0.001991s ]
INFO: [ app_begin ] --START--
INFO: Run Behavior\ReadHtmlCacheBehavior [ RunTime:0.003292s ]
INFO: [ app_begin ] --END-- [ RunTime:0.003436s ]
SQL: SHOW COLUMNS FROM `tb_picture` [ RunTime:0.043304s ]
ERR: 1146:Table 'db_culture.tb_picture' doesn't exist
 [ SQL语句 ] : SHOW COLUMNS FROM `tb_picture`
SQL: SELECT * FROM `tb_picture` WHERE `type` = 'slide'  [ RunTime:0.000990s ]
ERR: 1146:Table 'db_culture.tb_picture' doesn't exist
 [ SQL语句 ] : SELECT * FROM `tb_picture` WHERE `type` = 'slide' 
SQL: SHOW COLUMNS FROM `tb_notice` [ RunTime:0.008999s ]
SQL: SELECT COUNT(*) AS tp_count FROM `tb_notice` WHERE ( id>=1 ) LIMIT 1   [ RunTime:0.000479s ]
SQL: SELECT * FROM `tb_notice` WHERE ( id>=1 ) ORDER BY `time` desc LIMIT 0,10   [ RunTime:0.000777s ]
SQL: SHOW COLUMNS FROM `tb_policy` [ RunTime:0.034960s ]
SQL: SELECT * FROM `tb_policy` WHERE ( id>=1 ) ORDER BY `time` desc  [ RunTime:0.001219s ]
SQL: SHOW COLUMNS FROM `tb_director` [ RunTime:0.010052s ]
SQL: SELECT * FROM `tb_director` WHERE ( Did>=1 ) ORDER BY `Did` asc  [ RunTime:0.002398s ]
SQL: SHOW COLUMNS FROM `tb_dynamic` [ RunTime:0.010896s ]
SQL: SELECT * FROM `tb_dynamic` WHERE ( id>=1 ) ORDER BY `time` desc  [ RunTime:0.000790s ]
SQL: SHOW COLUMNS FROM `tb_inheritor` [ RunTime:0.012848s ]
SQL: SELECT * FROM `tb_inheritor` WHERE ( id=1 ) LIMIT 1   [ RunTime:0.000617s ]
SQL: SHOW COLUMNS FROM `tb_country` [ RunTime:0.011412s ]
ERR: 1146:Table 'db_culture.tb_country' doesn't exist
 [ SQL语句 ] : SHOW COLUMNS FROM `tb_country`
SQL: SELECT * FROM `tb_country` WHERE ( id>=1 ) ORDER BY `id` asc  [ RunTime:0.001433s ]
ERR: 1146:Table 'db_culture.tb_country' doesn't exist
 [ SQL语句 ] : SELECT * FROM `tb_country` WHERE ( id>=1 ) ORDER BY `id` asc 
INFO: [ view_parse ] --START--
INFO: [ template_filter ] --START--
INFO: Run Behavior\ContentReplaceBehavior [ RunTime:0.000257s ]
INFO: [ template_filter ] --END-- [ RunTime:0.000383s ]
NOTIC: [8] Undefined variable: noti D:\phpStudy\WWW\EPP_Project\legacy\App\Runtime\Cache\Home\00e52909bed743ea261af4b6823297ff.php 第 166 行.
NOTIC: [8] Undefined variable: noti D:\phpStudy\WWW\EPP_Project\legacy\App\Runtime\Cache\Home\00e52909bed743ea261af4b6823297ff.php 第 166 行.
NOTIC: [8] Undefined variable: noti D:\phpStudy\WWW\EPP_Project\legacy\App\Runtime\Cache\Home\00e52909bed743ea261af4b6823297ff.php 第 166 行.
NOTIC: [8] Undefined variable: noti D:\phpStudy\WWW\EPP_Project\legacy\App\Runtime\Cache\Home\00e52909bed743ea261af4b6823297ff.php 第 166 行.
NOTIC: [8] Undefined variable: noti D:\phpStudy\WWW\EPP_Project\legacy\App\Runtime\Cache\Home\00e52909bed743ea261af4b6823297ff.php 第 166 行.
NOTIC: [8] Undefined variable: noti D:\phpStudy\WWW\EPP_Project\legacy\App\Runtime\Cache\Home\00e52909bed743ea261af4b6823297ff.php 第 166 行.
NOTIC: [8] Undefined variable: noti D:\phpStudy\WWW\EPP_Project\legacy\App\Runtime\Cache\Home\00e52909bed743ea261af4b6823297ff.php 第 166 行.
NOTIC: [8] Undefined variable: noti D:\phpStudy\WWW\EPP_Project\legacy\App\Runtime\Cache\Home\00e52909bed743ea261af4b6823297ff.php 第 166 行.
NOTIC: [8] Undefined variable: noti D:\phpStudy\WWW\EPP_Project\legacy\App\Runtime\Cache\Home\00e52909bed743ea261af4b6823297ff.php 第 166 行.
NOTIC: [8] Undefined variable: noti D:\phpStudy\WWW\EPP_Project\legacy\App\Runtime\Cache\Home\00e52909bed743ea261af4b6823297ff.php 第 166 行.
NOTIC: [8] Undefined index: intro D:\phpStudy\WWW\EPP_Project\legacy\App\Runtime\Cache\Home\00e52909bed743ea261af4b6823297ff.php 第 305 行.
NOTIC: [8] Undefined index: birthPlace D:\phpStudy\WWW\EPP_Project\legacy\App\Runtime\Cache\Home\00e52909bed743ea261af4b6823297ff.php 第 314 行.
INFO: Run Behavior\ParseTemplateBehavior [ RunTime:0.039632s ]
INFO: [ view_parse ] --END-- [ RunTime:0.039838s ]
INFO: [ view_filter ] --START--
INFO: Run Behavior\WriteHtmlCacheBehavior [ RunTime:0.003941s ]
INFO: [ view_filter ] --END-- [ RunTime:0.004186s ]
INFO: [ app_end ] --START--
INFO: Run Behavior\ShowPageTraceBehavior [ RunTime:0.003887s ]
INFO: [ app_end ] --END-- [ RunTime:0.004103s ]

[ 2020-06-20T09:48:49+08:00 ] ::1 /EPP_Project/legacy/Public/bootstrap/js/jquery.min.js
INFO: [ app_init ] --START--
INFO: Run Behavior\BuildLiteBehavior [ RunTime:0.000016s ]
INFO: [ app_init ] --END-- [ RunTime:0.001733s ]
INFO: [ app_begin ] --START--
INFO: Run Behavior\ReadHtmlCacheBehavior [ RunTime:0.003350s ]
INFO: [ app_begin ] --END-- [ RunTime:0.003493s ]
INFO: [ view_parse ] --START--
INFO: [ template_filter ] --START--
INFO: Run Behavior\ContentReplaceBehavior [ RunTime:0.000137s ]
INFO: [ template_filter ] --END-- [ RunTime:0.000355s ]
INFO: Run Behavior\ParseTemplateBehavior [ RunTime:0.022819s ]
INFO: [ view_parse ] --END-- [ RunTime:0.022968s ]
INFO: [ view_filter ] --START--
INFO: Run Behavior\WriteHtmlCacheBehavior [ RunTime:0.003016s ]
INFO: [ view_filter ] --END-- [ RunTime:0.003131s ]

[ 2020-06-20T09:49:23+08:00 ] ::1 /EPP_Project/legacy/Information/dynamic.html
INFO: [ app_init ] --START--
INFO: Run Behavior\BuildLiteBehavior [ RunTime:0.000048s ]
INFO: [ app_init ] --END-- [ RunTime:0.002528s ]
INFO: [ app_begin ] --START--
INFO: Run Behavior\ReadHtmlCacheBehavior [ RunTime:0.005781s ]
INFO: [ app_begin ] --END-- [ RunTime:0.006004s ]
SQL: SHOW COLUMNS FROM `tb_dynamic` [ RunTime:0.016744s ]
SQL: SELECT COUNT(*) AS tp_count FROM `tb_dynamic` WHERE ( id>=0 ) LIMIT 1   [ RunTime:0.000634s ]
NOTIC: [2] Invalid argument supplied for foreach() D:\phpStudy\WWW\EPP_Project\legacy\App\Home\Controller\IndexController.class.php 第 80 行.
SQL: SELECT * FROM `tb_dynamic` WHERE ( id>=0 ) ORDER BY `time` desc LIMIT 0,15   [ RunTime:0.001343s ]
SQL: SHOW COLUMNS FROM `tb_country` [ RunTime:0.010365s ]
ERR: 1146:Table 'db_culture.tb_country' doesn't exist
 [ SQL语句 ] : SHOW COLUMNS FROM `tb_country`
SQL: SELECT * FROM `tb_country` WHERE ( id>=1 ) ORDER BY `id` asc  [ RunTime:0.001988s ]
ERR: 1146:Table 'db_culture.tb_country' doesn't exist
 [ SQL语句 ] : SELECT * FROM `tb_country` WHERE ( id>=1 ) ORDER BY `id` asc 
INFO: [ view_parse ] --START--
INFO: [ template_filter ] --START--
INFO: Run Behavior\ContentReplaceBehavior [ RunTime:0.000134s ]
INFO: [ template_filter ] --END-- [ RunTime:0.000264s ]
INFO: Run Behavior\ParseTemplateBehavior [ RunTime:0.038499s ]
INFO: [ view_parse ] --END-- [ RunTime:0.038992s ]
INFO: [ view_filter ] --START--
INFO: Run Behavior\WriteHtmlCacheBehavior [ RunTime:0.003272s ]
INFO: [ view_filter ] --END-- [ RunTime:0.003394s ]
INFO: [ app_end ] --START--
INFO: Run Behavior\ShowPageTraceBehavior [ RunTime:0.008591s ]
INFO: [ app_end ] --END-- [ RunTime:0.008801s ]

[ 2020-06-20T09:49:23+08:00 ] ::1 /EPP_Project/legacy/Public/bootstrap/js/jquery.min.js
INFO: [ app_init ] --START--
INFO: Run Behavior\BuildLiteBehavior [ RunTime:0.000047s ]
INFO: [ app_init ] --END-- [ RunTime:0.002851s ]
INFO: [ app_begin ] --START--
INFO: Run Behavior\ReadHtmlCacheBehavior [ RunTime:0.003885s ]
INFO: [ app_begin ] --END-- [ RunTime:0.004040s ]
INFO: [ view_parse ] --START--
INFO: [ template_filter ] --START--
INFO: Run Behavior\ContentReplaceBehavior [ RunTime:0.000076s ]
INFO: [ template_filter ] --END-- [ RunTime:0.000197s ]
INFO: Run Behavior\ParseTemplateBehavior [ RunTime:0.024342s ]
INFO: [ view_parse ] --END-- [ RunTime:0.024487s ]
INFO: [ view_filter ] --START--
INFO: Run Behavior\WriteHtmlCacheBehavior [ RunTime:0.004962s ]
INFO: [ view_filter ] --END-- [ RunTime:0.005084s ]

[ 2020-06-20T09:49:28+08:00 ] ::1 /EPP_Project/legacy/Information/dynacontent.html
INFO: [ app_init ] --START--
INFO: Run Behavior\BuildLiteBehavior [ RunTime:0.000030s ]
INFO: [ app_init ] --END-- [ RunTime:0.001652s ]
INFO: [ app_begin ] --START--
INFO: Run Behavior\ReadHtmlCacheBehavior [ RunTime:0.004718s ]
INFO: [ app_begin ] --END-- [ RunTime:0.004870s ]
SQL: SHOW COLUMNS FROM `tb_dynamic` [ RunTime:0.020150s ]
SQL: SELECT * FROM `tb_dynamic` WHERE `id` = 7  [ RunTime:0.001083s ]
SQL: SHOW COLUMNS FROM `tb_country` [ RunTime:0.019016s ]
ERR: 1146:Table 'db_culture.tb_country' doesn't exist
 [ SQL语句 ] : SHOW COLUMNS FROM `tb_country`
SQL: SELECT * FROM `tb_country` WHERE ( id>=1 ) ORDER BY `id` asc  [ RunTime:0.002536s ]
ERR: 1146:Table 'db_culture.tb_country' doesn't exist
 [ SQL语句 ] : SELECT * FROM `tb_country` WHERE ( id>=1 ) ORDER BY `id` asc 
INFO: [ view_parse ] --START--
INFO: [ template_filter ] --START--
INFO: Run Behavior\ContentReplaceBehavior [ RunTime:0.000133s ]
INFO: [ template_filter ] --END-- [ RunTime:0.000257s ]
INFO: Run Behavior\ParseTemplateBehavior [ RunTime:0.031873s ]
INFO: [ view_parse ] --END-- [ RunTime:0.032062s ]
INFO: [ view_filter ] --START--
INFO: Run Behavior\WriteHtmlCacheBehavior [ RunTime:0.003008s ]
INFO: [ view_filter ] --END-- [ RunTime:0.003119s ]
INFO: [ app_end ] --START--
INFO: Run Behavior\ShowPageTraceBehavior [ RunTime:0.003496s ]
INFO: [ app_end ] --END-- [ RunTime:0.003611s ]

[ 2020-06-20T09:49:28+08:00 ] ::1 /EPP_Project/legacy/Public/bootstrap/js/jquery.min.js
INFO: [ app_init ] --START--
INFO: Run Behavior\BuildLiteBehavior [ RunTime:0.000031s ]
INFO: [ app_init ] --END-- [ RunTime:0.001798s ]
INFO: [ app_begin ] --START--
INFO: Run Behavior\ReadHtmlCacheBehavior [ RunTime:0.003282s ]
INFO: [ app_begin ] --END-- [ RunTime:0.003430s ]
INFO: [ view_parse ] --START--
INFO: [ template_filter ] --START--
INFO: Run Behavior\ContentReplaceBehavior [ RunTime:0.000076s ]
INFO: [ template_filter ] --END-- [ RunTime:0.000197s ]
INFO: Run Behavior\ParseTemplateBehavior [ RunTime:0.019082s ]
INFO: [ view_parse ] --END-- [ RunTime:0.019227s ]
INFO: [ view_filter ] --START--
INFO: Run Behavior\WriteHtmlCacheBehavior [ RunTime:0.003747s ]
INFO: [ view_filter ] --END-- [ RunTime:0.003863s ]

[ 2020-06-20T09:59:36+08:00 ] ::1 /EPP_Project/legacy/
INFO: [ app_init ] --START--
INFO: Run Behavior\BuildLiteBehavior [ RunTime:0.000031s ]
INFO: [ app_init ] --END-- [ RunTime:0.001691s ]
INFO: [ app_begin ] --START--
INFO: Run Behavior\ReadHtmlCacheBehavior [ RunTime:0.003751s ]
INFO: [ app_begin ] --END-- [ RunTime:0.003906s ]
SQL: SHOW COLUMNS FROM `tb_picture` [ RunTime:0.018102s ]
ERR: 1146:Table 'db_culture.tb_picture' doesn't exist
 [ SQL语句 ] : SHOW COLUMNS FROM `tb_picture`
SQL: SELECT * FROM `tb_picture` WHERE `type` = 'slide'  [ RunTime:0.002185s ]
ERR: 1146:Table 'db_culture.tb_picture' doesn't exist
 [ SQL语句 ] : SELECT * FROM `tb_picture` WHERE `type` = 'slide' 
SQL: SHOW COLUMNS FROM `tb_notice` [ RunTime:0.017551s ]
SQL: SELECT COUNT(*) AS tp_count FROM `tb_notice` WHERE ( id>=1 ) LIMIT 1   [ RunTime:0.001006s ]
SQL: SELECT * FROM `tb_notice` WHERE ( id>=1 ) ORDER BY `time` desc LIMIT 0,10   [ RunTime:0.001212s ]
SQL: SHOW COLUMNS FROM `tb_policy` [ RunTime:0.011050s ]
SQL: SELECT * FROM `tb_policy` WHERE ( id>=1 ) ORDER BY `time` desc  [ RunTime:0.001249s ]
SQL: SHOW COLUMNS FROM `tb_director` [ RunTime:0.011192s ]
SQL: SELECT * FROM `tb_director` WHERE ( Did>=1 ) ORDER BY `Did` asc  [ RunTime:0.001618s ]
SQL: SHOW COLUMNS FROM `tb_dynamic` [ RunTime:0.008832s ]
SQL: SELECT * FROM `tb_dynamic` WHERE ( id>=1 ) ORDER BY `time` desc  [ RunTime:0.000487s ]
SQL: SHOW COLUMNS FROM `tb_inheritor` [ RunTime:0.007164s ]
SQL: SELECT * FROM `tb_inheritor` WHERE ( id=1 ) LIMIT 1   [ RunTime:0.000656s ]
SQL: SHOW COLUMNS FROM `tb_country` [ RunTime:0.007449s ]
ERR: 1146:Table 'db_culture.tb_country' doesn't exist
 [ SQL语句 ] : SHOW COLUMNS FROM `tb_country`
SQL: SELECT * FROM `tb_country` WHERE ( id>=1 ) ORDER BY `id` asc  [ RunTime:0.001434s ]
ERR: 1146:Table 'db_culture.tb_country' doesn't exist
 [ SQL语句 ] : SELECT * FROM `tb_country` WHERE ( id>=1 ) ORDER BY `id` asc 
INFO: [ view_parse ] --START--
INFO: [ template_filter ] --START--
INFO: Run Behavior\ContentReplaceBehavior [ RunTime:0.000236s ]
INFO: [ template_filter ] --END-- [ RunTime:0.000369s ]
NOTIC: [8] Undefined variable: noti D:\phpStudy\WWW\EPP_Project\legacy\App\Runtime\Cache\Home\00e52909bed743ea261af4b6823297ff.php 第 166 行.
NOTIC: [8] Undefined variable: noti D:\phpStudy\WWW\EPP_Project\legacy\App\Runtime\Cache\Home\00e52909bed743ea261af4b6823297ff.php 第 166 行.
NOTIC: [8] Undefined variable: noti D:\phpStudy\WWW\EPP_Project\legacy\App\Runtime\Cache\Home\00e52909bed743ea261af4b6823297ff.php 第 166 行.
NOTIC: [8] Undefined variable: noti D:\phpStudy\WWW\EPP_Project\legacy\App\Runtime\Cache\Home\00e52909bed743ea261af4b6823297ff.php 第 166 行.
NOTIC: [8] Undefined variable: noti D:\phpStudy\WWW\EPP_Project\legacy\App\Runtime\Cache\Home\00e52909bed743ea261af4b6823297ff.php 第 166 行.
NOTIC: [8] Undefined variable: noti D:\phpStudy\WWW\EPP_Project\legacy\App\Runtime\Cache\Home\00e52909bed743ea261af4b6823297ff.php 第 166 行.
NOTIC: [8] Undefined variable: noti D:\phpStudy\WWW\EPP_Project\legacy\App\Runtime\Cache\Home\00e52909bed743ea261af4b6823297ff.php 第 166 行.
NOTIC: [8] Undefined variable: noti D:\phpStudy\WWW\EPP_Project\legacy\App\Runtime\Cache\Home\00e52909bed743ea261af4b6823297ff.php 第 166 行.
NOTIC: [8] Undefined variable: noti D:\phpStudy\WWW\EPP_Project\legacy\App\Runtime\Cache\Home\00e52909bed743ea261af4b6823297ff.php 第 166 行.
NOTIC: [8] Undefined variable: noti D:\phpStudy\WWW\EPP_Project\legacy\App\Runtime\Cache\Home\00e52909bed743ea261af4b6823297ff.php 第 166 行.
NOTIC: [8] Undefined index: intro D:\phpStudy\WWW\EPP_Project\legacy\App\Runtime\Cache\Home\00e52909bed743ea261af4b6823297ff.php 第 305 行.
NOTIC: [8] Undefined index: birthPlace D:\phpStudy\WWW\EPP_Project\legacy\App\Runtime\Cache\Home\00e52909bed743ea261af4b6823297ff.php 第 314 行.
INFO: Run Behavior\ParseTemplateBehavior [ RunTime:0.033853s ]
INFO: [ view_parse ] --END-- [ RunTime:0.033977s ]
INFO: [ view_filter ] --START--
INFO: Run Behavior\WriteHtmlCacheBehavior [ RunTime:0.002873s ]
INFO: [ view_filter ] --END-- [ RunTime:0.002981s ]
INFO: [ app_end ] --START--
INFO: Run Behavior\ShowPageTraceBehavior [ RunTime:0.004089s ]
INFO: [ app_end ] --END-- [ RunTime:0.004237s ]

[ 2020-06-20T09:59:36+08:00 ] ::1 /EPP_Project/legacy/Public/bootstrap/js/jquery.min.js
INFO: [ app_init ] --START--
INFO: Run Behavior\BuildLiteBehavior [ RunTime:0.000015s ]
INFO: [ app_init ] --END-- [ RunTime:0.000851s ]
INFO: [ app_begin ] --START--
INFO: Run Behavior\ReadHtmlCacheBehavior [ RunTime:0.003675s ]
INFO: [ app_begin ] --END-- [ RunTime:0.003903s ]
INFO: [ view_parse ] --START--
INFO: [ template_filter ] --START--
INFO: Run Behavior\ContentReplaceBehavior [ RunTime:0.000074s ]
INFO: [ template_filter ] --END-- [ RunTime:0.000197s ]
INFO: Run Behavior\ParseTemplateBehavior [ RunTime:0.019499s ]
INFO: [ view_parse ] --END-- [ RunTime:0.019701s ]
INFO: [ view_filter ] --START--
INFO: Run Behavior\WriteHtmlCacheBehavior [ RunTime:0.003121s ]
INFO: [ view_filter ] --END-- [ RunTime:0.003311s ]

[ 2020-06-20T10:00:02+08:00 ] ::1 /EPP_Project/legacy/Information/dynamic.html
INFO: [ app_init ] --START--
INFO: Run Behavior\BuildLiteBehavior [ RunTime:0.000032s ]
INFO: [ app_init ] --END-- [ RunTime:0.001473s ]
INFO: [ app_begin ] --START--
INFO: Run Behavior\ReadHtmlCacheBehavior [ RunTime:0.004247s ]
INFO: [ app_begin ] --END-- [ RunTime:0.004407s ]
SQL: SHOW COLUMNS FROM `tb_dynamic` [ RunTime:0.035132s ]
SQL: SELECT COUNT(*) AS tp_count FROM `tb_dynamic` WHERE ( id>=0 ) LIMIT 1   [ RunTime:0.000999s ]
NOTIC: [2] Invalid argument supplied for foreach() D:\phpStudy\WWW\EPP_Project\legacy\App\Home\Controller\IndexController.class.php 第 80 行.
SQL: SELECT * FROM `tb_dynamic` WHERE ( id>=0 ) ORDER BY `time` desc LIMIT 0,15   [ RunTime:0.002378s ]
SQL: SHOW COLUMNS FROM `tb_country` [ RunTime:0.020623s ]
ERR: 1146:Table 'db_culture.tb_country' doesn't exist
 [ SQL语句 ] : SHOW COLUMNS FROM `tb_country`
SQL: SELECT * FROM `tb_country` WHERE ( id>=1 ) ORDER BY `id` asc  [ RunTime:0.003128s ]
ERR: 1146:Table 'db_culture.tb_country' doesn't exist
 [ SQL语句 ] : SELECT * FROM `tb_country` WHERE ( id>=1 ) ORDER BY `id` asc 
INFO: [ view_parse ] --START--
INFO: [ template_filter ] --START--
INFO: Run Behavior\ContentReplaceBehavior [ RunTime:0.000162s ]
INFO: [ template_filter ] --END-- [ RunTime:0.000286s ]
INFO: Run Behavior\ParseTemplateBehavior [ RunTime:0.049747s ]
INFO: [ view_parse ] --END-- [ RunTime:0.049971s ]
INFO: [ view_filter ] --START--
INFO: Run Behavior\WriteHtmlCacheBehavior [ RunTime:0.004953s ]
INFO: [ view_filter ] --END-- [ RunTime:0.005071s ]
INFO: [ app_end ] --START--
INFO: Run Behavior\ShowPageTraceBehavior [ RunTime:0.007178s ]
INFO: [ app_end ] --END-- [ RunTime:0.007289s ]

[ 2020-06-20T10:00:03+08:00 ] ::1 /EPP_Project/legacy/Public/bootstrap/js/jquery.min.js
INFO: [ app_init ] --START--
INFO: Run Behavior\BuildLiteBehavior [ RunTime:0.000031s ]
INFO: [ app_init ] --END-- [ RunTime:0.001645s ]
INFO: [ app_begin ] --START--
INFO: Run Behavior\ReadHtmlCacheBehavior [ RunTime:0.005807s ]
INFO: [ app_begin ] --END-- [ RunTime:0.005972s ]
INFO: [ view_parse ] --START--
INFO: [ template_filter ] --START--
INFO: Run Behavior\ContentReplaceBehavior [ RunTime:0.000076s ]
INFO: [ template_filter ] --END-- [ RunTime:0.000195s ]
INFO: Run Behavior\ParseTemplateBehavior [ RunTime:0.020618s ]
INFO: [ view_parse ] --END-- [ RunTime:0.020766s ]
INFO: [ view_filter ] --START--
INFO: Run Behavior\WriteHtmlCacheBehavior [ RunTime:0.003755s ]
INFO: [ view_filter ] --END-- [ RunTime:0.003960s ]

[ 2020-06-20T10:00:07+08:00 ] ::1 /EPP_Project/legacy/Information/dynacontent.html
INFO: [ app_init ] --START--
INFO: Run Behavior\BuildLiteBehavior [ RunTime:0.000026s ]
INFO: [ app_init ] --END-- [ RunTime:0.001442s ]
INFO: [ app_begin ] --START--
INFO: Run Behavior\ReadHtmlCacheBehavior [ RunTime:0.003367s ]
INFO: [ app_begin ] --END-- [ RunTime:0.003556s ]
SQL: SHOW COLUMNS FROM `tb_dynamic` [ RunTime:0.039051s ]
SQL: SELECT * FROM `tb_dynamic` WHERE `id` = 7  [ RunTime:0.002302s ]
SQL: SHOW COLUMNS FROM `tb_country` [ RunTime:0.017567s ]
ERR: 1146:Table 'db_culture.tb_country' doesn't exist
 [ SQL语句 ] : SHOW COLUMNS FROM `tb_country`
SQL: SELECT * FROM `tb_country` WHERE ( id>=1 ) ORDER BY `id` asc  [ RunTime:0.002545s ]
ERR: 1146:Table 'db_culture.tb_country' doesn't exist
 [ SQL语句 ] : SELECT * FROM `tb_country` WHERE ( id>=1 ) ORDER BY `id` asc 
INFO: [ view_parse ] --START--
INFO: [ template_filter ] --START--
INFO: Run Behavior\ContentReplaceBehavior [ RunTime:0.000150s ]
INFO: [ template_filter ] --END-- [ RunTime:0.000294s ]
INFO: Run Behavior\ParseTemplateBehavior [ RunTime:0.040446s ]
INFO: [ view_parse ] --END-- [ RunTime:0.040627s ]
INFO: [ view_filter ] --START--
INFO: Run Behavior\WriteHtmlCacheBehavior [ RunTime:0.002772s ]
INFO: [ view_filter ] --END-- [ RunTime:0.002877s ]
INFO: [ app_end ] --START--
INFO: Run Behavior\ShowPageTraceBehavior [ RunTime:0.003199s ]
INFO: [ app_end ] --END-- [ RunTime:0.003295s ]

[ 2020-06-20T10:00:07+08:00 ] ::1 /EPP_Project/legacy/Public/bootstrap/js/jquery.min.js
INFO: [ app_init ] --START--
INFO: Run Behavior\BuildLiteBehavior [ RunTime:0.000024s ]
INFO: [ app_init ] --END-- [ RunTime:0.001534s ]
INFO: [ app_begin ] --START--
INFO: Run Behavior\ReadHtmlCacheBehavior [ RunTime:0.003326s ]
INFO: [ app_begin ] --END-- [ RunTime:0.003487s ]
INFO: [ view_parse ] --START--
INFO: [ template_filter ] --START--
INFO: Run Behavior\ContentReplaceBehavior [ RunTime:0.000048s ]
INFO: [ template_filter ] --END-- [ RunTime:0.000127s ]
INFO: Run Behavior\ParseTemplateBehavior [ RunTime:0.019053s ]
INFO: [ view_parse ] --END-- [ RunTime:0.019185s ]
INFO: [ view_filter ] --START--
INFO: Run Behavior\WriteHtmlCacheBehavior [ RunTime:0.002609s ]
INFO: [ view_filter ] --END-- [ RunTime:0.002711s ]

[ 2020-06-20T14:47:23+08:00 ] ::1 /EPP_Project/legacy/index.php
INFO: [ app_init ] --START--
INFO: Run Behavior\BuildLiteBehavior [ RunTime:0.000148s ]
INFO: [ app_init ] --END-- [ RunTime:0.039427s ]
INFO: [ app_begin ] --START--
INFO: Run Behavior\ReadHtmlCacheBehavior [ RunTime:0.085565s ]
INFO: [ app_begin ] --END-- [ RunTime:0.086461s ]
SQL: SHOW COLUMNS FROM `tb_picture` [ RunTime:0.078012s ]
ERR: 1146:Table 'db_culture.tb_picture' doesn't exist
 [ SQL语句 ] : SHOW COLUMNS FROM `tb_picture`
SQL: SELECT * FROM `tb_picture` WHERE `type` = 'slide'  [ RunTime:0.027468s ]
ERR: 1146:Table 'db_culture.tb_picture' doesn't exist
 [ SQL语句 ] : SELECT * FROM `tb_picture` WHERE `type` = 'slide' 
SQL: SHOW COLUMNS FROM `tb_notice` [ RunTime:0.178221s ]
SQL: SELECT COUNT(*) AS tp_count FROM `tb_notice` WHERE ( id>=1 ) LIMIT 1   [ RunTime:0.093288s ]
SQL: SELECT * FROM `tb_notice` WHERE ( id>=1 ) ORDER BY `time` desc LIMIT 0,10   [ RunTime:0.013608s ]
SQL: SHOW COLUMNS FROM `tb_policy` [ RunTime:0.113579s ]
SQL: SELECT * FROM `tb_policy` WHERE ( id>=1 ) ORDER BY `time` desc  [ RunTime:0.036330s ]
SQL: SHOW COLUMNS FROM `tb_director` [ RunTime:0.102135s ]
SQL: SELECT * FROM `tb_director` WHERE ( Did>=1 ) ORDER BY `Did` asc  [ RunTime:0.022225s ]
SQL: SHOW COLUMNS FROM `tb_dynamic` [ RunTime:0.065018s ]
SQL: SELECT * FROM `tb_dynamic` WHERE ( id>=1 ) ORDER BY `time` desc  [ RunTime:0.020361s ]
SQL: SHOW COLUMNS FROM `tb_inheritor` [ RunTime:0.092001s ]
SQL: SELECT * FROM `tb_inheritor` WHERE ( id=1 ) LIMIT 1   [ RunTime:0.001236s ]
SQL: SHOW COLUMNS FROM `tb_country` [ RunTime:0.018266s ]
ERR: 1146:Table 'db_culture.tb_country' doesn't exist
 [ SQL语句 ] : SHOW COLUMNS FROM `tb_country`
SQL: SELECT * FROM `tb_country` WHERE ( id>=1 ) ORDER BY `id` asc  [ RunTime:0.003643s ]
ERR: 1146:Table 'db_culture.tb_country' doesn't exist
 [ SQL语句 ] : SELECT * FROM `tb_country` WHERE ( id>=1 ) ORDER BY `id` asc 
INFO: [ view_parse ] --START--
INFO: [ template_filter ] --START--
INFO: Run Behavior\ContentReplaceBehavior [ RunTime:0.000325s ]
INFO: [ template_filter ] --END-- [ RunTime:0.000501s ]
NOTIC: [8] Undefined variable: noti D:\phpStudy\WWW\EPP_Project\legacy\App\Runtime\Cache\Home\00e52909bed743ea261af4b6823297ff.php 第 166 行.
NOTIC: [8] Undefined variable: noti D:\phpStudy\WWW\EPP_Project\legacy\App\Runtime\Cache\Home\00e52909bed743ea261af4b6823297ff.php 第 166 行.
NOTIC: [8] Undefined variable: noti D:\phpStudy\WWW\EPP_Project\legacy\App\Runtime\Cache\Home\00e52909bed743ea261af4b6823297ff.php 第 166 行.
NOTIC: [8] Undefined variable: noti D:\phpStudy\WWW\EPP_Project\legacy\App\Runtime\Cache\Home\00e52909bed743ea261af4b6823297ff.php 第 166 行.
NOTIC: [8] Undefined variable: noti D:\phpStudy\WWW\EPP_Project\legacy\App\Runtime\Cache\Home\00e52909bed743ea261af4b6823297ff.php 第 166 行.
NOTIC: [8] Undefined variable: noti D:\phpStudy\WWW\EPP_Project\legacy\App\Runtime\Cache\Home\00e52909bed743ea261af4b6823297ff.php 第 166 行.
NOTIC: [8] Undefined variable: noti D:\phpStudy\WWW\EPP_Project\legacy\App\Runtime\Cache\Home\00e52909bed743ea261af4b6823297ff.php 第 166 行.
NOTIC: [8] Undefined variable: noti D:\phpStudy\WWW\EPP_Project\legacy\App\Runtime\Cache\Home\00e52909bed743ea261af4b6823297ff.php 第 166 行.
NOTIC: [8] Undefined variable: noti D:\phpStudy\WWW\EPP_Project\legacy\App\Runtime\Cache\Home\00e52909bed743ea261af4b6823297ff.php 第 166 行.
NOTIC: [8] Undefined variable: noti D:\phpStudy\WWW\EPP_Project\legacy\App\Runtime\Cache\Home\00e52909bed743ea261af4b6823297ff.php 第 166 行.
NOTIC: [8] Undefined index: intro D:\phpStudy\WWW\EPP_Project\legacy\App\Runtime\Cache\Home\00e52909bed743ea261af4b6823297ff.php 第 305 行.
NOTIC: [8] Undefined index: birthPlace D:\phpStudy\WWW\EPP_Project\legacy\App\Runtime\Cache\Home\00e52909bed743ea261af4b6823297ff.php 第 314 行.
INFO: Run Behavior\ParseTemplateBehavior [ RunTime:0.498383s ]
INFO: [ view_parse ] --END-- [ RunTime:0.498613s ]
INFO: [ view_filter ] --START--
INFO: Run Behavior\WriteHtmlCacheBehavior [ RunTime:0.023595s ]
INFO: [ view_filter ] --END-- [ RunTime:0.023811s ]
INFO: [ app_end ] --START--
INFO: Run Behavior\ShowPageTraceBehavior [ RunTime:0.577612s ]
INFO: [ app_end ] --END-- [ RunTime:0.577918s ]

[ 2020-06-20T14:47:23+08:00 ] ::1 /EPP_Project/legacy/Public/bootstrap/js/jquery.min.js
INFO: [ app_init ] --START--
INFO: Run Behavior\BuildLiteBehavior [ RunTime:0.000068s ]
INFO: [ app_init ] --END-- [ RunTime:0.004860s ]
INFO: [ app_begin ] --START--
INFO: Run Behavior\ReadHtmlCacheBehavior [ RunTime:0.009541s ]
INFO: [ app_begin ] --END-- [ RunTime:0.009953s ]
INFO: [ view_parse ] --START--
INFO: [ template_filter ] --START--
INFO: Run Behavior\ContentReplaceBehavior [ RunTime:0.000075s ]
INFO: [ template_filter ] --END-- [ RunTime:0.000226s ]
INFO: Run Behavior\ParseTemplateBehavior [ RunTime:0.214319s ]
INFO: [ view_parse ] --END-- [ RunTime:0.214643s ]
INFO: [ view_filter ] --START--
INFO: Run Behavior\WriteHtmlCacheBehavior [ RunTime:0.004037s ]
INFO: [ view_filter ] --END-- [ RunTime:0.004234s ]

[ 2020-06-20T14:47:46+08:00 ] ::1 /EPP_Project/legacy/Public/Admin/js/jquery-3.4.1.js
INFO: [ app_init ] --START--
INFO: Run Behavior\BuildLiteBehavior [ RunTime:0.000200s ]
INFO: [ app_init ] --END-- [ RunTime:0.002213s ]
INFO: [ app_begin ] --START--
INFO: Run Behavior\ReadHtmlCacheBehavior [ RunTime:0.002550s ]
INFO: [ app_begin ] --END-- [ RunTime:0.002783s ]
INFO: [ view_parse ] --START--
INFO: [ template_filter ] --START--
INFO: Run Behavior\ContentReplaceBehavior [ RunTime:0.000084s ]
INFO: [ template_filter ] --END-- [ RunTime:0.000212s ]
INFO: Run Behavior\ParseTemplateBehavior [ RunTime:0.027189s ]
INFO: [ view_parse ] --END-- [ RunTime:0.027402s ]
INFO: [ view_filter ] --START--
INFO: Run Behavior\WriteHtmlCacheBehavior [ RunTime:0.003797s ]
INFO: [ view_filter ] --END-- [ RunTime:0.003901s ]

[ 2020-06-20T15:07:23+08:00 ] ::1 /EPP_Project/legacy/home
INFO: [ app_init ] --START--
INFO: Run Behavior\BuildLiteBehavior [ RunTime:0.000019s ]
INFO: [ app_init ] --END-- [ RunTime:0.001069s ]
INFO: [ app_begin ] --START--
INFO: Run Behavior\ReadHtmlCacheBehavior [ RunTime:0.003228s ]
INFO: [ app_begin ] --END-- [ RunTime:0.003407s ]
SQL: SHOW COLUMNS FROM `tb_picture` [ RunTime:0.015488s ]
ERR: 1146:Table 'db_culture.tb_picture' doesn't exist
 [ SQL语句 ] : SHOW COLUMNS FROM `tb_picture`
SQL: SELECT * FROM `tb_picture` WHERE `type` = 'slide'  [ RunTime:0.003117s ]
ERR: 1146:Table 'db_culture.tb_picture' doesn't exist
 [ SQL语句 ] : SELECT * FROM `tb_picture` WHERE `type` = 'slide' 
SQL: SHOW COLUMNS FROM `tb_notice` [ RunTime:0.015639s ]
SQL: SELECT COUNT(*) AS tp_count FROM `tb_notice` WHERE ( id>=1 ) LIMIT 1   [ RunTime:0.000925s ]
SQL: SELECT * FROM `tb_notice` WHERE ( id>=1 ) ORDER BY `time` desc LIMIT 0,10   [ RunTime:0.001714s ]
SQL: SHOW COLUMNS FROM `tb_policy` [ RunTime:0.016091s ]
SQL: SELECT * FROM `tb_policy` WHERE ( id>=1 ) ORDER BY `time` desc  [ RunTime:0.001521s ]
SQL: SHOW COLUMNS FROM `tb_director` [ RunTime:0.014412s ]
SQL: SELECT * FROM `tb_director` WHERE ( Did>=1 ) ORDER BY `Did` asc  [ RunTime:0.003101s ]
SQL: SHOW COLUMNS FROM `tb_dynamic` [ RunTime:0.012581s ]
SQL: SELECT * FROM `tb_dynamic` WHERE ( id>=1 ) ORDER BY `time` desc  [ RunTime:0.000883s ]
SQL: SHOW COLUMNS FROM `tb_inheritor` [ RunTime:0.009658s ]
SQL: SELECT * FROM `tb_inheritor` WHERE ( id=1 ) LIMIT 1   [ RunTime:0.000495s ]
SQL: SHOW COLUMNS FROM `tb_country` [ RunTime:0.007328s ]
ERR: 1146:Table 'db_culture.tb_country' doesn't exist
 [ SQL语句 ] : SHOW COLUMNS FROM `tb_country`
SQL: SELECT * FROM `tb_country` WHERE ( id>=1 ) ORDER BY `id` asc  [ RunTime:0.001639s ]
ERR: 1146:Table 'db_culture.tb_country' doesn't exist
 [ SQL语句 ] : SELECT * FROM `tb_country` WHERE ( id>=1 ) ORDER BY `id` asc 
INFO: [ view_parse ] --START--
INFO: [ template_filter ] --START--
INFO: Run Behavior\ContentReplaceBehavior [ RunTime:0.000233s ]
INFO: [ template_filter ] --END-- [ RunTime:0.000357s ]
NOTIC: [8] Undefined variable: noti D:\phpStudy\WWW\EPP_Project\legacy\App\Runtime\Cache\Home\00e52909bed743ea261af4b6823297ff.php 第 166 行.
NOTIC: [8] Undefined variable: noti D:\phpStudy\WWW\EPP_Project\legacy\App\Runtime\Cache\Home\00e52909bed743ea261af4b6823297ff.php 第 166 行.
NOTIC: [8] Undefined variable: noti D:\phpStudy\WWW\EPP_Project\legacy\App\Runtime\Cache\Home\00e52909bed743ea261af4b6823297ff.php 第 166 行.
NOTIC: [8] Undefined variable: noti D:\phpStudy\WWW\EPP_Project\legacy\App\Runtime\Cache\Home\00e52909bed743ea261af4b6823297ff.php 第 166 行.
NOTIC: [8] Undefined variable: noti D:\phpStudy\WWW\EPP_Project\legacy\App\Runtime\Cache\Home\00e52909bed743ea261af4b6823297ff.php 第 166 行.
NOTIC: [8] Undefined variable: noti D:\phpStudy\WWW\EPP_Project\legacy\App\Runtime\Cache\Home\00e52909bed743ea261af4b6823297ff.php 第 166 行.
NOTIC: [8] Undefined variable: noti D:\phpStudy\WWW\EPP_Project\legacy\App\Runtime\Cache\Home\00e52909bed743ea261af4b6823297ff.php 第 166 行.
NOTIC: [8] Undefined variable: noti D:\phpStudy\WWW\EPP_Project\legacy\App\Runtime\Cache\Home\00e52909bed743ea261af4b6823297ff.php 第 166 行.
NOTIC: [8] Undefined variable: noti D:\phpStudy\WWW\EPP_Project\legacy\App\Runtime\Cache\Home\00e52909bed743ea261af4b6823297ff.php 第 166 行.
NOTIC: [8] Undefined variable: noti D:\phpStudy\WWW\EPP_Project\legacy\App\Runtime\Cache\Home\00e52909bed743ea261af4b6823297ff.php 第 166 行.
NOTIC: [8] Undefined index: intro D:\phpStudy\WWW\EPP_Project\legacy\App\Runtime\Cache\Home\00e52909bed743ea261af4b6823297ff.php 第 305 行.
NOTIC: [8] Undefined index: birthPlace D:\phpStudy\WWW\EPP_Project\legacy\App\Runtime\Cache\Home\00e52909bed743ea261af4b6823297ff.php 第 314 行.
INFO: Run Behavior\ParseTemplateBehavior [ RunTime:0.034496s ]
INFO: [ view_parse ] --END-- [ RunTime:0.034626s ]
INFO: [ view_filter ] --START--
INFO: Run Behavior\WriteHtmlCacheBehavior [ RunTime:0.002618s ]
INFO: [ view_filter ] --END-- [ RunTime:0.002733s ]
INFO: [ app_end ] --START--
INFO: Run Behavior\ShowPageTraceBehavior [ RunTime:0.003278s ]
INFO: [ app_end ] --END-- [ RunTime:0.003460s ]

[ 2020-06-20T15:07:24+08:00 ] ::1 /EPP_Project/legacy/Public/bootstrap/js/jquery.min.js
INFO: [ app_init ] --START--
INFO: Run Behavior\BuildLiteBehavior [ RunTime:0.000038s ]
INFO: [ app_init ] --END-- [ RunTime:0.002164s ]
INFO: [ app_begin ] --START--
INFO: Run Behavior\ReadHtmlCacheBehavior [ RunTime:0.001752s ]
INFO: [ app_begin ] --END-- [ RunTime:0.001830s ]
INFO: [ view_parse ] --START--
INFO: [ template_filter ] --START--
INFO: Run Behavior\ContentReplaceBehavior [ RunTime:0.000078s ]
INFO: [ template_filter ] --END-- [ RunTime:0.000199s ]
INFO: Run Behavior\ParseTemplateBehavior [ RunTime:0.018895s ]
INFO: [ view_parse ] --END-- [ RunTime:0.018997s ]
INFO: [ view_filter ] --START--
INFO: Run Behavior\WriteHtmlCacheBehavior [ RunTime:0.002985s ]
INFO: [ view_filter ] --END-- [ RunTime:0.003087s ]

[ 2020-06-20T15:15:56+08:00 ] ::1 /EPP_Project/legacy/home
INFO: [ app_init ] --START--
INFO: Run Behavior\BuildLiteBehavior [ RunTime:0.000031s ]
INFO: [ app_init ] --END-- [ RunTime:0.001713s ]
INFO: [ app_begin ] --START--
INFO: Run Behavior\ReadHtmlCacheBehavior [ RunTime:0.003014s ]
INFO: [ app_begin ] --END-- [ RunTime:0.003158s ]
SQL: SHOW COLUMNS FROM `tb_picture` [ RunTime:0.041769s ]
ERR: 1146:Table 'db_culture.tb_picture' doesn't exist
 [ SQL语句 ] : SHOW COLUMNS FROM `tb_picture`
SQL: SELECT * FROM `tb_picture` WHERE `type` = 'slide'  [ RunTime:0.002701s ]
ERR: 1146:Table 'db_culture.tb_picture' doesn't exist
 [ SQL语句 ] : SELECT * FROM `tb_picture` WHERE `type` = 'slide' 
SQL: SHOW COLUMNS FROM `tb_notice` [ RunTime:0.023716s ]
SQL: SELECT COUNT(*) AS tp_count FROM `tb_notice` WHERE ( id>=1 ) LIMIT 1   [ RunTime:0.000899s ]
SQL: SELECT * FROM `tb_notice` WHERE ( id>=1 ) ORDER BY `time` desc LIMIT 0,10   [ RunTime:0.002055s ]
SQL: SHOW COLUMNS FROM `tb_policy` [ RunTime:0.020777s ]
SQL: SELECT * FROM `tb_policy` WHERE ( id>=1 ) ORDER BY `time` desc  [ RunTime:0.001926s ]
SQL: SHOW COLUMNS FROM `tb_director` [ RunTime:0.019778s ]
SQL: SELECT * FROM `tb_director` WHERE ( Did>=1 ) ORDER BY `Did` asc  [ RunTime:0.004250s ]
SQL: SHOW COLUMNS FROM `tb_dynamic` [ RunTime:0.018126s ]
SQL: SELECT * FROM `tb_dynamic` WHERE ( id>=1 ) ORDER BY `time` desc  [ RunTime:0.001170s ]
SQL: SHOW COLUMNS FROM `tb_inheritor` [ RunTime:0.021425s ]
SQL: SELECT * FROM `tb_inheritor` WHERE ( id=1 ) LIMIT 1   [ RunTime:0.001142s ]
SQL: SHOW COLUMNS FROM `tb_country` [ RunTime:0.015053s ]
ERR: 1146:Table 'db_culture.tb_country' doesn't exist
 [ SQL语句 ] : SHOW COLUMNS FROM `tb_country`
SQL: SELECT * FROM `tb_country` WHERE ( id>=1 ) ORDER BY `id` asc  [ RunTime:0.002345s ]
ERR: 1146:Table 'db_culture.tb_country' doesn't exist
 [ SQL语句 ] : SELECT * FROM `tb_country` WHERE ( id>=1 ) ORDER BY `id` asc 
INFO: [ view_parse ] --START--
INFO: [ template_filter ] --START--
INFO: Run Behavior\ContentReplaceBehavior [ RunTime:0.000596s ]
INFO: [ template_filter ] --END-- [ RunTime:0.000744s ]
NOTIC: [8] Undefined variable: noti D:\phpStudy\WWW\EPP_Project\legacy\App\Runtime\Cache\Home\00e52909bed743ea261af4b6823297ff.php 第 166 行.
NOTIC: [8] Undefined variable: noti D:\phpStudy\WWW\EPP_Project\legacy\App\Runtime\Cache\Home\00e52909bed743ea261af4b6823297ff.php 第 166 行.
NOTIC: [8] Undefined variable: noti D:\phpStudy\WWW\EPP_Project\legacy\App\Runtime\Cache\Home\00e52909bed743ea261af4b6823297ff.php 第 166 行.
NOTIC: [8] Undefined variable: noti D:\phpStudy\WWW\EPP_Project\legacy\App\Runtime\Cache\Home\00e52909bed743ea261af4b6823297ff.php 第 166 行.
NOTIC: [8] Undefined variable: noti D:\phpStudy\WWW\EPP_Project\legacy\App\Runtime\Cache\Home\00e52909bed743ea261af4b6823297ff.php 第 166 行.
NOTIC: [8] Undefined variable: noti D:\phpStudy\WWW\EPP_Project\legacy\App\Runtime\Cache\Home\00e52909bed743ea261af4b6823297ff.php 第 166 行.
NOTIC: [8] Undefined variable: noti D:\phpStudy\WWW\EPP_Project\legacy\App\Runtime\Cache\Home\00e52909bed743ea261af4b6823297ff.php 第 166 行.
NOTIC: [8] Undefined variable: noti D:\phpStudy\WWW\EPP_Project\legacy\App\Runtime\Cache\Home\00e52909bed743ea261af4b6823297ff.php 第 166 行.
NOTIC: [8] Undefined variable: noti D:\phpStudy\WWW\EPP_Project\legacy\App\Runtime\Cache\Home\00e52909bed743ea261af4b6823297ff.php 第 166 行.
NOTIC: [8] Undefined variable: noti D:\phpStudy\WWW\EPP_Project\legacy\App\Runtime\Cache\Home\00e52909bed743ea261af4b6823297ff.php 第 166 行.
NOTIC: [8] Undefined index: intro D:\phpStudy\WWW\EPP_Project\legacy\App\Runtime\Cache\Home\00e52909bed743ea261af4b6823297ff.php 第 305 行.
NOTIC: [8] Undefined index: birthPlace D:\phpStudy\WWW\EPP_Project\legacy\App\Runtime\Cache\Home\00e52909bed743ea261af4b6823297ff.php 第 314 行.
INFO: Run Behavior\ParseTemplateBehavior [ RunTime:0.048249s ]
INFO: [ view_parse ] --END-- [ RunTime:0.048409s ]
INFO: [ view_filter ] --START--
INFO: Run Behavior\WriteHtmlCacheBehavior [ RunTime:0.002440s ]
INFO: [ view_filter ] --END-- [ RunTime:0.002551s ]
INFO: [ app_end ] --START--
INFO: Run Behavior\ShowPageTraceBehavior [ RunTime:0.003229s ]
INFO: [ app_end ] --END-- [ RunTime:0.003854s ]

[ 2020-06-20T15:15:56+08:00 ] ::1 /EPP_Project/legacy/Public/bootstrap/js/jquery.min.js
INFO: [ app_init ] --START--
INFO: Run Behavior\BuildLiteBehavior [ RunTime:0.000030s ]
INFO: [ app_init ] --END-- [ RunTime:0.001836s ]
INFO: [ app_begin ] --START--
INFO: Run Behavior\ReadHtmlCacheBehavior [ RunTime:0.003018s ]
INFO: [ app_begin ] --END-- [ RunTime:0.003220s ]
INFO: [ view_parse ] --START--
INFO: [ template_filter ] --START--
INFO: Run Behavior\ContentReplaceBehavior [ RunTime:0.000076s ]
INFO: [ template_filter ] --END-- [ RunTime:0.000196s ]
INFO: Run Behavior\ParseTemplateBehavior [ RunTime:0.020860s ]
INFO: [ view_parse ] --END-- [ RunTime:0.021027s ]
INFO: [ view_filter ] --START--
INFO: Run Behavior\WriteHtmlCacheBehavior [ RunTime:0.002431s ]
INFO: [ view_filter ] --END-- [ RunTime:0.002549s ]

[ 2020-06-20T15:16:02+08:00 ] ::1 /EPP_Project/legacy/Information/dynamic.html
INFO: [ app_init ] --START--
INFO: Run Behavior\BuildLiteBehavior [ RunTime:0.000036s ]
INFO: [ app_init ] --END-- [ RunTime:0.001808s ]
INFO: [ app_begin ] --START--
INFO: Run Behavior\ReadHtmlCacheBehavior [ RunTime:0.002700s ]
INFO: [ app_begin ] --END-- [ RunTime:0.002837s ]
SQL: SHOW COLUMNS FROM `tb_dynamic` [ RunTime:0.043566s ]
SQL: SELECT COUNT(*) AS tp_count FROM `tb_dynamic` WHERE ( id>=0 ) LIMIT 1   [ RunTime:0.000569s ]
NOTIC: [2] Invalid argument supplied for foreach() D:\phpStudy\WWW\EPP_Project\legacy\App\Home\Controller\IndexController.class.php 第 80 行.
SQL: SELECT * FROM `tb_dynamic` WHERE ( id>=0 ) ORDER BY `time` desc LIMIT 0,15   [ RunTime:0.000905s ]
SQL: SHOW COLUMNS FROM `tb_country` [ RunTime:0.012400s ]
ERR: 1146:Table 'db_culture.tb_country' doesn't exist
 [ SQL语句 ] : SHOW COLUMNS FROM `tb_country`
SQL: SELECT * FROM `tb_country` WHERE ( id>=1 ) ORDER BY `id` asc  [ RunTime:0.002886s ]
ERR: 1146:Table 'db_culture.tb_country' doesn't exist
 [ SQL语句 ] : SELECT * FROM `tb_country` WHERE ( id>=1 ) ORDER BY `id` asc 
INFO: [ view_parse ] --START--
INFO: [ template_filter ] --START--
INFO: Run Behavior\ContentReplaceBehavior [ RunTime:0.000112s ]
INFO: [ template_filter ] --END-- [ RunTime:0.000220s ]
INFO: Run Behavior\ParseTemplateBehavior [ RunTime:0.088609s ]
INFO: [ view_parse ] --END-- [ RunTime:0.088761s ]
INFO: [ view_filter ] --START--
INFO: Run Behavior\WriteHtmlCacheBehavior [ RunTime:0.001935s ]
INFO: [ view_filter ] --END-- [ RunTime:0.002045s ]
INFO: [ app_end ] --START--
INFO: Run Behavior\ShowPageTraceBehavior [ RunTime:0.002580s ]
INFO: [ app_end ] --END-- [ RunTime:0.002840s ]

[ 2020-06-20T15:16:02+08:00 ] ::1 /EPP_Project/legacy/Public/bootstrap/js/jquery.min.js
INFO: [ app_init ] --START--
INFO: Run Behavior\BuildLiteBehavior [ RunTime:0.000016s ]
INFO: [ app_init ] --END-- [ RunTime:0.000852s ]
INFO: [ app_begin ] --START--
INFO: Run Behavior\ReadHtmlCacheBehavior [ RunTime:0.003416s ]
INFO: [ app_begin ] --END-- [ RunTime:0.003526s ]
INFO: [ view_parse ] --START--
INFO: [ template_filter ] --START--
INFO: Run Behavior\ContentReplaceBehavior [ RunTime:0.000077s ]
INFO: [ template_filter ] --END-- [ RunTime:0.000199s ]
INFO: Run Behavior\ParseTemplateBehavior [ RunTime:0.022228s ]
INFO: [ view_parse ] --END-- [ RunTime:0.022378s ]
INFO: [ view_filter ] --START--
INFO: Run Behavior\WriteHtmlCacheBehavior [ RunTime:0.002313s ]
INFO: [ view_filter ] --END-- [ RunTime:0.002596s ]

[ 2020-06-20T15:16:06+08:00 ] ::1 /EPP_Project/legacy/Information/dynacontent.html
INFO: [ app_init ] --START--
INFO: Run Behavior\BuildLiteBehavior [ RunTime:0.000032s ]
INFO: [ app_init ] --END-- [ RunTime:0.001767s ]
INFO: [ app_begin ] --START--
INFO: Run Behavior\ReadHtmlCacheBehavior [ RunTime:0.002758s ]
INFO: [ app_begin ] --END-- [ RunTime:0.002904s ]
SQL: SHOW COLUMNS FROM `tb_dynamic` [ RunTime:0.113056s ]
SQL: SELECT * FROM `tb_dynamic` WHERE `id` = 7  [ RunTime:0.000724s ]
SQL: SHOW COLUMNS FROM `tb_country` [ RunTime:0.039297s ]
ERR: 1146:Table 'db_culture.tb_country' doesn't exist
 [ SQL语句 ] : SHOW COLUMNS FROM `tb_country`
SQL: SELECT * FROM `tb_country` WHERE ( id>=1 ) ORDER BY `id` asc  [ RunTime:0.001426s ]
ERR: 1146:Table 'db_culture.tb_country' doesn't exist
 [ SQL语句 ] : SELECT * FROM `tb_country` WHERE ( id>=1 ) ORDER BY `id` asc 
INFO: [ view_parse ] --START--
INFO: [ template_filter ] --START--
INFO: Run Behavior\ContentReplaceBehavior [ RunTime:0.000132s ]
INFO: [ template_filter ] --END-- [ RunTime:0.000251s ]
INFO: Run Behavior\ParseTemplateBehavior [ RunTime:0.030694s ]
INFO: [ view_parse ] --END-- [ RunTime:0.030939s ]
INFO: [ view_filter ] --START--
INFO: Run Behavior\WriteHtmlCacheBehavior [ RunTime:0.003116s ]
INFO: [ view_filter ] --END-- [ RunTime:0.003235s ]
INFO: [ app_end ] --START--
INFO: Run Behavior\ShowPageTraceBehavior [ RunTime:0.002711s ]
INFO: [ app_end ] --END-- [ RunTime:0.002822s ]

[ 2020-06-20T15:16:06+08:00 ] ::1 /EPP_Project/legacy/Public/bootstrap/js/jquery.min.js
INFO: [ app_init ] --START--
INFO: Run Behavior\BuildLiteBehavior [ RunTime:0.000016s ]
INFO: [ app_init ] --END-- [ RunTime:0.001537s ]
INFO: [ app_begin ] --START--
INFO: Run Behavior\ReadHtmlCacheBehavior [ RunTime:0.002922s ]
INFO: [ app_begin ] --END-- [ RunTime:0.003053s ]
INFO: [ view_parse ] --START--
INFO: [ template_filter ] --START--
INFO: Run Behavior\ContentReplaceBehavior [ RunTime:0.000050s ]
INFO: [ template_filter ] --END-- [ RunTime:0.000130s ]
INFO: Run Behavior\ParseTemplateBehavior [ RunTime:0.017652s ]
INFO: [ view_parse ] --END-- [ RunTime:0.017778s ]
INFO: [ view_filter ] --START--
INFO: Run Behavior\WriteHtmlCacheBehavior [ RunTime:0.002168s ]
INFO: [ view_filter ] --END-- [ RunTime:0.002275s ]

