[ 2020-04-26T15:12:37+08:00 ] ::1 /test/culture3.0/index.php?_ijt=3cee4qnnvs40chma6ipcge8n63
INFO: [ app_init ] --START--
INFO: Run Behavior\BuildLiteBehavior [ RunTime:0.000024s ]
INFO: [ app_init ] --END-- [ RunTime:0.049126s ]
INFO: [ app_begin ] --START--
INFO: Run Behavior\ReadHtmlCacheBehavior [ RunTime:0.044951s ]
INFO: [ app_begin ] --END-- [ RunTime:0.045034s ]
SQL: SHOW COLUMNS FROM `tb_picture` [ RunTime:0.086544s ]
ERR: 1146:Table 'db_culture.tb_picture' doesn't exist
 [ SQL语句 ] : SHOW COLUMNS FROM `tb_picture`
SQL: SELECT * FROM `tb_picture` WHERE `type` = 'slide'  [ RunTime:0.002901s ]
ERR: 1146:Table 'db_culture.tb_picture' doesn't exist
 [ SQL语句 ] : SELECT * FROM `tb_picture` WHERE `type` = 'slide' 
SQL: SHOW COLUMNS FROM `tb_notice` [ RunTime:0.146492s ]
SQL: SELECT COUNT(*) AS tp_count FROM `tb_notice` WHERE ( id>=1 ) LIMIT 1   [ RunTime:0.021351s ]
SQL: SELECT * FROM `tb_notice` WHERE ( id>=1 ) ORDER BY `time` desc LIMIT 0,10   [ RunTime:0.001177s ]
SQL: SHOW COLUMNS FROM `tb_policy` [ RunTime:0.081150s ]
SQL: SELECT * FROM `tb_policy` WHERE ( id>=1 ) ORDER BY `time` desc  [ RunTime:0.000678s ]
SQL: SHOW COLUMNS FROM `tb_director` [ RunTime:0.099786s ]
SQL: SELECT * FROM `tb_director` WHERE ( Did>=1 ) ORDER BY `Did` asc  [ RunTime:0.001528s ]
SQL: SHOW COLUMNS FROM `tb_dynamic` [ RunTime:0.107577s ]
SQL: SELECT * FROM `tb_dynamic` WHERE ( id>=1 ) ORDER BY `time` desc  [ RunTime:0.000484s ]
SQL: SHOW COLUMNS FROM `tb_inheritor` [ RunTime:0.156302s ]
SQL: SELECT * FROM `tb_inheritor` WHERE ( id=1 ) LIMIT 1   [ RunTime:0.000317s ]
SQL: SHOW COLUMNS FROM `tb_country` [ RunTime:0.300605s ]
SQL: SELECT * FROM `tb_country` WHERE ( id>=1 ) ORDER BY `id` asc  [ RunTime:0.000467s ]
INFO: [ view_parse ] --START--
INFO: [ template_filter ] --START--
INFO: Run Behavior\ContentReplaceBehavior [ RunTime:0.000127s ]
INFO: [ template_filter ] --END-- [ RunTime:0.000232s ]
INFO: Run Behavior\ParseTemplateBehavior [ RunTime:0.771908s ]
INFO: [ view_parse ] --END-- [ RunTime:0.772007s ]
INFO: [ view_filter ] --START--
INFO: Run Behavior\WriteHtmlCacheBehavior [ RunTime:0.043939s ]
INFO: [ view_filter ] --END-- [ RunTime:0.044035s ]
INFO: [ app_end ] --START--
INFO: Run Behavior\ShowPageTraceBehavior [ RunTime:0.161530s ]
INFO: [ app_end ] --END-- [ RunTime:0.161657s ]

