[ 2020-06-29T09:33:42+08:00 ] ::1 /legacy/index.php
INFO: [ app_init ] --START--
INFO: Run Behavior\BuildLiteBehavior [ RunTime:0.000064s ]
INFO: [ app_init ] --END-- [ RunTime:0.071229s ]
INFO: [ app_begin ] --START--
INFO: Run Behavior\ReadHtmlCacheBehavior [ RunTime:0.004686s ]
INFO: [ app_begin ] --END-- [ RunTime:0.005181s ]
SQL: SHOW COLUMNS FROM `tb_picture` [ RunTime:0.113132s ]
ERR: 1146:Table 'db_culture.tb_picture' doesn't exist
 [ SQLè¯­å¥ ] : SHOW COLUMNS FROM `tb_picture`
SQL: SELECT * FROM `tb_picture` WHERE `type` = 'slide'  [ RunTime:0.011141s ]
ERR: 1146:Table 'db_culture.tb_picture' doesn't exist
 [ SQLè¯­å¥ ] : SELECT * FROM `tb_picture` WHERE `type` = 'slide' 
SQL: SHOW COLUMNS FROM `tb_notice` [ RunTime:0.085053s ]
SQL: SELECT COUNT(*) AS tp_count FROM `tb_notice` WHERE ( id>=1 ) LIMIT 1   [ RunTime:0.057591s ]
SQL: SELECT * FROM `tb_notice` WHERE ( id>=1 ) ORDER BY `time` desc LIMIT 0,10   [ RunTime:0.017498s ]
SQL: SHOW COLUMNS FROM `tb_policy` [ RunTime:0.095880s ]
SQL: SELECT * FROM `tb_policy` WHERE ( id>=1 ) ORDER BY `time` desc  [ RunTime:0.034778s ]
SQL: SHOW COLUMNS FROM `tb_director` [ RunTime:0.143963s ]
SQL: SELECT * FROM `tb_director` WHERE `type` = 'ä¼ ç»Ÿæˆå‰§' ORDER BY `Did` asc  [ RunTime:0.034367s ]
SQL: SELECT * FROM `tb_director` WHERE `type` = 'æ°‘é—´éŸ³ä¹' ORDER BY `Did` asc  [ RunTime:0.003232s ]
SQL: SELECT * FROM `tb_director` WHERE `type` = 'æ°‘é—´èˆžè¹ˆ' ORDER BY `Did` asc  [ RunTime:0.001352s ]
SQL: SELECT * FROM `tb_director` WHERE `type` = 'ä¼ ç»Ÿæ‰‹å·¥æŠ€è‰\º' ORDER BY `Did` asc  [ RunTime:0.001638s ]
SQL: SHOW COLUMNS FROM `tb_dynamic` [ RunTime:0.098953s ]
SQL: SELECT * FROM `tb_dynamic` WHERE ( id>=1 ) ORDER BY `time` desc  [ RunTime:0.037499s ]
SQL: SHOW COLUMNS FROM `tb_inheritor` [ RunTime:0.090615s ]
SQL: SELECT * FROM `tb_inheritor` WHERE ( id=1 ) LIMIT 1   [ RunTime:0.053900s ]
SQL: SHOW COLUMNS FROM `tb_country` [ RunTime:0.025078s ]
ERR: 1146:Table 'db_culture.tb_country' doesn't exist
 [ SQLè¯­å¥ ] : SHOW COLUMNS FROM `tb_country`
SQL: SELECT * FROM `tb_country` WHERE ( id>=1 ) ORDER BY `id` asc  [ RunTime:0.001784s ]
ERR: 1146:Table 'db_culture.tb_country' doesn't exist
 [ SQLè¯­å¥ ] : SELECT * FROM `tb_country` WHERE ( id>=1 ) ORDER BY `id` asc 
INFO: [ view_parse ] --START--
INFO: [ template_filter ] --START--
INFO: Run Behavior\ContentReplaceBehavior [ RunTime:0.000416s ]
INFO: [ template_filter ] --END-- [ RunTime:0.000628s ]
NOTIC: [8] Undefined variable: noti F:\phpStudy\WWW\legacy\App\Runtime\Cache\Home\00e52909bed743ea261af4b6823297ff.php ç¬¬ 151 è¡Œ.
NOTIC: [8] Undefined variable: noti F:\phpStudy\WWW\legacy\App\Runtime\Cache\Home\00e52909bed743ea261af4b6823297ff.php ç¬¬ 151 è¡Œ.
NOTIC: [8] Undefined variable: noti F:\phpStudy\WWW\legacy\App\Runtime\Cache\Home\00e52909bed743ea261af4b6823297ff.php ç¬¬ 151 è¡Œ.
NOTIC: [8] Undefined variable: noti F:\phpStudy\WWW\legacy\App\Runtime\Cache\Home\00e52909bed743ea261af4b6823297ff.php ç¬¬ 151 è¡Œ.
NOTIC: [8] Undefined variable: noti F:\phpStudy\WWW\legacy\App\Runtime\Cache\Home\00e52909bed743ea261af4b6823297ff.php ç¬¬ 151 è¡Œ.
NOTIC: [8] Undefined variable: noti F:\phpStudy\WWW\legacy\App\Runtime\Cache\Home\00e52909bed743ea261af4b6823297ff.php ç¬¬ 151 è¡Œ.
NOTIC: [8] Undefined variable: noti F:\phpStudy\WWW\legacy\App\Runtime\Cache\Home\00e52909bed743ea261af4b6823297ff.php ç¬¬ 151 è¡Œ.
NOTIC: [8] Undefined variable: noti F:\phpStudy\WWW\legacy\App\Runtime\Cache\Home\00e52909bed743ea261af4b6823297ff.php ç¬¬ 151 è¡Œ.
NOTIC: [8] Undefined variable: noti F:\phpStudy\WWW\legacy\App\Runtime\Cache\Home\00e52909bed743ea261af4b6823297ff.php ç¬¬ 151 è¡Œ.
NOTIC: [8] Undefined variable: noti F:\phpStudy\WWW\legacy\App\Runtime\Cache\Home\00e52909bed743ea261af4b6823297ff.php ç¬¬ 151 è¡Œ.
NOTIC: [8] Undefined index: birthPlace F:\phpStudy\WWW\legacy\App\Runtime\Cache\Home\00e52909bed743ea261af4b6823297ff.php ç¬¬ 299 è¡Œ.
INFO: Run Behavior\ParseTemplateBehavior [ RunTime:0.286938s ]
INFO: [ view_parse ] --END-- [ RunTime:0.287215s ]
INFO: [ view_filter ] --START--
INFO: Run Behavior\WriteHtmlCacheBehavior [ RunTime:0.016494s ]
INFO: [ view_filter ] --END-- [ RunTime:0.016776s ]
INFO: [ app_end ] --START--
INFO: Run Behavior\ShowPageTraceBehavior [ RunTime:0.005374s ]
INFO: [ app_end ] --END-- [ RunTime:0.005711s ]

[ 2020-06-29T09:33:42+08:00 ] ::1 /legacy/Public/bootstrap/js/jquery.min.js
INFO: [ app_init ] --START--
INFO: Run Behavior\BuildLiteBehavior [ RunTime:0.000030s ]
INFO: [ app_init ] --END-- [ RunTime:0.000904s ]
INFO: [ app_begin ] --START--
INFO: Run Behavior\ReadHtmlCacheBehavior [ RunTime:0.002792s ]
INFO: [ app_begin ] --END-- [ RunTime:0.003133s ]
INFO: [ view_parse ] --START--
INFO: [ template_filter ] --START--
INFO: Run Behavior\ContentReplaceBehavior [ RunTime:0.000040s ]
INFO: [ template_filter ] --END-- [ RunTime:0.000108s ]
INFO: Run Behavior\ParseTemplateBehavior [ RunTime:0.026723s ]
INFO: [ view_parse ] --END-- [ RunTime:0.026824s ]
INFO: [ view_filter ] --START--
INFO: Run Behavior\WriteHtmlCacheBehavior [ RunTime:0.000942s ]
INFO: [ view_filter ] --END-- [ RunTime:0.001108s ]

[ 2020-06-29T09:33:56+08:00 ] ::1 /legacy/Public/Admin/js/jquery-3.4.1.js
INFO: [ app_init ] --START--
INFO: Run Behavior\BuildLiteBehavior [ RunTime:0.000031s ]
INFO: [ app_init ] --END-- [ RunTime:0.001050s ]
INFO: [ app_begin ] --START--
INFO: Run Behavior\ReadHtmlCacheBehavior [ RunTime:0.001686s ]
INFO: [ app_begin ] --END-- [ RunTime:0.001820s ]
INFO: [ view_parse ] --START--
INFO: [ template_filter ] --START--
INFO: Run Behavior\ContentReplaceBehavior [ RunTime:0.000080s ]
INFO: [ template_filter ] --END-- [ RunTime:0.000214s ]
INFO: Run Behavior\ParseTemplateBehavior [ RunTime:0.013676s ]
INFO: [ view_parse ] --END-- [ RunTime:0.013966s ]
INFO: [ view_filter ] --START--
INFO: Run Behavior\WriteHtmlCacheBehavior [ RunTime:0.001699s ]
INFO: [ view_filter ] --END-- [ RunTime:0.001905s ]

