[ 2020-06-25T16:10:08+08:00 ] ::1 /test/legacy/index.php?_ijt=7f85fjl847175aojtfqs3nq1b
INFO: [ app_init ] --START--
INFO: Run Behavior\BuildLiteBehavior [ RunTime:0.000125s ]
INFO: [ app_init ] --END-- [ RunTime:0.094580s ]
INFO: [ app_begin ] --START--
INFO: Run Behavior\ReadHtmlCacheBehavior [ RunTime:0.049428s ]
INFO: [ app_begin ] --END-- [ RunTime:0.049511s ]
SQL: SHOW COLUMNS FROM `tb_picture` [ RunTime:0.137857s ]
ERR: 1146:Table 'db_culture.tb_picture' doesn't exist
 [ SQLè¯­å¥ ] : SHOW COLUMNS FROM `tb_picture`
SQL: SELECT * FROM `tb_picture` WHERE `type` = 'slide'  [ RunTime:0.050156s ]
ERR: 1146:Table 'db_culture.tb_picture' doesn't exist
 [ SQLè¯­å¥ ] : SELECT * FROM `tb_picture` WHERE `type` = 'slide' 
SQL: SHOW COLUMNS FROM `tb_notice` [ RunTime:0.667590s ]
SQL: SELECT COUNT(*) AS tp_count FROM `tb_notice` WHERE ( id>=1 ) LIMIT 1   [ RunTime:0.341208s ]
SQL: SELECT * FROM `tb_notice` WHERE ( id>=1 ) ORDER BY `time` desc LIMIT 0,10   [ RunTime:0.089029s ]
SQL: SHOW COLUMNS FROM `tb_policy` [ RunTime:0.393423s ]
SQL: SELECT * FROM `tb_policy` WHERE ( id>=1 ) ORDER BY `time` desc  [ RunTime:0.001541s ]
SQL: SHOW COLUMNS FROM `tb_director` [ RunTime:0.366797s ]
SQL: SELECT * FROM `tb_director` WHERE `type` = 'ä¼ ç»Ÿæˆå‰§' ORDER BY `Did` asc  [ RunTime:0.000629s ]
SQL: SELECT * FROM `tb_director` WHERE `type` = 'æ°‘é—´éŸ³ä¹' ORDER BY `Did` asc  [ RunTime:0.000536s ]
SQL: SELECT * FROM `tb_director` WHERE `type` = 'æ°‘é—´èˆžè¹ˆ' ORDER BY `Did` asc  [ RunTime:0.000341s ]
SQL: SELECT * FROM `tb_director` WHERE `type` = 'ä¼ ç»Ÿæ‰‹å·¥æŠ€è‰\º' ORDER BY `Did` asc  [ RunTime:0.000441s ]
SQL: SHOW COLUMNS FROM `tb_dynamic` [ RunTime:0.110044s ]
SQL: SELECT * FROM `tb_dynamic` WHERE ( id>=1 ) ORDER BY `time` desc  [ RunTime:0.000539s ]
SQL: SHOW COLUMNS FROM `tb_inheritor` [ RunTime:0.158473s ]
SQL: SELECT * FROM `tb_inheritor` WHERE ( id=1 ) LIMIT 1   [ RunTime:0.000291s ]
SQL: SHOW COLUMNS FROM `tb_country` [ RunTime:0.160097s ]
SQL: SELECT * FROM `tb_country` WHERE ( id>=1 ) ORDER BY `id` asc  [ RunTime:0.000529s ]
INFO: [ view_parse ] --START--
INFO: [ template_filter ] --START--
INFO: Run Behavior\ContentReplaceBehavior [ RunTime:0.000201s ]
INFO: [ template_filter ] --END-- [ RunTime:0.000296s ]
NOTIC: [8] Undefined variable: noti D:\phpStudy\WWW\test\legacy\App\Runtime\Cache\Home\00e52909bed743ea261af4b6823297ff.php ç¬¬ 166 è¡Œ.
NOTIC: [8] Undefined variable: noti D:\phpStudy\WWW\test\legacy\App\Runtime\Cache\Home\00e52909bed743ea261af4b6823297ff.php ç¬¬ 166 è¡Œ.
NOTIC: [8] Undefined variable: noti D:\phpStudy\WWW\test\legacy\App\Runtime\Cache\Home\00e52909bed743ea261af4b6823297ff.php ç¬¬ 166 è¡Œ.
NOTIC: [8] Undefined variable: noti D:\phpStudy\WWW\test\legacy\App\Runtime\Cache\Home\00e52909bed743ea261af4b6823297ff.php ç¬¬ 166 è¡Œ.
NOTIC: [8] Undefined variable: noti D:\phpStudy\WWW\test\legacy\App\Runtime\Cache\Home\00e52909bed743ea261af4b6823297ff.php ç¬¬ 166 è¡Œ.
NOTIC: [8] Undefined variable: noti D:\phpStudy\WWW\test\legacy\App\Runtime\Cache\Home\00e52909bed743ea261af4b6823297ff.php ç¬¬ 166 è¡Œ.
NOTIC: [8] Undefined variable: noti D:\phpStudy\WWW\test\legacy\App\Runtime\Cache\Home\00e52909bed743ea261af4b6823297ff.php ç¬¬ 166 è¡Œ.
NOTIC: [8] Undefined variable: noti D:\phpStudy\WWW\test\legacy\App\Runtime\Cache\Home\00e52909bed743ea261af4b6823297ff.php ç¬¬ 166 è¡Œ.
NOTIC: [8] Undefined variable: noti D:\phpStudy\WWW\test\legacy\App\Runtime\Cache\Home\00e52909bed743ea261af4b6823297ff.php ç¬¬ 166 è¡Œ.
NOTIC: [8] Undefined variable: noti D:\phpStudy\WWW\test\legacy\App\Runtime\Cache\Home\00e52909bed743ea261af4b6823297ff.php ç¬¬ 166 è¡Œ.
NOTIC: [8] Undefined index: birthPlace D:\phpStudy\WWW\test\legacy\App\Runtime\Cache\Home\00e52909bed743ea261af4b6823297ff.php ç¬¬ 314 è¡Œ.
INFO: Run Behavior\ParseTemplateBehavior [ RunTime:1.285200s ]
INFO: [ view_parse ] --END-- [ RunTime:1.285296s ]
INFO: [ view_filter ] --START--
INFO: Run Behavior\WriteHtmlCacheBehavior [ RunTime:0.019220s ]
INFO: [ view_filter ] --END-- [ RunTime:0.019306s ]
INFO: [ app_end ] --START--
INFO: Run Behavior\ShowPageTraceBehavior [ RunTime:0.012102s ]
INFO: [ app_end ] --END-- [ RunTime:0.012236s ]

[ 2020-06-25T16:10:08+08:00 ] ::1 /test/legacy/Public/bootstrap/js/jquery.min.js
INFO: [ app_init ] --START--
INFO: Run Behavior\BuildLiteBehavior [ RunTime:0.000014s ]
INFO: [ app_init ] --END-- [ RunTime:0.000330s ]
INFO: [ app_begin ] --START--
INFO: Run Behavior\ReadHtmlCacheBehavior [ RunTime:0.000522s ]
INFO: [ app_begin ] --END-- [ RunTime:0.000580s ]
INFO: [ view_parse ] --START--
INFO: [ template_filter ] --START--
INFO: Run Behavior\ContentReplaceBehavior [ RunTime:0.000039s ]
INFO: [ template_filter ] --END-- [ RunTime:0.000102s ]
INFO: Run Behavior\ParseTemplateBehavior [ RunTime:0.091965s ]
INFO: [ view_parse ] --END-- [ RunTime:0.092183s ]
INFO: [ view_filter ] --START--
INFO: Run Behavior\WriteHtmlCacheBehavior [ RunTime:0.002261s ]
INFO: [ view_filter ] --END-- [ RunTime:0.003524s ]

[ 2020-06-25T16:10:25+08:00 ] ::1 /test/legacy/Resource/shop.html
INFO: [ app_init ] --START--
INFO: Run Behavior\BuildLiteBehavior [ RunTime:0.000014s ]
INFO: [ app_init ] --END-- [ RunTime:0.000351s ]
INFO: [ app_begin ] --START--
INFO: Run Behavior\ReadHtmlCacheBehavior [ RunTime:0.001073s ]
INFO: [ app_begin ] --END-- [ RunTime:0.001356s ]
INFO: [ view_parse ] --START--
INFO: [ template_filter ] --START--
INFO: Run Behavior\ContentReplaceBehavior [ RunTime:0.000346s ]
INFO: [ template_filter ] --END-- [ RunTime:0.000425s ]
INFO: Run Behavior\ParseTemplateBehavior [ RunTime:0.510511s ]
INFO: [ view_parse ] --END-- [ RunTime:0.510715s ]
INFO: [ view_filter ] --START--
INFO: Run Behavior\WriteHtmlCacheBehavior [ RunTime:0.000707s ]
INFO: [ view_filter ] --END-- [ RunTime:0.000838s ]
INFO: [ app_end ] --START--
INFO: Run Behavior\ShowPageTraceBehavior [ RunTime:0.001301s ]
INFO: [ app_end ] --END-- [ RunTime:0.001464s ]

[ 2020-06-25T16:10:33+08:00 ] ::1 /test/legacy/Resource/shop.html
INFO: [ app_init ] --START--
INFO: Run Behavior\BuildLiteBehavior [ RunTime:0.000013s ]
INFO: [ app_init ] --END-- [ RunTime:0.000291s ]
INFO: [ app_begin ] --START--
INFO: Run Behavior\ReadHtmlCacheBehavior [ RunTime:0.000734s ]
INFO: [ app_begin ] --END-- [ RunTime:0.000815s ]
INFO: [ view_parse ] --START--
INFO: [ template_filter ] --START--
INFO: Run Behavior\ContentReplaceBehavior [ RunTime:0.000276s ]
INFO: [ template_filter ] --END-- [ RunTime:0.000346s ]
INFO: Run Behavior\ParseTemplateBehavior [ RunTime:0.081921s ]
INFO: [ view_parse ] --END-- [ RunTime:0.081993s ]
INFO: [ view_filter ] --START--
INFO: Run Behavior\WriteHtmlCacheBehavior [ RunTime:0.000253s ]
INFO: [ view_filter ] --END-- [ RunTime:0.000298s ]
INFO: [ app_end ] --START--
INFO: Run Behavior\ShowPageTraceBehavior [ RunTime:0.000616s ]
INFO: [ app_end ] --END-- [ RunTime:0.000739s ]

[ 2020-06-25T16:10:37+08:00 ] ::1 /test/legacy/Resource/shop.html
INFO: [ app_init ] --START--
INFO: Run Behavior\BuildLiteBehavior [ RunTime:0.000014s ]
INFO: [ app_init ] --END-- [ RunTime:0.000302s ]
INFO: [ app_begin ] --START--
INFO: Run Behavior\ReadHtmlCacheBehavior [ RunTime:0.000748s ]
INFO: [ app_begin ] --END-- [ RunTime:0.000856s ]
INFO: [ view_parse ] --START--
INFO: [ template_filter ] --START--
INFO: Run Behavior\ContentReplaceBehavior [ RunTime:0.000273s ]
INFO: [ template_filter ] --END-- [ RunTime:0.000349s ]
INFO: Run Behavior\ParseTemplateBehavior [ RunTime:0.035795s ]
INFO: [ view_parse ] --END-- [ RunTime:0.035868s ]
INFO: [ view_filter ] --START--
INFO: Run Behavior\WriteHtmlCacheBehavior [ RunTime:0.000224s ]
INFO: [ view_filter ] --END-- [ RunTime:0.000267s ]
INFO: [ app_end ] --START--
INFO: Run Behavior\ShowPageTraceBehavior [ RunTime:0.000662s ]
INFO: [ app_end ] --END-- [ RunTime:0.000759s ]

[ 2020-06-25T16:10:41+08:00 ] ::1 /test/legacy/Resource/index.html
INFO: [ app_init ] --START--
INFO: Run Behavior\BuildLiteBehavior [ RunTime:0.000014s ]
INFO: [ app_init ] --END-- [ RunTime:0.000339s ]
INFO: [ app_begin ] --START--
INFO: Run Behavior\ReadHtmlCacheBehavior [ RunTime:0.000615s ]
INFO: [ app_begin ] --END-- [ RunTime:0.000705s ]
INFO: [ view_parse ] --START--
INFO: [ template_filter ] --START--
INFO: Run Behavior\ContentReplaceBehavior [ RunTime:0.000059s ]
INFO: [ template_filter ] --END-- [ RunTime:0.000126s ]
NOTIC: [8] Undefined variable: country D:\phpStudy\WWW\test\legacy\App\Runtime\Cache\Home\c552b9efaaee4e2535699433a8fcd74c.php ç¬¬ 108 è¡Œ.
INFO: Run Behavior\ParseTemplateBehavior [ RunTime:0.114452s ]
INFO: [ view_parse ] --END-- [ RunTime:0.114520s ]
INFO: [ view_filter ] --START--
INFO: Run Behavior\WriteHtmlCacheBehavior [ RunTime:0.000246s ]
INFO: [ view_filter ] --END-- [ RunTime:0.000293s ]
INFO: [ app_end ] --START--
INFO: Run Behavior\ShowPageTraceBehavior [ RunTime:0.000533s ]
INFO: [ app_end ] --END-- [ RunTime:0.000589s ]

[ 2020-06-25T16:10:42+08:00 ] ::1 /test/legacy/Public/bootstrap/js/jquery.min.js
INFO: [ app_init ] --START--
INFO: Run Behavior\BuildLiteBehavior [ RunTime:0.000025s ]
INFO: [ app_init ] --END-- [ RunTime:0.000346s ]
INFO: [ app_begin ] --START--
INFO: Run Behavior\ReadHtmlCacheBehavior [ RunTime:0.000387s ]
INFO: [ app_begin ] --END-- [ RunTime:0.000439s ]
INFO: [ view_parse ] --START--
INFO: [ template_filter ] --START--
INFO: Run Behavior\ContentReplaceBehavior [ RunTime:0.000035s ]
INFO: [ template_filter ] --END-- [ RunTime:0.000090s ]
INFO: Run Behavior\ParseTemplateBehavior [ RunTime:0.005508s ]
INFO: [ view_parse ] --END-- [ RunTime:0.005592s ]
INFO: [ view_filter ] --START--
INFO: Run Behavior\WriteHtmlCacheBehavior [ RunTime:0.000287s ]
INFO: [ view_filter ] --END-- [ RunTime:0.000360s ]

[ 2020-06-25T16:10:46+08:00 ] ::1 /test/legacy/Index/index.html
INFO: [ app_init ] --START--
INFO: Run Behavior\BuildLiteBehavior [ RunTime:0.000013s ]
INFO: [ app_init ] --END-- [ RunTime:0.000287s ]
INFO: [ app_begin ] --START--
INFO: Run Behavior\ReadHtmlCacheBehavior [ RunTime:0.000387s ]
INFO: [ app_begin ] --END-- [ RunTime:0.000438s ]
SQL: SHOW COLUMNS FROM `tb_picture` [ RunTime:0.008869s ]
ERR: 1146:Table 'db_culture.tb_picture' doesn't exist
 [ SQLè¯­å¥ ] : SHOW COLUMNS FROM `tb_picture`
SQL: SELECT * FROM `tb_picture` WHERE `type` = 'slide'  [ RunTime:0.000405s ]
ERR: 1146:Table 'db_culture.tb_picture' doesn't exist
 [ SQLè¯­å¥ ] : SELECT * FROM `tb_picture` WHERE `type` = 'slide' 
SQL: SHOW COLUMNS FROM `tb_notice` [ RunTime:0.012139s ]
SQL: SELECT COUNT(*) AS tp_count FROM `tb_notice` WHERE ( id>=1 ) LIMIT 1   [ RunTime:0.000313s ]
SQL: SELECT * FROM `tb_notice` WHERE ( id>=1 ) ORDER BY `time` desc LIMIT 0,10   [ RunTime:0.000531s ]
SQL: SHOW COLUMNS FROM `tb_policy` [ RunTime:0.010456s ]
SQL: SELECT * FROM `tb_policy` WHERE ( id>=1 ) ORDER BY `time` desc  [ RunTime:0.000534s ]
SQL: SHOW COLUMNS FROM `tb_director` [ RunTime:0.012844s ]
SQL: SELECT * FROM `tb_director` WHERE `type` = 'ä¼ ç»Ÿæˆå‰§' ORDER BY `Did` asc  [ RunTime:0.000401s ]
SQL: SELECT * FROM `tb_director` WHERE `type` = 'æ°‘é—´éŸ³ä¹' ORDER BY `Did` asc  [ RunTime:0.000621s ]
SQL: SELECT * FROM `tb_director` WHERE `type` = 'æ°‘é—´èˆžè¹ˆ' ORDER BY `Did` asc  [ RunTime:0.000339s ]
SQL: SELECT * FROM `tb_director` WHERE `type` = 'ä¼ ç»Ÿæ‰‹å·¥æŠ€è‰\º' ORDER BY `Did` asc  [ RunTime:0.000482s ]
SQL: SHOW COLUMNS FROM `tb_dynamic` [ RunTime:0.012111s ]
SQL: SELECT * FROM `tb_dynamic` WHERE ( id>=1 ) ORDER BY `time` desc  [ RunTime:0.000451s ]
SQL: SHOW COLUMNS FROM `tb_inheritor` [ RunTime:0.569806s ]
SQL: SELECT * FROM `tb_inheritor` WHERE ( id=1 ) LIMIT 1   [ RunTime:0.000481s ]
SQL: SHOW COLUMNS FROM `tb_country` [ RunTime:0.040327s ]
SQL: SELECT * FROM `tb_country` WHERE ( id>=1 ) ORDER BY `id` asc  [ RunTime:0.000512s ]
INFO: [ view_parse ] --START--
INFO: [ template_filter ] --START--
INFO: Run Behavior\ContentReplaceBehavior [ RunTime:0.000109s ]
INFO: [ template_filter ] --END-- [ RunTime:0.000165s ]
NOTIC: [8] Undefined variable: noti D:\phpStudy\WWW\test\legacy\App\Runtime\Cache\Home\00e52909bed743ea261af4b6823297ff.php ç¬¬ 166 è¡Œ.
NOTIC: [8] Undefined variable: noti D:\phpStudy\WWW\test\legacy\App\Runtime\Cache\Home\00e52909bed743ea261af4b6823297ff.php ç¬¬ 166 è¡Œ.
NOTIC: [8] Undefined variable: noti D:\phpStudy\WWW\test\legacy\App\Runtime\Cache\Home\00e52909bed743ea261af4b6823297ff.php ç¬¬ 166 è¡Œ.
NOTIC: [8] Undefined variable: noti D:\phpStudy\WWW\test\legacy\App\Runtime\Cache\Home\00e52909bed743ea261af4b6823297ff.php ç¬¬ 166 è¡Œ.
NOTIC: [8] Undefined variable: noti D:\phpStudy\WWW\test\legacy\App\Runtime\Cache\Home\00e52909bed743ea261af4b6823297ff.php ç¬¬ 166 è¡Œ.
NOTIC: [8] Undefined variable: noti D:\phpStudy\WWW\test\legacy\App\Runtime\Cache\Home\00e52909bed743ea261af4b6823297ff.php ç¬¬ 166 è¡Œ.
NOTIC: [8] Undefined variable: noti D:\phpStudy\WWW\test\legacy\App\Runtime\Cache\Home\00e52909bed743ea261af4b6823297ff.php ç¬¬ 166 è¡Œ.
NOTIC: [8] Undefined variable: noti D:\phpStudy\WWW\test\legacy\App\Runtime\Cache\Home\00e52909bed743ea261af4b6823297ff.php ç¬¬ 166 è¡Œ.
NOTIC: [8] Undefined variable: noti D:\phpStudy\WWW\test\legacy\App\Runtime\Cache\Home\00e52909bed743ea261af4b6823297ff.php ç¬¬ 166 è¡Œ.
NOTIC: [8] Undefined variable: noti D:\phpStudy\WWW\test\legacy\App\Runtime\Cache\Home\00e52909bed743ea261af4b6823297ff.php ç¬¬ 166 è¡Œ.
NOTIC: [8] Undefined index: birthPlace D:\phpStudy\WWW\test\legacy\App\Runtime\Cache\Home\00e52909bed743ea261af4b6823297ff.php ç¬¬ 314 è¡Œ.
INFO: Run Behavior\ParseTemplateBehavior [ RunTime:0.061305s ]
INFO: [ view_parse ] --END-- [ RunTime:0.061383s ]
INFO: [ view_filter ] --START--
INFO: Run Behavior\WriteHtmlCacheBehavior [ RunTime:0.000217s ]
INFO: [ view_filter ] --END-- [ RunTime:0.000258s ]
INFO: [ app_end ] --START--
INFO: Run Behavior\ShowPageTraceBehavior [ RunTime:0.000626s ]
INFO: [ app_end ] --END-- [ RunTime:0.000689s ]

[ 2020-06-25T16:10:47+08:00 ] ::1 /test/legacy/Public/bootstrap/js/jquery.min.js
INFO: [ app_init ] --START--
INFO: Run Behavior\BuildLiteBehavior [ RunTime:0.000016s ]
INFO: [ app_init ] --END-- [ RunTime:0.000486s ]
INFO: [ app_begin ] --START--
INFO: Run Behavior\ReadHtmlCacheBehavior [ RunTime:0.000759s ]
INFO: [ app_begin ] --END-- [ RunTime:0.000874s ]
INFO: [ view_parse ] --START--
INFO: [ template_filter ] --START--
INFO: Run Behavior\ContentReplaceBehavior [ RunTime:0.000067s ]
INFO: [ template_filter ] --END-- [ RunTime:0.000167s ]
INFO: Run Behavior\ParseTemplateBehavior [ RunTime:0.009914s ]
INFO: [ view_parse ] --END-- [ RunTime:0.009985s ]
INFO: [ view_filter ] --START--
INFO: Run Behavior\WriteHtmlCacheBehavior [ RunTime:0.000346s ]
INFO: [ view_filter ] --END-- [ RunTime:0.000408s ]

[ 2020-06-25T16:14:54+08:00 ] ::1 /test/legacy/Index/index.html
INFO: [ app_init ] --START--
INFO: Run Behavior\BuildLiteBehavior [ RunTime:0.000018s ]
INFO: [ app_init ] --END-- [ RunTime:0.053888s ]
INFO: [ app_begin ] --START--
INFO: Run Behavior\ReadHtmlCacheBehavior [ RunTime:0.053171s ]
INFO: [ app_begin ] --END-- [ RunTime:0.053271s ]
SQL: SHOW COLUMNS FROM `tb_picture` [ RunTime:0.818510s ]
ERR: 1146:Table 'db_culture.tb_picture' doesn't exist
 [ SQLè¯­å¥ ] : SHOW COLUMNS FROM `tb_picture`
SQL: SELECT * FROM `tb_picture` WHERE `type` = 'slide'  [ RunTime:0.121610s ]
ERR: 1146:Table 'db_culture.tb_picture' doesn't exist
 [ SQLè¯­å¥ ] : SELECT * FROM `tb_picture` WHERE `type` = 'slide' 
SQL: SHOW COLUMNS FROM `tb_notice` [ RunTime:0.197050s ]
SQL: SELECT COUNT(*) AS tp_count FROM `tb_notice` WHERE ( id>=1 ) LIMIT 1   [ RunTime:0.000344s ]
SQL: SELECT * FROM `tb_notice` WHERE ( id>=1 ) ORDER BY `time` desc LIMIT 0,10   [ RunTime:0.000471s ]
SQL: SHOW COLUMNS FROM `tb_policy` [ RunTime:0.191571s ]
SQL: SELECT * FROM `tb_policy` WHERE ( id>=1 ) ORDER BY `time` desc  [ RunTime:0.001210s ]
SQL: SHOW COLUMNS FROM `tb_director` [ RunTime:1.355967s ]
SQL: SELECT * FROM `tb_director` WHERE `type` = 'ä¼ ç»Ÿæˆå‰§' ORDER BY `Did` asc  [ RunTime:0.000876s ]
SQL: SELECT * FROM `tb_director` WHERE `type` = 'æ°‘é—´éŸ³ä¹' ORDER BY `Did` asc  [ RunTime:0.001364s ]
SQL: SELECT * FROM `tb_director` WHERE `type` = 'æ°‘é—´èˆžè¹ˆ' ORDER BY `Did` asc  [ RunTime:0.000546s ]
SQL: SELECT * FROM `tb_director` WHERE `type` = 'ä¼ ç»Ÿæ‰‹å·¥æŠ€è‰\º' ORDER BY `Did` asc  [ RunTime:0.000460s ]
SQL: SHOW COLUMNS FROM `tb_dynamic` [ RunTime:0.258772s ]
SQL: SELECT * FROM `tb_dynamic` WHERE ( id>=1 ) ORDER BY `time` desc  [ RunTime:0.000453s ]
SQL: SHOW COLUMNS FROM `tb_inheritor` [ RunTime:0.988167s ]
SQL: SELECT * FROM `tb_inheritor` WHERE ( id=1 ) LIMIT 1   [ RunTime:0.000862s ]
SQL: SHOW COLUMNS FROM `tb_country` [ RunTime:3.368944s ]
SQL: SELECT * FROM `tb_country` WHERE ( id>=1 ) ORDER BY `id` asc  [ RunTime:0.000581s ]
INFO: [ view_parse ] --START--
INFO: [ template_filter ] --START--
INFO: Run Behavior\ContentReplaceBehavior [ RunTime:0.000110s ]
INFO: [ template_filter ] --END-- [ RunTime:0.000170s ]
NOTIC: [8] Undefined variable: noti D:\phpStudy\WWW\test\legacy\App\Runtime\Cache\Home\00e52909bed743ea261af4b6823297ff.php ç¬¬ 163 è¡Œ.
NOTIC: [8] Undefined variable: noti D:\phpStudy\WWW\test\legacy\App\Runtime\Cache\Home\00e52909bed743ea261af4b6823297ff.php ç¬¬ 163 è¡Œ.
NOTIC: [8] Undefined variable: noti D:\phpStudy\WWW\test\legacy\App\Runtime\Cache\Home\00e52909bed743ea261af4b6823297ff.php ç¬¬ 163 è¡Œ.
NOTIC: [8] Undefined variable: noti D:\phpStudy\WWW\test\legacy\App\Runtime\Cache\Home\00e52909bed743ea261af4b6823297ff.php ç¬¬ 163 è¡Œ.
NOTIC: [8] Undefined variable: noti D:\phpStudy\WWW\test\legacy\App\Runtime\Cache\Home\00e52909bed743ea261af4b6823297ff.php ç¬¬ 163 è¡Œ.
NOTIC: [8] Undefined variable: noti D:\phpStudy\WWW\test\legacy\App\Runtime\Cache\Home\00e52909bed743ea261af4b6823297ff.php ç¬¬ 163 è¡Œ.
NOTIC: [8] Undefined variable: noti D:\phpStudy\WWW\test\legacy\App\Runtime\Cache\Home\00e52909bed743ea261af4b6823297ff.php ç¬¬ 163 è¡Œ.
NOTIC: [8] Undefined variable: noti D:\phpStudy\WWW\test\legacy\App\Runtime\Cache\Home\00e52909bed743ea261af4b6823297ff.php ç¬¬ 163 è¡Œ.
NOTIC: [8] Undefined variable: noti D:\phpStudy\WWW\test\legacy\App\Runtime\Cache\Home\00e52909bed743ea261af4b6823297ff.php ç¬¬ 163 è¡Œ.
NOTIC: [8] Undefined variable: noti D:\phpStudy\WWW\test\legacy\App\Runtime\Cache\Home\00e52909bed743ea261af4b6823297ff.php ç¬¬ 163 è¡Œ.
NOTIC: [8] Undefined index: birthPlace D:\phpStudy\WWW\test\legacy\App\Runtime\Cache\Home\00e52909bed743ea261af4b6823297ff.php ç¬¬ 311 è¡Œ.
INFO: Run Behavior\ParseTemplateBehavior [ RunTime:0.538582s ]
INFO: [ view_parse ] --END-- [ RunTime:0.538686s ]
INFO: [ view_filter ] --START--
INFO: Run Behavior\WriteHtmlCacheBehavior [ RunTime:0.014636s ]
INFO: [ view_filter ] --END-- [ RunTime:0.014743s ]
INFO: [ app_end ] --START--
INFO: Run Behavior\ShowPageTraceBehavior [ RunTime:0.076521s ]
INFO: [ app_end ] --END-- [ RunTime:0.076644s ]

[ 2020-06-25T16:14:56+08:00 ] ::1 /test/legacy/Public/bootstrap/js/jquery.min.js
INFO: [ app_init ] --START--
INFO: Run Behavior\BuildLiteBehavior [ RunTime:0.000039s ]
INFO: [ app_init ] --END-- [ RunTime:0.001184s ]
INFO: [ app_begin ] --START--
INFO: Run Behavior\ReadHtmlCacheBehavior [ RunTime:0.000820s ]
INFO: [ app_begin ] --END-- [ RunTime:0.000924s ]
INFO: [ view_parse ] --START--
INFO: [ template_filter ] --START--
INFO: Run Behavior\ContentReplaceBehavior [ RunTime:0.000184s ]
INFO: [ template_filter ] --END-- [ RunTime:0.000433s ]
INFO: Run Behavior\ParseTemplateBehavior [ RunTime:1.537692s ]
INFO: [ view_parse ] --END-- [ RunTime:1.537784s ]
INFO: [ view_filter ] --START--
INFO: Run Behavior\WriteHtmlCacheBehavior [ RunTime:0.000319s ]
INFO: [ view_filter ] --END-- [ RunTime:0.000368s ]

[ 2020-06-25T16:15:17+08:00 ] ::1 /test/legacy/Index/index.html
INFO: [ app_init ] --START--
INFO: Run Behavior\BuildLiteBehavior [ RunTime:0.000025s ]
INFO: [ app_init ] --END-- [ RunTime:0.000584s ]
INFO: [ app_begin ] --START--
INFO: Run Behavior\ReadHtmlCacheBehavior [ RunTime:0.000453s ]
INFO: [ app_begin ] --END-- [ RunTime:0.000512s ]
SQL: SHOW COLUMNS FROM `tb_picture` [ RunTime:0.015276s ]
ERR: 1146:Table 'db_culture.tb_picture' doesn't exist
 [ SQLè¯­å¥ ] : SHOW COLUMNS FROM `tb_picture`
SQL: SELECT * FROM `tb_picture` WHERE `type` = 'slide'  [ RunTime:0.000453s ]
ERR: 1146:Table 'db_culture.tb_picture' doesn't exist
 [ SQLè¯­å¥ ] : SELECT * FROM `tb_picture` WHERE `type` = 'slide' 
SQL: SHOW COLUMNS FROM `tb_notice` [ RunTime:0.015179s ]
SQL: SELECT COUNT(*) AS tp_count FROM `tb_notice` WHERE ( id>=1 ) LIMIT 1   [ RunTime:0.000339s ]
SQL: SELECT * FROM `tb_notice` WHERE ( id>=1 ) ORDER BY `time` desc LIMIT 0,10   [ RunTime:0.001041s ]
SQL: SHOW COLUMNS FROM `tb_policy` [ RunTime:0.012462s ]
SQL: SELECT * FROM `tb_policy` WHERE ( id>=1 ) ORDER BY `time` desc  [ RunTime:0.000501s ]
SQL: SHOW COLUMNS FROM `tb_director` [ RunTime:0.043974s ]
SQL: SELECT * FROM `tb_director` WHERE `type` = 'ä¼ ç»Ÿæˆå‰§' ORDER BY `Did` asc  [ RunTime:0.000392s ]
SQL: SELECT * FROM `tb_director` WHERE `type` = 'æ°‘é—´éŸ³ä¹' ORDER BY `Did` asc  [ RunTime:0.000536s ]
SQL: SELECT * FROM `tb_director` WHERE `type` = 'æ°‘é—´èˆžè¹ˆ' ORDER BY `Did` asc  [ RunTime:0.000298s ]
SQL: SELECT * FROM `tb_director` WHERE `type` = 'ä¼ ç»Ÿæ‰‹å·¥æŠ€è‰\º' ORDER BY `Did` asc  [ RunTime:0.000529s ]
SQL: SHOW COLUMNS FROM `tb_dynamic` [ RunTime:0.026171s ]
SQL: SELECT * FROM `tb_dynamic` WHERE ( id>=1 ) ORDER BY `time` desc  [ RunTime:0.001009s ]
SQL: SHOW COLUMNS FROM `tb_inheritor` [ RunTime:0.011752s ]
SQL: SELECT * FROM `tb_inheritor` WHERE ( id=1 ) LIMIT 1   [ RunTime:0.000347s ]
SQL: SHOW COLUMNS FROM `tb_country` [ RunTime:0.101056s ]
SQL: SELECT * FROM `tb_country` WHERE ( id>=1 ) ORDER BY `id` asc  [ RunTime:0.000498s ]
INFO: [ view_parse ] --START--
INFO: [ template_filter ] --START--
INFO: Run Behavior\ContentReplaceBehavior [ RunTime:0.000117s ]
INFO: [ template_filter ] --END-- [ RunTime:0.000185s ]
NOTIC: [8] Undefined variable: noti D:\phpStudy\WWW\test\legacy\App\Runtime\Cache\Home\00e52909bed743ea261af4b6823297ff.php ç¬¬ 151 è¡Œ.
NOTIC: [8] Undefined variable: noti D:\phpStudy\WWW\test\legacy\App\Runtime\Cache\Home\00e52909bed743ea261af4b6823297ff.php ç¬¬ 151 è¡Œ.
NOTIC: [8] Undefined variable: noti D:\phpStudy\WWW\test\legacy\App\Runtime\Cache\Home\00e52909bed743ea261af4b6823297ff.php ç¬¬ 151 è¡Œ.
NOTIC: [8] Undefined variable: noti D:\phpStudy\WWW\test\legacy\App\Runtime\Cache\Home\00e52909bed743ea261af4b6823297ff.php ç¬¬ 151 è¡Œ.
NOTIC: [8] Undefined variable: noti D:\phpStudy\WWW\test\legacy\App\Runtime\Cache\Home\00e52909bed743ea261af4b6823297ff.php ç¬¬ 151 è¡Œ.
NOTIC: [8] Undefined variable: noti D:\phpStudy\WWW\test\legacy\App\Runtime\Cache\Home\00e52909bed743ea261af4b6823297ff.php ç¬¬ 151 è¡Œ.
NOTIC: [8] Undefined variable: noti D:\phpStudy\WWW\test\legacy\App\Runtime\Cache\Home\00e52909bed743ea261af4b6823297ff.php ç¬¬ 151 è¡Œ.
NOTIC: [8] Undefined variable: noti D:\phpStudy\WWW\test\legacy\App\Runtime\Cache\Home\00e52909bed743ea261af4b6823297ff.php ç¬¬ 151 è¡Œ.
NOTIC: [8] Undefined variable: noti D:\phpStudy\WWW\test\legacy\App\Runtime\Cache\Home\00e52909bed743ea261af4b6823297ff.php ç¬¬ 151 è¡Œ.
NOTIC: [8] Undefined variable: noti D:\phpStudy\WWW\test\legacy\App\Runtime\Cache\Home\00e52909bed743ea261af4b6823297ff.php ç¬¬ 151 è¡Œ.
NOTIC: [8] Undefined index: birthPlace D:\phpStudy\WWW\test\legacy\App\Runtime\Cache\Home\00e52909bed743ea261af4b6823297ff.php ç¬¬ 299 è¡Œ.
INFO: Run Behavior\ParseTemplateBehavior [ RunTime:0.132911s ]
INFO: [ view_parse ] --END-- [ RunTime:0.133007s ]
INFO: [ view_filter ] --START--
INFO: Run Behavior\WriteHtmlCacheBehavior [ RunTime:0.000298s ]
INFO: [ view_filter ] --END-- [ RunTime:0.000345s ]
INFO: [ app_end ] --START--
INFO: Run Behavior\ShowPageTraceBehavior [ RunTime:0.000767s ]
INFO: [ app_end ] --END-- [ RunTime:0.000853s ]

[ 2020-06-25T16:15:17+08:00 ] ::1 /test/legacy/Public/bootstrap/js/jquery.min.js
INFO: [ app_init ] --START--
INFO: Run Behavior\BuildLiteBehavior [ RunTime:0.000013s ]
INFO: [ app_init ] --END-- [ RunTime:0.000288s ]
INFO: [ app_begin ] --START--
INFO: Run Behavior\ReadHtmlCacheBehavior [ RunTime:0.000388s ]
INFO: [ app_begin ] --END-- [ RunTime:0.000440s ]
INFO: [ view_parse ] --START--
INFO: [ template_filter ] --START--
INFO: Run Behavior\ContentReplaceBehavior [ RunTime:0.000035s ]
INFO: [ template_filter ] --END-- [ RunTime:0.000093s ]
INFO: Run Behavior\ParseTemplateBehavior [ RunTime:0.005032s ]
INFO: [ view_parse ] --END-- [ RunTime:0.005096s ]
INFO: [ view_filter ] --START--
INFO: Run Behavior\WriteHtmlCacheBehavior [ RunTime:0.000200s ]
INFO: [ view_filter ] --END-- [ RunTime:0.000245s ]

[ 2020-06-25T16:15:23+08:00 ] ::1 /test/legacy/Index/index.html
INFO: [ app_init ] --START--
INFO: Run Behavior\BuildLiteBehavior [ RunTime:0.000013s ]
INFO: [ app_init ] --END-- [ RunTime:0.000304s ]
INFO: [ app_begin ] --START--
INFO: Run Behavior\ReadHtmlCacheBehavior [ RunTime:0.000396s ]
INFO: [ app_begin ] --END-- [ RunTime:0.000449s ]
SQL: SHOW COLUMNS FROM `tb_picture` [ RunTime:0.011324s ]
ERR: 1146:Table 'db_culture.tb_picture' doesn't exist
 [ SQLè¯­å¥ ] : SHOW COLUMNS FROM `tb_picture`
SQL: SELECT * FROM `tb_picture` WHERE `type` = 'slide'  [ RunTime:0.000372s ]
ERR: 1146:Table 'db_culture.tb_picture' doesn't exist
 [ SQLè¯­å¥ ] : SELECT * FROM `tb_picture` WHERE `type` = 'slide' 
SQL: SHOW COLUMNS FROM `tb_notice` [ RunTime:0.014744s ]
SQL: SELECT COUNT(*) AS tp_count FROM `tb_notice` WHERE ( id>=1 ) LIMIT 1   [ RunTime:0.000363s ]
SQL: SELECT * FROM `tb_notice` WHERE ( id>=1 ) ORDER BY `time` desc LIMIT 0,10   [ RunTime:0.001521s ]
SQL: SHOW COLUMNS FROM `tb_policy` [ RunTime:1.337829s ]
SQL: SELECT * FROM `tb_policy` WHERE ( id>=1 ) ORDER BY `time` desc  [ RunTime:0.000722s ]
SQL: SHOW COLUMNS FROM `tb_director` [ RunTime:0.219814s ]
SQL: SELECT * FROM `tb_director` WHERE `type` = 'ä¼ ç»Ÿæˆå‰§' ORDER BY `Did` asc  [ RunTime:0.000689s ]
SQL: SELECT * FROM `tb_director` WHERE `type` = 'æ°‘é—´éŸ³ä¹' ORDER BY `Did` asc  [ RunTime:0.000742s ]
SQL: SELECT * FROM `tb_director` WHERE `type` = 'æ°‘é—´èˆžè¹ˆ' ORDER BY `Did` asc  [ RunTime:0.000520s ]
SQL: SELECT * FROM `tb_director` WHERE `type` = 'ä¼ ç»Ÿæ‰‹å·¥æŠ€è‰\º' ORDER BY `Did` asc  [ RunTime:0.000720s ]
SQL: SHOW COLUMNS FROM `tb_dynamic` [ RunTime:0.096934s ]
SQL: SELECT * FROM `tb_dynamic` WHERE ( id>=1 ) ORDER BY `time` desc  [ RunTime:0.000401s ]
SQL: SHOW COLUMNS FROM `tb_inheritor` [ RunTime:0.019179s ]
SQL: SELECT * FROM `tb_inheritor` WHERE ( id=1 ) LIMIT 1   [ RunTime:0.000415s ]
SQL: SHOW COLUMNS FROM `tb_country` [ RunTime:0.014316s ]
SQL: SELECT * FROM `tb_country` WHERE ( id>=1 ) ORDER BY `id` asc  [ RunTime:0.000578s ]
INFO: [ view_parse ] --START--
INFO: [ template_filter ] --START--
INFO: Run Behavior\ContentReplaceBehavior [ RunTime:0.000198s ]
INFO: [ template_filter ] --END-- [ RunTime:0.000356s ]
NOTIC: [8] Undefined variable: noti D:\phpStudy\WWW\test\legacy\App\Runtime\Cache\Home\00e52909bed743ea261af4b6823297ff.php ç¬¬ 151 è¡Œ.
NOTIC: [8] Undefined variable: noti D:\phpStudy\WWW\test\legacy\App\Runtime\Cache\Home\00e52909bed743ea261af4b6823297ff.php ç¬¬ 151 è¡Œ.
NOTIC: [8] Undefined variable: noti D:\phpStudy\WWW\test\legacy\App\Runtime\Cache\Home\00e52909bed743ea261af4b6823297ff.php ç¬¬ 151 è¡Œ.
NOTIC: [8] Undefined variable: noti D:\phpStudy\WWW\test\legacy\App\Runtime\Cache\Home\00e52909bed743ea261af4b6823297ff.php ç¬¬ 151 è¡Œ.
NOTIC: [8] Undefined variable: noti D:\phpStudy\WWW\test\legacy\App\Runtime\Cache\Home\00e52909bed743ea261af4b6823297ff.php ç¬¬ 151 è¡Œ.
NOTIC: [8] Undefined variable: noti D:\phpStudy\WWW\test\legacy\App\Runtime\Cache\Home\00e52909bed743ea261af4b6823297ff.php ç¬¬ 151 è¡Œ.
NOTIC: [8] Undefined variable: noti D:\phpStudy\WWW\test\legacy\App\Runtime\Cache\Home\00e52909bed743ea261af4b6823297ff.php ç¬¬ 151 è¡Œ.
NOTIC: [8] Undefined variable: noti D:\phpStudy\WWW\test\legacy\App\Runtime\Cache\Home\00e52909bed743ea261af4b6823297ff.php ç¬¬ 151 è¡Œ.
NOTIC: [8] Undefined variable: noti D:\phpStudy\WWW\test\legacy\App\Runtime\Cache\Home\00e52909bed743ea261af4b6823297ff.php ç¬¬ 151 è¡Œ.
NOTIC: [8] Undefined variable: noti D:\phpStudy\WWW\test\legacy\App\Runtime\Cache\Home\00e52909bed743ea261af4b6823297ff.php ç¬¬ 151 è¡Œ.
NOTIC: [8] Undefined index: birthPlace D:\phpStudy\WWW\test\legacy\App\Runtime\Cache\Home\00e52909bed743ea261af4b6823297ff.php ç¬¬ 299 è¡Œ.
INFO: Run Behavior\ParseTemplateBehavior [ RunTime:0.085455s ]
INFO: [ view_parse ] --END-- [ RunTime:0.085571s ]
INFO: [ view_filter ] --START--
INFO: Run Behavior\WriteHtmlCacheBehavior [ RunTime:0.000410s ]
INFO: [ view_filter ] --END-- [ RunTime:0.000510s ]
INFO: [ app_end ] --START--
INFO: Run Behavior\ShowPageTraceBehavior [ RunTime:0.001175s ]
INFO: [ app_end ] --END-- [ RunTime:0.001348s ]

[ 2020-06-25T16:15:23+08:00 ] ::1 /test/legacy/Public/bootstrap/js/jquery.min.js
INFO: [ app_init ] --START--
INFO: Run Behavior\BuildLiteBehavior [ RunTime:0.000014s ]
INFO: [ app_init ] --END-- [ RunTime:0.000330s ]
INFO: [ app_begin ] --START--
INFO: Run Behavior\ReadHtmlCacheBehavior [ RunTime:0.000413s ]
INFO: [ app_begin ] --END-- [ RunTime:0.000469s ]
INFO: [ view_parse ] --START--
INFO: [ template_filter ] --START--
INFO: Run Behavior\ContentReplaceBehavior [ RunTime:0.000034s ]
INFO: [ template_filter ] --END-- [ RunTime:0.000092s ]
INFO: Run Behavior\ParseTemplateBehavior [ RunTime:0.005760s ]
INFO: [ view_parse ] --END-- [ RunTime:0.005824s ]
INFO: [ view_filter ] --START--
INFO: Run Behavior\WriteHtmlCacheBehavior [ RunTime:0.000227s ]
INFO: [ view_filter ] --END-- [ RunTime:0.000284s ]

[ 2020-06-25T16:15:50+08:00 ] ::1 /test/legacy/Index/index.html
INFO: [ app_init ] --START--
INFO: Run Behavior\BuildLiteBehavior [ RunTime:0.000018s ]
INFO: [ app_init ] --END-- [ RunTime:0.000500s ]
INFO: [ app_begin ] --START--
INFO: Run Behavior\ReadHtmlCacheBehavior [ RunTime:0.000649s ]
INFO: [ app_begin ] --END-- [ RunTime:0.000739s ]
SQL: SHOW COLUMNS FROM `tb_picture` [ RunTime:0.791020s ]
ERR: 1146:Table 'db_culture.tb_picture' doesn't exist
 [ SQLè¯­å¥ ] : SHOW COLUMNS FROM `tb_picture`
SQL: SELECT * FROM `tb_picture` WHERE `type` = 'slide'  [ RunTime:0.000366s ]
ERR: 1146:Table 'db_culture.tb_picture' doesn't exist
 [ SQLè¯­å¥ ] : SELECT * FROM `tb_picture` WHERE `type` = 'slide' 
SQL: SHOW COLUMNS FROM `tb_notice` [ RunTime:0.058085s ]
SQL: SELECT COUNT(*) AS tp_count FROM `tb_notice` WHERE ( id>=1 ) LIMIT 1   [ RunTime:0.000388s ]
SQL: SELECT * FROM `tb_notice` WHERE ( id>=1 ) ORDER BY `time` desc LIMIT 0,10   [ RunTime:0.000614s ]
SQL: SHOW COLUMNS FROM `tb_policy` [ RunTime:0.016029s ]
SQL: SELECT * FROM `tb_policy` WHERE ( id>=1 ) ORDER BY `time` desc  [ RunTime:0.000706s ]
SQL: SHOW COLUMNS FROM `tb_director` [ RunTime:0.303012s ]
SQL: SELECT * FROM `tb_director` WHERE `type` = 'ä¼ ç»Ÿæˆå‰§' ORDER BY `Did` asc  [ RunTime:0.000510s ]
SQL: SELECT * FROM `tb_director` WHERE `type` = 'æ°‘é—´éŸ³ä¹' ORDER BY `Did` asc  [ RunTime:0.000538s ]
SQL: SELECT * FROM `tb_director` WHERE `type` = 'æ°‘é—´èˆžè¹ˆ' ORDER BY `Did` asc  [ RunTime:0.000423s ]
SQL: SELECT * FROM `tb_director` WHERE `type` = 'ä¼ ç»Ÿæ‰‹å·¥æŠ€è‰\º' ORDER BY `Did` asc  [ RunTime:0.000627s ]
SQL: SHOW COLUMNS FROM `tb_dynamic` [ RunTime:0.809063s ]
SQL: SELECT * FROM `tb_dynamic` WHERE ( id>=1 ) ORDER BY `time` desc  [ RunTime:0.000388s ]
SQL: SHOW COLUMNS FROM `tb_inheritor` [ RunTime:0.015318s ]
SQL: SELECT * FROM `tb_inheritor` WHERE ( id=1 ) LIMIT 1   [ RunTime:0.000298s ]
SQL: SHOW COLUMNS FROM `tb_country` [ RunTime:0.013031s ]
SQL: SELECT * FROM `tb_country` WHERE ( id>=1 ) ORDER BY `id` asc  [ RunTime:0.000380s ]
INFO: [ view_parse ] --START--
INFO: [ template_filter ] --START--
INFO: Run Behavior\ContentReplaceBehavior [ RunTime:0.000108s ]
INFO: [ template_filter ] --END-- [ RunTime:0.000166s ]
NOTIC: [8] Undefined variable: noti D:\phpStudy\WWW\test\legacy\App\Runtime\Cache\Home\00e52909bed743ea261af4b6823297ff.php ç¬¬ 151 è¡Œ.
NOTIC: [8] Undefined variable: noti D:\phpStudy\WWW\test\legacy\App\Runtime\Cache\Home\00e52909bed743ea261af4b6823297ff.php ç¬¬ 151 è¡Œ.
NOTIC: [8] Undefined variable: noti D:\phpStudy\WWW\test\legacy\App\Runtime\Cache\Home\00e52909bed743ea261af4b6823297ff.php ç¬¬ 151 è¡Œ.
NOTIC: [8] Undefined variable: noti D:\phpStudy\WWW\test\legacy\App\Runtime\Cache\Home\00e52909bed743ea261af4b6823297ff.php ç¬¬ 151 è¡Œ.
NOTIC: [8] Undefined variable: noti D:\phpStudy\WWW\test\legacy\App\Runtime\Cache\Home\00e52909bed743ea261af4b6823297ff.php ç¬¬ 151 è¡Œ.
NOTIC: [8] Undefined variable: noti D:\phpStudy\WWW\test\legacy\App\Runtime\Cache\Home\00e52909bed743ea261af4b6823297ff.php ç¬¬ 151 è¡Œ.
NOTIC: [8] Undefined variable: noti D:\phpStudy\WWW\test\legacy\App\Runtime\Cache\Home\00e52909bed743ea261af4b6823297ff.php ç¬¬ 151 è¡Œ.
NOTIC: [8] Undefined variable: noti D:\phpStudy\WWW\test\legacy\App\Runtime\Cache\Home\00e52909bed743ea261af4b6823297ff.php ç¬¬ 151 è¡Œ.
NOTIC: [8] Undefined variable: noti D:\phpStudy\WWW\test\legacy\App\Runtime\Cache\Home\00e52909bed743ea261af4b6823297ff.php ç¬¬ 151 è¡Œ.
NOTIC: [8] Undefined variable: noti D:\phpStudy\WWW\test\legacy\App\Runtime\Cache\Home\00e52909bed743ea261af4b6823297ff.php ç¬¬ 151 è¡Œ.
NOTIC: [8] Undefined index: birthPlace D:\phpStudy\WWW\test\legacy\App\Runtime\Cache\Home\00e52909bed743ea261af4b6823297ff.php ç¬¬ 299 è¡Œ.
INFO: Run Behavior\ParseTemplateBehavior [ RunTime:0.442023s ]
INFO: [ view_parse ] --END-- [ RunTime:0.442081s ]
INFO: [ view_filter ] --START--
INFO: Run Behavior\WriteHtmlCacheBehavior [ RunTime:0.000288s ]
INFO: [ view_filter ] --END-- [ RunTime:0.000330s ]
INFO: [ app_end ] --START--
INFO: Run Behavior\ShowPageTraceBehavior [ RunTime:0.000796s ]
INFO: [ app_end ] --END-- [ RunTime:0.000886s ]

[ 2020-06-25T16:15:51+08:00 ] ::1 /test/legacy/Public/bootstrap/js/jquery.min.js
INFO: [ app_init ] --START--
INFO: Run Behavior\BuildLiteBehavior [ RunTime:0.000016s ]
INFO: [ app_init ] --END-- [ RunTime:0.000510s ]
INFO: [ app_begin ] --START--
INFO: Run Behavior\ReadHtmlCacheBehavior [ RunTime:0.001532s ]
INFO: [ app_begin ] --END-- [ RunTime:0.001753s ]
INFO: [ view_parse ] --START--
INFO: [ template_filter ] --START--
INFO: Run Behavior\ContentReplaceBehavior [ RunTime:0.000035s ]
INFO: [ template_filter ] --END-- [ RunTime:0.000089s ]
INFO: Run Behavior\ParseTemplateBehavior [ RunTime:0.005380s ]
INFO: [ view_parse ] --END-- [ RunTime:0.005444s ]
INFO: [ view_filter ] --START--
INFO: Run Behavior\WriteHtmlCacheBehavior [ RunTime:0.000195s ]
INFO: [ view_filter ] --END-- [ RunTime:0.000236s ]

[ 2020-06-25T16:17:40+08:00 ] ::1 /test/legacy/Index/index.html
INFO: [ app_init ] --START--
INFO: Run Behavior\BuildLiteBehavior [ RunTime:0.000016s ]
INFO: [ app_init ] --END-- [ RunTime:0.017898s ]
INFO: [ app_begin ] --START--
INFO: Run Behavior\ReadHtmlCacheBehavior [ RunTime:0.042798s ]
INFO: [ app_begin ] --END-- [ RunTime:0.042894s ]
SQL: SHOW COLUMNS FROM `tb_picture` [ RunTime:0.008794s ]
ERR: 1146:Table 'db_culture.tb_picture' doesn't exist
 [ SQLè¯­å¥ ] : SHOW COLUMNS FROM `tb_picture`
SQL: SELECT * FROM `tb_picture` WHERE `type` = 'slide'  [ RunTime:0.000369s ]
ERR: 1146:Table 'db_culture.tb_picture' doesn't exist
 [ SQLè¯­å¥ ] : SELECT * FROM `tb_picture` WHERE `type` = 'slide' 
SQL: SHOW COLUMNS FROM `tb_notice` [ RunTime:0.013070s ]
SQL: SELECT COUNT(*) AS tp_count FROM `tb_notice` WHERE ( id>=1 ) LIMIT 1   [ RunTime:0.000292s ]
SQL: SELECT * FROM `tb_notice` WHERE ( id>=1 ) ORDER BY `time` desc LIMIT 0,10   [ RunTime:0.000556s ]
SQL: SHOW COLUMNS FROM `tb_policy` [ RunTime:0.013338s ]
SQL: SELECT * FROM `tb_policy` WHERE ( id>=1 ) ORDER BY `time` desc  [ RunTime:0.000527s ]
SQL: SHOW COLUMNS FROM `tb_director` [ RunTime:0.013903s ]
SQL: SELECT * FROM `tb_director` WHERE `type` = 'ä¼ ç»Ÿæˆå‰§' ORDER BY `Did` asc  [ RunTime:0.000469s ]
SQL: SELECT * FROM `tb_director` WHERE `type` = 'æ°‘é—´éŸ³ä¹' ORDER BY `Did` asc  [ RunTime:0.000476s ]
SQL: SELECT * FROM `tb_director` WHERE `type` = 'æ°‘é—´èˆžè¹ˆ' ORDER BY `Did` asc  [ RunTime:0.000335s ]
SQL: SELECT * FROM `tb_director` WHERE `type` = 'ä¼ ç»Ÿæ‰‹å·¥æŠ€è‰\º' ORDER BY `Did` asc  [ RunTime:0.000423s ]
SQL: SHOW COLUMNS FROM `tb_dynamic` [ RunTime:0.013770s ]
SQL: SELECT * FROM `tb_dynamic` WHERE ( id>=1 ) ORDER BY `time` desc  [ RunTime:0.000385s ]
SQL: SHOW COLUMNS FROM `tb_inheritor` [ RunTime:0.013768s ]
SQL: SELECT * FROM `tb_inheritor` WHERE ( id=1 ) LIMIT 1   [ RunTime:0.000291s ]
SQL: SHOW COLUMNS FROM `tb_country` [ RunTime:0.018219s ]
SQL: SELECT * FROM `tb_country` WHERE ( id>=1 ) ORDER BY `id` asc  [ RunTime:0.000346s ]
INFO: [ view_parse ] --START--
INFO: [ template_filter ] --START--
INFO: Run Behavior\ContentReplaceBehavior [ RunTime:0.000132s ]
INFO: [ template_filter ] --END-- [ RunTime:0.000214s ]
NOTIC: [8] Undefined variable: noti D:\phpStudy\WWW\test\legacy\App\Runtime\Cache\Home\00e52909bed743ea261af4b6823297ff.php ç¬¬ 151 è¡Œ.
NOTIC: [8] Undefined variable: noti D:\phpStudy\WWW\test\legacy\App\Runtime\Cache\Home\00e52909bed743ea261af4b6823297ff.php ç¬¬ 151 è¡Œ.
NOTIC: [8] Undefined variable: noti D:\phpStudy\WWW\test\legacy\App\Runtime\Cache\Home\00e52909bed743ea261af4b6823297ff.php ç¬¬ 151 è¡Œ.
NOTIC: [8] Undefined variable: noti D:\phpStudy\WWW\test\legacy\App\Runtime\Cache\Home\00e52909bed743ea261af4b6823297ff.php ç¬¬ 151 è¡Œ.
NOTIC: [8] Undefined variable: noti D:\phpStudy\WWW\test\legacy\App\Runtime\Cache\Home\00e52909bed743ea261af4b6823297ff.php ç¬¬ 151 è¡Œ.
NOTIC: [8] Undefined variable: noti D:\phpStudy\WWW\test\legacy\App\Runtime\Cache\Home\00e52909bed743ea261af4b6823297ff.php ç¬¬ 151 è¡Œ.
NOTIC: [8] Undefined variable: noti D:\phpStudy\WWW\test\legacy\App\Runtime\Cache\Home\00e52909bed743ea261af4b6823297ff.php ç¬¬ 151 è¡Œ.
NOTIC: [8] Undefined variable: noti D:\phpStudy\WWW\test\legacy\App\Runtime\Cache\Home\00e52909bed743ea261af4b6823297ff.php ç¬¬ 151 è¡Œ.
NOTIC: [8] Undefined variable: noti D:\phpStudy\WWW\test\legacy\App\Runtime\Cache\Home\00e52909bed743ea261af4b6823297ff.php ç¬¬ 151 è¡Œ.
NOTIC: [8] Undefined variable: noti D:\phpStudy\WWW\test\legacy\App\Runtime\Cache\Home\00e52909bed743ea261af4b6823297ff.php ç¬¬ 151 è¡Œ.
NOTIC: [8] Undefined index: birthPlace D:\phpStudy\WWW\test\legacy\App\Runtime\Cache\Home\00e52909bed743ea261af4b6823297ff.php ç¬¬ 299 è¡Œ.
INFO: Run Behavior\ParseTemplateBehavior [ RunTime:0.273307s ]
INFO: [ view_parse ] --END-- [ RunTime:0.273400s ]
INFO: [ view_filter ] --START--
INFO: Run Behavior\WriteHtmlCacheBehavior [ RunTime:0.011537s ]
INFO: [ view_filter ] --END-- [ RunTime:0.011624s ]
INFO: [ app_end ] --START--
INFO: Run Behavior\ShowPageTraceBehavior [ RunTime:0.031809s ]
INFO: [ app_end ] --END-- [ RunTime:0.031930s ]

[ 2020-06-25T16:17:40+08:00 ] ::1 /test/legacy/Public/bootstrap/js/jquery.min.js
INFO: [ app_init ] --START--
INFO: Run Behavior\BuildLiteBehavior [ RunTime:0.000013s ]
INFO: [ app_init ] --END-- [ RunTime:0.000319s ]
INFO: [ app_begin ] --START--
INFO: Run Behavior\ReadHtmlCacheBehavior [ RunTime:0.000478s ]
INFO: [ app_begin ] --END-- [ RunTime:0.000532s ]
INFO: [ view_parse ] --START--
INFO: [ template_filter ] --START--
INFO: Run Behavior\ContentReplaceBehavior [ RunTime:0.000054s ]
INFO: [ template_filter ] --END-- [ RunTime:0.000140s ]
INFO: Run Behavior\ParseTemplateBehavior [ RunTime:0.133934s ]
INFO: [ view_parse ] --END-- [ RunTime:0.134015s ]
INFO: [ view_filter ] --START--
INFO: Run Behavior\WriteHtmlCacheBehavior [ RunTime:0.000382s ]
INFO: [ view_filter ] --END-- [ RunTime:0.000439s ]

[ 2020-06-25T16:17:45+08:00 ] ::1 /test/legacy/Index/index.html
INFO: [ app_init ] --START--
INFO: Run Behavior\BuildLiteBehavior [ RunTime:0.000013s ]
INFO: [ app_init ] --END-- [ RunTime:0.000284s ]
INFO: [ app_begin ] --START--
INFO: Run Behavior\ReadHtmlCacheBehavior [ RunTime:0.000395s ]
INFO: [ app_begin ] --END-- [ RunTime:0.000447s ]
SQL: SHOW COLUMNS FROM `tb_picture` [ RunTime:0.008315s ]
ERR: 1146:Table 'db_culture.tb_picture' doesn't exist
 [ SQLè¯­å¥ ] : SHOW COLUMNS FROM `tb_picture`
SQL: SELECT * FROM `tb_picture` WHERE `type` = 'slide'  [ RunTime:0.000347s ]
ERR: 1146:Table 'db_culture.tb_picture' doesn't exist
 [ SQLè¯­å¥ ] : SELECT * FROM `tb_picture` WHERE `type` = 'slide' 
SQL: SHOW COLUMNS FROM `tb_notice` [ RunTime:0.013144s ]
SQL: SELECT COUNT(*) AS tp_count FROM `tb_notice` WHERE ( id>=1 ) LIMIT 1   [ RunTime:0.000289s ]
SQL: SELECT * FROM `tb_notice` WHERE ( id>=1 ) ORDER BY `time` desc LIMIT 0,10   [ RunTime:0.000499s ]
SQL: SHOW COLUMNS FROM `tb_policy` [ RunTime:0.013084s ]
SQL: SELECT * FROM `tb_policy` WHERE ( id>=1 ) ORDER BY `time` desc  [ RunTime:0.000493s ]
SQL: SHOW COLUMNS FROM `tb_director` [ RunTime:0.013795s ]
SQL: SELECT * FROM `tb_director` WHERE `type` = 'ä¼ ç»Ÿæˆå‰§' ORDER BY `Did` asc  [ RunTime:0.000427s ]
SQL: SELECT * FROM `tb_director` WHERE `type` = 'æ°‘é—´éŸ³ä¹' ORDER BY `Did` asc  [ RunTime:0.000476s ]
SQL: SELECT * FROM `tb_director` WHERE `type` = 'æ°‘é—´èˆžè¹ˆ' ORDER BY `Did` asc  [ RunTime:0.000333s ]
SQL: SELECT * FROM `tb_director` WHERE `type` = 'ä¼ ç»Ÿæ‰‹å·¥æŠ€è‰\º' ORDER BY `Did` asc  [ RunTime:0.000425s ]
SQL: SHOW COLUMNS FROM `tb_dynamic` [ RunTime:0.013034s ]
SQL: SELECT * FROM `tb_dynamic` WHERE ( id>=1 ) ORDER BY `time` desc  [ RunTime:0.000416s ]
SQL: SHOW COLUMNS FROM `tb_inheritor` [ RunTime:0.012551s ]
SQL: SELECT * FROM `tb_inheritor` WHERE ( id=1 ) LIMIT 1   [ RunTime:0.000331s ]
SQL: SHOW COLUMNS FROM `tb_country` [ RunTime:0.011990s ]
SQL: SELECT * FROM `tb_country` WHERE ( id>=1 ) ORDER BY `id` asc  [ RunTime:0.000354s ]
INFO: [ view_parse ] --START--
INFO: [ template_filter ] --START--
INFO: Run Behavior\ContentReplaceBehavior [ RunTime:0.000115s ]
INFO: [ template_filter ] --END-- [ RunTime:0.000173s ]
NOTIC: [8] Undefined variable: noti D:\phpStudy\WWW\test\legacy\App\Runtime\Cache\Home\00e52909bed743ea261af4b6823297ff.php ç¬¬ 151 è¡Œ.
NOTIC: [8] Undefined variable: noti D:\phpStudy\WWW\test\legacy\App\Runtime\Cache\Home\00e52909bed743ea261af4b6823297ff.php ç¬¬ 151 è¡Œ.
NOTIC: [8] Undefined variable: noti D:\phpStudy\WWW\test\legacy\App\Runtime\Cache\Home\00e52909bed743ea261af4b6823297ff.php ç¬¬ 151 è¡Œ.
NOTIC: [8] Undefined variable: noti D:\phpStudy\WWW\test\legacy\App\Runtime\Cache\Home\00e52909bed743ea261af4b6823297ff.php ç¬¬ 151 è¡Œ.
NOTIC: [8] Undefined variable: noti D:\phpStudy\WWW\test\legacy\App\Runtime\Cache\Home\00e52909bed743ea261af4b6823297ff.php ç¬¬ 151 è¡Œ.
NOTIC: [8] Undefined variable: noti D:\phpStudy\WWW\test\legacy\App\Runtime\Cache\Home\00e52909bed743ea261af4b6823297ff.php ç¬¬ 151 è¡Œ.
NOTIC: [8] Undefined variable: noti D:\phpStudy\WWW\test\legacy\App\Runtime\Cache\Home\00e52909bed743ea261af4b6823297ff.php ç¬¬ 151 è¡Œ.
NOTIC: [8] Undefined variable: noti D:\phpStudy\WWW\test\legacy\App\Runtime\Cache\Home\00e52909bed743ea261af4b6823297ff.php ç¬¬ 151 è¡Œ.
NOTIC: [8] Undefined variable: noti D:\phpStudy\WWW\test\legacy\App\Runtime\Cache\Home\00e52909bed743ea261af4b6823297ff.php ç¬¬ 151 è¡Œ.
NOTIC: [8] Undefined variable: noti D:\phpStudy\WWW\test\legacy\App\Runtime\Cache\Home\00e52909bed743ea261af4b6823297ff.php ç¬¬ 151 è¡Œ.
NOTIC: [8] Undefined index: birthPlace D:\phpStudy\WWW\test\legacy\App\Runtime\Cache\Home\00e52909bed743ea261af4b6823297ff.php ç¬¬ 299 è¡Œ.
INFO: Run Behavior\ParseTemplateBehavior [ RunTime:0.087292s ]
INFO: [ view_parse ] --END-- [ RunTime:0.087346s ]
INFO: [ view_filter ] --START--
INFO: Run Behavior\WriteHtmlCacheBehavior [ RunTime:0.000254s ]
INFO: [ view_filter ] --END-- [ RunTime:0.000300s ]
INFO: [ app_end ] --START--
INFO: Run Behavior\ShowPageTraceBehavior [ RunTime:0.000823s ]
INFO: [ app_end ] --END-- [ RunTime:0.000914s ]

[ 2020-06-25T16:17:45+08:00 ] ::1 /test/legacy/Public/bootstrap/js/jquery.min.js
INFO: [ app_init ] --START--
INFO: Run Behavior\BuildLiteBehavior [ RunTime:0.000013s ]
INFO: [ app_init ] --END-- [ RunTime:0.000300s ]
INFO: [ app_begin ] --START--
INFO: Run Behavior\ReadHtmlCacheBehavior [ RunTime:0.000391s ]
INFO: [ app_begin ] --END-- [ RunTime:0.000447s ]
INFO: [ view_parse ] --START--
INFO: [ template_filter ] --START--
INFO: Run Behavior\ContentReplaceBehavior [ RunTime:0.000035s ]
INFO: [ template_filter ] --END-- [ RunTime:0.000091s ]
INFO: Run Behavior\ParseTemplateBehavior [ RunTime:0.005813s ]
INFO: [ view_parse ] --END-- [ RunTime:0.005876s ]
INFO: [ view_filter ] --START--
INFO: Run Behavior\WriteHtmlCacheBehavior [ RunTime:0.000271s ]
INFO: [ view_filter ] --END-- [ RunTime:0.000320s ]

[ 2020-06-25T16:17:47+08:00 ] ::1 /test/legacy/Resource/shop.html
INFO: [ app_init ] --START--
INFO: Run Behavior\BuildLiteBehavior [ RunTime:0.000015s ]
INFO: [ app_init ] --END-- [ RunTime:0.000965s ]
INFO: [ app_begin ] --START--
INFO: Run Behavior\ReadHtmlCacheBehavior [ RunTime:0.000395s ]
INFO: [ app_begin ] --END-- [ RunTime:0.000448s ]
INFO: [ view_parse ] --START--
INFO: [ template_filter ] --START--
INFO: Run Behavior\ContentReplaceBehavior [ RunTime:0.000476s ]
INFO: [ template_filter ] --END-- [ RunTime:0.000617s ]
INFO: Run Behavior\ParseTemplateBehavior [ RunTime:0.253750s ]
INFO: [ view_parse ] --END-- [ RunTime:0.253820s ]
INFO: [ view_filter ] --START--
INFO: Run Behavior\WriteHtmlCacheBehavior [ RunTime:0.000224s ]
INFO: [ view_filter ] --END-- [ RunTime:0.000279s ]
INFO: [ app_end ] --START--
INFO: Run Behavior\ShowPageTraceBehavior [ RunTime:0.000630s ]
INFO: [ app_end ] --END-- [ RunTime:0.000744s ]

[ 2020-06-25T16:20:27+08:00 ] ::1 /test/legacy/Resource/shop.html
INFO: [ app_init ] --START--
INFO: Run Behavior\BuildLiteBehavior [ RunTime:0.000014s ]
INFO: [ app_init ] --END-- [ RunTime:0.000327s ]
INFO: [ app_begin ] --START--
INFO: Run Behavior\ReadHtmlCacheBehavior [ RunTime:0.000489s ]
INFO: [ app_begin ] --END-- [ RunTime:0.000543s ]
INFO: [ view_parse ] --START--
INFO: [ template_filter ] --START--
INFO: Run Behavior\ContentReplaceBehavior [ RunTime:0.000307s ]
INFO: [ template_filter ] --END-- [ RunTime:0.000380s ]
INFO: Run Behavior\ParseTemplateBehavior [ RunTime:0.132066s ]
INFO: [ view_parse ] --END-- [ RunTime:0.132127s ]
INFO: [ view_filter ] --START--
INFO: Run Behavior\WriteHtmlCacheBehavior [ RunTime:0.000299s ]
INFO: [ view_filter ] --END-- [ RunTime:0.000344s ]
INFO: [ app_end ] --START--
INFO: Run Behavior\ShowPageTraceBehavior [ RunTime:0.000671s ]
INFO: [ app_end ] --END-- [ RunTime:0.000765s ]

[ 2020-06-25T16:20:29+08:00 ] ::1 /test/legacy/Resource/index.html
INFO: [ app_init ] --START--
INFO: Run Behavior\BuildLiteBehavior [ RunTime:0.000013s ]
INFO: [ app_init ] --END-- [ RunTime:0.000322s ]
INFO: [ app_begin ] --START--
INFO: Run Behavior\ReadHtmlCacheBehavior [ RunTime:0.000544s ]
INFO: [ app_begin ] --END-- [ RunTime:0.000598s ]
INFO: [ view_parse ] --START--
INFO: [ template_filter ] --START--
INFO: Run Behavior\ContentReplaceBehavior [ RunTime:0.000055s ]
INFO: [ template_filter ] --END-- [ RunTime:0.000114s ]
NOTIC: [8] Undefined variable: country D:\phpStudy\WWW\test\legacy\App\Runtime\Cache\Home\c552b9efaaee4e2535699433a8fcd74c.php ç¬¬ 93 è¡Œ.
INFO: Run Behavior\ParseTemplateBehavior [ RunTime:0.039304s ]
INFO: [ view_parse ] --END-- [ RunTime:0.039360s ]
INFO: [ view_filter ] --START--
INFO: Run Behavior\WriteHtmlCacheBehavior [ RunTime:0.000301s ]
INFO: [ view_filter ] --END-- [ RunTime:0.000344s ]
INFO: [ app_end ] --START--
INFO: Run Behavior\ShowPageTraceBehavior [ RunTime:0.000460s ]
INFO: [ app_end ] --END-- [ RunTime:0.000509s ]

[ 2020-06-25T16:20:29+08:00 ] ::1 /test/legacy/Public/bootstrap/js/jquery.min.js
INFO: [ app_init ] --START--
INFO: Run Behavior\BuildLiteBehavior [ RunTime:0.000013s ]
INFO: [ app_init ] --END-- [ RunTime:0.000290s ]
INFO: [ app_begin ] --START--
INFO: Run Behavior\ReadHtmlCacheBehavior [ RunTime:0.000395s ]
INFO: [ app_begin ] --END-- [ RunTime:0.000449s ]
INFO: [ view_parse ] --START--
INFO: [ template_filter ] --START--
INFO: Run Behavior\ContentReplaceBehavior [ RunTime:0.000035s ]
INFO: [ template_filter ] --END-- [ RunTime:0.000092s ]
INFO: Run Behavior\ParseTemplateBehavior [ RunTime:0.005490s ]
INFO: [ view_parse ] --END-- [ RunTime:0.005552s ]
INFO: [ view_filter ] --START--
INFO: Run Behavior\WriteHtmlCacheBehavior [ RunTime:0.000196s ]
INFO: [ view_filter ] --END-- [ RunTime:0.000238s ]

[ 2020-06-25T16:20:33+08:00 ] ::1 /test/legacy/Index/index.html
INFO: [ app_init ] --START--
INFO: Run Behavior\BuildLiteBehavior [ RunTime:0.000013s ]
INFO: [ app_init ] --END-- [ RunTime:0.000322s ]
INFO: [ app_begin ] --START--
INFO: Run Behavior\ReadHtmlCacheBehavior [ RunTime:0.000522s ]
INFO: [ app_begin ] --END-- [ RunTime:0.000582s ]
SQL: SHOW COLUMNS FROM `tb_picture` [ RunTime:0.110351s ]
ERR: 1146:Table 'db_culture.tb_picture' doesn't exist
 [ SQLè¯­å¥ ] : SHOW COLUMNS FROM `tb_picture`
SQL: SELECT * FROM `tb_picture` WHERE `type` = 'slide'  [ RunTime:0.000612s ]
ERR: 1146:Table 'db_culture.tb_picture' doesn't exist
 [ SQLè¯­å¥ ] : SELECT * FROM `tb_picture` WHERE `type` = 'slide' 
SQL: SHOW COLUMNS FROM `tb_notice` [ RunTime:0.014384s ]
SQL: SELECT COUNT(*) AS tp_count FROM `tb_notice` WHERE ( id>=1 ) LIMIT 1   [ RunTime:0.000309s ]
SQL: SELECT * FROM `tb_notice` WHERE ( id>=1 ) ORDER BY `time` desc LIMIT 0,10   [ RunTime:0.000517s ]
SQL: SHOW COLUMNS FROM `tb_policy` [ RunTime:0.012956s ]
SQL: SELECT * FROM `tb_policy` WHERE ( id>=1 ) ORDER BY `time` desc  [ RunTime:0.000539s ]
SQL: SHOW COLUMNS FROM `tb_director` [ RunTime:0.012911s ]
SQL: SELECT * FROM `tb_director` WHERE `type` = 'ä¼ ç»Ÿæˆå‰§' ORDER BY `Did` asc  [ RunTime:0.000425s ]
SQL: SELECT * FROM `tb_director` WHERE `type` = 'æ°‘é—´éŸ³ä¹' ORDER BY `Did` asc  [ RunTime:0.000470s ]
SQL: SELECT * FROM `tb_director` WHERE `type` = 'æ°‘é—´èˆžè¹ˆ' ORDER BY `Did` asc  [ RunTime:0.000333s ]
SQL: SELECT * FROM `tb_director` WHERE `type` = 'ä¼ ç»Ÿæ‰‹å·¥æŠ€è‰\º' ORDER BY `Did` asc  [ RunTime:0.000447s ]
SQL: SHOW COLUMNS FROM `tb_dynamic` [ RunTime:0.014022s ]
SQL: SELECT * FROM `tb_dynamic` WHERE ( id>=1 ) ORDER BY `time` desc  [ RunTime:0.000376s ]
SQL: SHOW COLUMNS FROM `tb_inheritor` [ RunTime:0.011618s ]
SQL: SELECT * FROM `tb_inheritor` WHERE ( id=1 ) LIMIT 1   [ RunTime:0.000258s ]
SQL: SHOW COLUMNS FROM `tb_country` [ RunTime:0.015937s ]
SQL: SELECT * FROM `tb_country` WHERE ( id>=1 ) ORDER BY `id` asc  [ RunTime:0.000388s ]
INFO: [ view_parse ] --START--
INFO: [ template_filter ] --START--
INFO: Run Behavior\ContentReplaceBehavior [ RunTime:0.000194s ]
INFO: [ template_filter ] --END-- [ RunTime:0.000257s ]
NOTIC: [8] Undefined variable: noti D:\phpStudy\WWW\test\legacy\App\Runtime\Cache\Home\00e52909bed743ea261af4b6823297ff.php ç¬¬ 151 è¡Œ.
NOTIC: [8] Undefined variable: noti D:\phpStudy\WWW\test\legacy\App\Runtime\Cache\Home\00e52909bed743ea261af4b6823297ff.php ç¬¬ 151 è¡Œ.
NOTIC: [8] Undefined variable: noti D:\phpStudy\WWW\test\legacy\App\Runtime\Cache\Home\00e52909bed743ea261af4b6823297ff.php ç¬¬ 151 è¡Œ.
NOTIC: [8] Undefined variable: noti D:\phpStudy\WWW\test\legacy\App\Runtime\Cache\Home\00e52909bed743ea261af4b6823297ff.php ç¬¬ 151 è¡Œ.
NOTIC: [8] Undefined variable: noti D:\phpStudy\WWW\test\legacy\App\Runtime\Cache\Home\00e52909bed743ea261af4b6823297ff.php ç¬¬ 151 è¡Œ.
NOTIC: [8] Undefined variable: noti D:\phpStudy\WWW\test\legacy\App\Runtime\Cache\Home\00e52909bed743ea261af4b6823297ff.php ç¬¬ 151 è¡Œ.
NOTIC: [8] Undefined variable: noti D:\phpStudy\WWW\test\legacy\App\Runtime\Cache\Home\00e52909bed743ea261af4b6823297ff.php ç¬¬ 151 è¡Œ.
NOTIC: [8] Undefined variable: noti D:\phpStudy\WWW\test\legacy\App\Runtime\Cache\Home\00e52909bed743ea261af4b6823297ff.php ç¬¬ 151 è¡Œ.
NOTIC: [8] Undefined variable: noti D:\phpStudy\WWW\test\legacy\App\Runtime\Cache\Home\00e52909bed743ea261af4b6823297ff.php ç¬¬ 151 è¡Œ.
NOTIC: [8] Undefined variable: noti D:\phpStudy\WWW\test\legacy\App\Runtime\Cache\Home\00e52909bed743ea261af4b6823297ff.php ç¬¬ 151 è¡Œ.
NOTIC: [8] Undefined index: birthPlace D:\phpStudy\WWW\test\legacy\App\Runtime\Cache\Home\00e52909bed743ea261af4b6823297ff.php ç¬¬ 299 è¡Œ.
INFO: Run Behavior\ParseTemplateBehavior [ RunTime:0.063727s ]
INFO: [ view_parse ] --END-- [ RunTime:0.063799s ]
INFO: [ view_filter ] --START--
INFO: Run Behavior\WriteHtmlCacheBehavior [ RunTime:0.000309s ]
INFO: [ view_filter ] --END-- [ RunTime:0.000351s ]
INFO: [ app_end ] --START--
INFO: Run Behavior\ShowPageTraceBehavior [ RunTime:0.000658s ]
INFO: [ app_end ] --END-- [ RunTime:0.000735s ]

[ 2020-06-25T16:20:33+08:00 ] ::1 /test/legacy/Public/bootstrap/js/jquery.min.js
INFO: [ app_init ] --START--
INFO: Run Behavior\BuildLiteBehavior [ RunTime:0.000014s ]
INFO: [ app_init ] --END-- [ RunTime:0.000346s ]
INFO: [ app_begin ] --START--
INFO: Run Behavior\ReadHtmlCacheBehavior [ RunTime:0.000725s ]
INFO: [ app_begin ] --END-- [ RunTime:0.000824s ]
INFO: [ view_parse ] --START--
INFO: [ template_filter ] --START--
INFO: Run Behavior\ContentReplaceBehavior [ RunTime:0.000053s ]
INFO: [ template_filter ] --END-- [ RunTime:0.000168s ]
INFO: Run Behavior\ParseTemplateBehavior [ RunTime:0.007103s ]
INFO: [ view_parse ] --END-- [ RunTime:0.007229s ]
INFO: [ view_filter ] --START--
INFO: Run Behavior\WriteHtmlCacheBehavior [ RunTime:0.000386s ]
INFO: [ view_filter ] --END-- [ RunTime:0.000480s ]

[ 2020-06-25T16:20:43+08:00 ] ::1 /test/legacy/Resource/shop.html
INFO: [ app_init ] --START--
INFO: Run Behavior\BuildLiteBehavior [ RunTime:0.000017s ]
INFO: [ app_init ] --END-- [ RunTime:0.000418s ]
INFO: [ app_begin ] --START--
INFO: Run Behavior\ReadHtmlCacheBehavior [ RunTime:0.000995s ]
INFO: [ app_begin ] --END-- [ RunTime:0.001113s ]
INFO: [ view_parse ] --START--
INFO: [ template_filter ] --START--
INFO: Run Behavior\ContentReplaceBehavior [ RunTime:0.000359s ]
INFO: [ template_filter ] --END-- [ RunTime:0.000457s ]
INFO: Run Behavior\ParseTemplateBehavior [ RunTime:0.042980s ]
INFO: [ view_parse ] --END-- [ RunTime:0.043064s ]
INFO: [ view_filter ] --START--
INFO: Run Behavior\WriteHtmlCacheBehavior [ RunTime:0.000284s ]
INFO: [ view_filter ] --END-- [ RunTime:0.000329s ]
INFO: [ app_end ] --START--
INFO: Run Behavior\ShowPageTraceBehavior [ RunTime:0.000728s ]
INFO: [ app_end ] --END-- [ RunTime:0.001222s ]

[ 2020-06-25T16:21:19+08:00 ] ::1 /test/legacy/Index/index.html
INFO: [ app_init ] --START--
INFO: Run Behavior\BuildLiteBehavior [ RunTime:0.000014s ]
INFO: [ app_init ] --END-- [ RunTime:0.000315s ]
INFO: [ app_begin ] --START--
INFO: Run Behavior\ReadHtmlCacheBehavior [ RunTime:0.000404s ]
INFO: [ app_begin ] --END-- [ RunTime:0.000460s ]
SQL: SHOW COLUMNS FROM `tb_picture` [ RunTime:0.010343s ]
ERR: 1146:Table 'db_culture.tb_picture' doesn't exist
 [ SQLè¯­å¥ ] : SHOW COLUMNS FROM `tb_picture`
SQL: SELECT * FROM `tb_picture` WHERE `type` = 'slide'  [ RunTime:0.000405s ]
ERR: 1146:Table 'db_culture.tb_picture' doesn't exist
 [ SQLè¯­å¥ ] : SELECT * FROM `tb_picture` WHERE `type` = 'slide' 
SQL: SHOW COLUMNS FROM `tb_notice` [ RunTime:0.013421s ]
SQL: SELECT COUNT(*) AS tp_count FROM `tb_notice` WHERE ( id>=1 ) LIMIT 1   [ RunTime:0.000296s ]
SQL: SELECT * FROM `tb_notice` WHERE ( id>=1 ) ORDER BY `time` desc LIMIT 0,10   [ RunTime:0.000699s ]
SQL: SHOW COLUMNS FROM `tb_policy` [ RunTime:0.013122s ]
SQL: SELECT * FROM `tb_policy` WHERE ( id>=1 ) ORDER BY `time` desc  [ RunTime:0.000558s ]
SQL: SHOW COLUMNS FROM `tb_director` [ RunTime:0.016718s ]
SQL: SELECT * FROM `tb_director` WHERE `type` = 'ä¼ ç»Ÿæˆå‰§' ORDER BY `Did` asc  [ RunTime:0.000431s ]
SQL: SELECT * FROM `tb_director` WHERE `type` = 'æ°‘é—´éŸ³ä¹' ORDER BY `Did` asc  [ RunTime:0.000478s ]
SQL: SELECT * FROM `tb_director` WHERE `type` = 'æ°‘é—´èˆžè¹ˆ' ORDER BY `Did` asc  [ RunTime:0.000385s ]
SQL: SELECT * FROM `tb_director` WHERE `type` = 'ä¼ ç»Ÿæ‰‹å·¥æŠ€è‰\º' ORDER BY `Did` asc  [ RunTime:0.000472s ]
SQL: SHOW COLUMNS FROM `tb_dynamic` [ RunTime:0.014153s ]
SQL: SELECT * FROM `tb_dynamic` WHERE ( id>=1 ) ORDER BY `time` desc  [ RunTime:0.000469s ]
SQL: SHOW COLUMNS FROM `tb_inheritor` [ RunTime:0.014818s ]
SQL: SELECT * FROM `tb_inheritor` WHERE ( id=1 ) LIMIT 1   [ RunTime:0.000281s ]
SQL: SHOW COLUMNS FROM `tb_country` [ RunTime:0.015665s ]
SQL: SELECT * FROM `tb_country` WHERE ( id>=1 ) ORDER BY `id` asc  [ RunTime:0.000353s ]
INFO: [ view_parse ] --START--
INFO: [ template_filter ] --START--
INFO: Run Behavior\ContentReplaceBehavior [ RunTime:0.000108s ]
INFO: [ template_filter ] --END-- [ RunTime:0.000167s ]
NOTIC: [8] Undefined variable: noti D:\phpStudy\WWW\test\legacy\App\Runtime\Cache\Home\00e52909bed743ea261af4b6823297ff.php ç¬¬ 151 è¡Œ.
NOTIC: [8] Undefined variable: noti D:\phpStudy\WWW\test\legacy\App\Runtime\Cache\Home\00e52909bed743ea261af4b6823297ff.php ç¬¬ 151 è¡Œ.
NOTIC: [8] Undefined variable: noti D:\phpStudy\WWW\test\legacy\App\Runtime\Cache\Home\00e52909bed743ea261af4b6823297ff.php ç¬¬ 151 è¡Œ.
NOTIC: [8] Undefined variable: noti D:\phpStudy\WWW\test\legacy\App\Runtime\Cache\Home\00e52909bed743ea261af4b6823297ff.php ç¬¬ 151 è¡Œ.
NOTIC: [8] Undefined variable: noti D:\phpStudy\WWW\test\legacy\App\Runtime\Cache\Home\00e52909bed743ea261af4b6823297ff.php ç¬¬ 151 è¡Œ.
NOTIC: [8] Undefined variable: noti D:\phpStudy\WWW\test\legacy\App\Runtime\Cache\Home\00e52909bed743ea261af4b6823297ff.php ç¬¬ 151 è¡Œ.
NOTIC: [8] Undefined variable: noti D:\phpStudy\WWW\test\legacy\App\Runtime\Cache\Home\00e52909bed743ea261af4b6823297ff.php ç¬¬ 151 è¡Œ.
NOTIC: [8] Undefined variable: noti D:\phpStudy\WWW\test\legacy\App\Runtime\Cache\Home\00e52909bed743ea261af4b6823297ff.php ç¬¬ 151 è¡Œ.
NOTIC: [8] Undefined variable: noti D:\phpStudy\WWW\test\legacy\App\Runtime\Cache\Home\00e52909bed743ea261af4b6823297ff.php ç¬¬ 151 è¡Œ.
NOTIC: [8] Undefined variable: noti D:\phpStudy\WWW\test\legacy\App\Runtime\Cache\Home\00e52909bed743ea261af4b6823297ff.php ç¬¬ 151 è¡Œ.
NOTIC: [8] Undefined index: birthPlace D:\phpStudy\WWW\test\legacy\App\Runtime\Cache\Home\00e52909bed743ea261af4b6823297ff.php ç¬¬ 299 è¡Œ.
INFO: Run Behavior\ParseTemplateBehavior [ RunTime:0.080265s ]
INFO: [ view_parse ] --END-- [ RunTime:0.080320s ]
INFO: [ view_filter ] --START--
INFO: Run Behavior\WriteHtmlCacheBehavior [ RunTime:0.000263s ]
INFO: [ view_filter ] --END-- [ RunTime:0.000305s ]
INFO: [ app_end ] --START--
INFO: Run Behavior\ShowPageTraceBehavior [ RunTime:0.000653s ]
INFO: [ app_end ] --END-- [ RunTime:0.000745s ]

[ 2020-06-25T16:21:19+08:00 ] ::1 /test/legacy/Public/bootstrap/js/jquery.min.js
INFO: [ app_init ] --START--
INFO: Run Behavior\BuildLiteBehavior [ RunTime:0.000015s ]
INFO: [ app_init ] --END-- [ RunTime:0.000516s ]
INFO: [ app_begin ] --START--
INFO: Run Behavior\ReadHtmlCacheBehavior [ RunTime:0.000409s ]
INFO: [ app_begin ] --END-- [ RunTime:0.000461s ]
INFO: [ view_parse ] --START--
INFO: [ template_filter ] --START--
INFO: Run Behavior\ContentReplaceBehavior [ RunTime:0.000035s ]
INFO: [ template_filter ] --END-- [ RunTime:0.000091s ]
INFO: Run Behavior\ParseTemplateBehavior [ RunTime:0.005791s ]
INFO: [ view_parse ] --END-- [ RunTime:0.005853s ]
INFO: [ view_filter ] --START--
INFO: Run Behavior\WriteHtmlCacheBehavior [ RunTime:0.000217s ]
INFO: [ view_filter ] --END-- [ RunTime:0.000259s ]

[ 2020-06-25T16:21:24+08:00 ] ::1 /test/legacy/Index/index.html
INFO: [ app_init ] --START--
INFO: Run Behavior\BuildLiteBehavior [ RunTime:0.000013s ]
INFO: [ app_init ] --END-- [ RunTime:0.000282s ]
INFO: [ app_begin ] --START--
INFO: Run Behavior\ReadHtmlCacheBehavior [ RunTime:0.000381s ]
INFO: [ app_begin ] --END-- [ RunTime:0.000433s ]
SQL: SHOW COLUMNS FROM `tb_picture` [ RunTime:0.026510s ]
ERR: 1146:Table 'db_culture.tb_picture' doesn't exist
 [ SQLè¯­å¥ ] : SHOW COLUMNS FROM `tb_picture`
SQL: SELECT * FROM `tb_picture` WHERE `type` = 'slide'  [ RunTime:0.000386s ]
ERR: 1146:Table 'db_culture.tb_picture' doesn't exist
 [ SQLè¯­å¥ ] : SELECT * FROM `tb_picture` WHERE `type` = 'slide' 
SQL: SHOW COLUMNS FROM `tb_notice` [ RunTime:0.013760s ]
SQL: SELECT COUNT(*) AS tp_count FROM `tb_notice` WHERE ( id>=1 ) LIMIT 1   [ RunTime:0.000308s ]
SQL: SELECT * FROM `tb_notice` WHERE ( id>=1 ) ORDER BY `time` desc LIMIT 0,10   [ RunTime:0.000479s ]
SQL: SHOW COLUMNS FROM `tb_policy` [ RunTime:0.013427s ]
SQL: SELECT * FROM `tb_policy` WHERE ( id>=1 ) ORDER BY `time` desc  [ RunTime:0.000481s ]
SQL: SHOW COLUMNS FROM `tb_director` [ RunTime:0.066618s ]
SQL: SELECT * FROM `tb_director` WHERE `type` = 'ä¼ ç»Ÿæˆå‰§' ORDER BY `Did` asc  [ RunTime:0.000427s ]
SQL: SELECT * FROM `tb_director` WHERE `type` = 'æ°‘é—´éŸ³ä¹' ORDER BY `Did` asc  [ RunTime:0.000587s ]
SQL: SELECT * FROM `tb_director` WHERE `type` = 'æ°‘é—´èˆžè¹ˆ' ORDER BY `Did` asc  [ RunTime:0.000387s ]
SQL: SELECT * FROM `tb_director` WHERE `type` = 'ä¼ ç»Ÿæ‰‹å·¥æŠ€è‰\º' ORDER BY `Did` asc  [ RunTime:0.000414s ]
SQL: SHOW COLUMNS FROM `tb_dynamic` [ RunTime:0.016990s ]
SQL: SELECT * FROM `tb_dynamic` WHERE ( id>=1 ) ORDER BY `time` desc  [ RunTime:0.000416s ]
SQL: SHOW COLUMNS FROM `tb_inheritor` [ RunTime:0.015081s ]
SQL: SELECT * FROM `tb_inheritor` WHERE ( id=1 ) LIMIT 1   [ RunTime:0.000316s ]
SQL: SHOW COLUMNS FROM `tb_country` [ RunTime:0.013416s ]
SQL: SELECT * FROM `tb_country` WHERE ( id>=1 ) ORDER BY `id` asc  [ RunTime:0.000366s ]
INFO: [ view_parse ] --START--
INFO: [ template_filter ] --START--
INFO: Run Behavior\ContentReplaceBehavior [ RunTime:0.000109s ]
INFO: [ template_filter ] --END-- [ RunTime:0.000167s ]
NOTIC: [8] Undefined variable: noti D:\phpStudy\WWW\test\legacy\App\Runtime\Cache\Home\00e52909bed743ea261af4b6823297ff.php ç¬¬ 151 è¡Œ.
NOTIC: [8] Undefined variable: noti D:\phpStudy\WWW\test\legacy\App\Runtime\Cache\Home\00e52909bed743ea261af4b6823297ff.php ç¬¬ 151 è¡Œ.
NOTIC: [8] Undefined variable: noti D:\phpStudy\WWW\test\legacy\App\Runtime\Cache\Home\00e52909bed743ea261af4b6823297ff.php ç¬¬ 151 è¡Œ.
NOTIC: [8] Undefined variable: noti D:\phpStudy\WWW\test\legacy\App\Runtime\Cache\Home\00e52909bed743ea261af4b6823297ff.php ç¬¬ 151 è¡Œ.
NOTIC: [8] Undefined variable: noti D:\phpStudy\WWW\test\legacy\App\Runtime\Cache\Home\00e52909bed743ea261af4b6823297ff.php ç¬¬ 151 è¡Œ.
NOTIC: [8] Undefined variable: noti D:\phpStudy\WWW\test\legacy\App\Runtime\Cache\Home\00e52909bed743ea261af4b6823297ff.php ç¬¬ 151 è¡Œ.
NOTIC: [8] Undefined variable: noti D:\phpStudy\WWW\test\legacy\App\Runtime\Cache\Home\00e52909bed743ea261af4b6823297ff.php ç¬¬ 151 è¡Œ.
NOTIC: [8] Undefined variable: noti D:\phpStudy\WWW\test\legacy\App\Runtime\Cache\Home\00e52909bed743ea261af4b6823297ff.php ç¬¬ 151 è¡Œ.
NOTIC: [8] Undefined variable: noti D:\phpStudy\WWW\test\legacy\App\Runtime\Cache\Home\00e52909bed743ea261af4b6823297ff.php ç¬¬ 151 è¡Œ.
NOTIC: [8] Undefined variable: noti D:\phpStudy\WWW\test\legacy\App\Runtime\Cache\Home\00e52909bed743ea261af4b6823297ff.php ç¬¬ 151 è¡Œ.
NOTIC: [8] Undefined index: birthPlace D:\phpStudy\WWW\test\legacy\App\Runtime\Cache\Home\00e52909bed743ea261af4b6823297ff.php ç¬¬ 299 è¡Œ.
INFO: Run Behavior\ParseTemplateBehavior [ RunTime:0.077675s ]
INFO: [ view_parse ] --END-- [ RunTime:0.077727s ]
INFO: [ view_filter ] --START--
INFO: Run Behavior\WriteHtmlCacheBehavior [ RunTime:0.000222s ]
INFO: [ view_filter ] --END-- [ RunTime:0.000265s ]
INFO: [ app_end ] --START--
INFO: Run Behavior\ShowPageTraceBehavior [ RunTime:0.000721s ]
INFO: [ app_end ] --END-- [ RunTime:0.000801s ]

[ 2020-06-25T16:21:24+08:00 ] ::1 /test/legacy/Public/bootstrap/js/jquery.min.js
INFO: [ app_init ] --START--
INFO: Run Behavior\BuildLiteBehavior [ RunTime:0.000014s ]
INFO: [ app_init ] --END-- [ RunTime:0.000313s ]
INFO: [ app_begin ] --START--
INFO: Run Behavior\ReadHtmlCacheBehavior [ RunTime:0.000407s ]
INFO: [ app_begin ] --END-- [ RunTime:0.000460s ]
INFO: [ view_parse ] --START--
INFO: [ template_filter ] --START--
INFO: Run Behavior\ContentReplaceBehavior [ RunTime:0.000038s ]
INFO: [ template_filter ] --END-- [ RunTime:0.000112s ]
INFO: Run Behavior\ParseTemplateBehavior [ RunTime:0.008534s ]
INFO: [ view_parse ] --END-- [ RunTime:0.008593s ]
INFO: [ view_filter ] --START--
INFO: Run Behavior\WriteHtmlCacheBehavior [ RunTime:0.000214s ]
INFO: [ view_filter ] --END-- [ RunTime:0.000256s ]

[ 2020-06-25T16:21:36+08:00 ] ::1 /test/legacy/Index/index.html
INFO: [ app_init ] --START--
INFO: Run Behavior\BuildLiteBehavior [ RunTime:0.000030s ]
INFO: [ app_init ] --END-- [ RunTime:0.000703s ]
INFO: [ app_begin ] --START--
INFO: Run Behavior\ReadHtmlCacheBehavior [ RunTime:0.000506s ]
INFO: [ app_begin ] --END-- [ RunTime:0.000589s ]
SQL: SHOW COLUMNS FROM `tb_picture` [ RunTime:0.009742s ]
ERR: 1146:Table 'db_culture.tb_picture' doesn't exist
 [ SQLè¯­å¥ ] : SHOW COLUMNS FROM `tb_picture`
SQL: SELECT * FROM `tb_picture` WHERE `type` = 'slide'  [ RunTime:0.000359s ]
ERR: 1146:Table 'db_culture.tb_picture' doesn't exist
 [ SQLè¯­å¥ ] : SELECT * FROM `tb_picture` WHERE `type` = 'slide' 
SQL: SHOW COLUMNS FROM `tb_notice` [ RunTime:0.013660s ]
SQL: SELECT COUNT(*) AS tp_count FROM `tb_notice` WHERE ( id>=1 ) LIMIT 1   [ RunTime:0.000371s ]
SQL: SELECT * FROM `tb_notice` WHERE ( id>=1 ) ORDER BY `time` desc LIMIT 0,10   [ RunTime:0.000603s ]
SQL: SHOW COLUMNS FROM `tb_policy` [ RunTime:0.013230s ]
SQL: SELECT * FROM `tb_policy` WHERE ( id>=1 ) ORDER BY `time` desc  [ RunTime:0.000547s ]
SQL: SHOW COLUMNS FROM `tb_director` [ RunTime:0.014293s ]
SQL: SELECT * FROM `tb_director` WHERE `type` = 'ä¼ ç»Ÿæˆå‰§' ORDER BY `Did` asc  [ RunTime:0.000586s ]
SQL: SELECT * FROM `tb_director` WHERE `type` = 'æ°‘é—´éŸ³ä¹' ORDER BY `Did` asc  [ RunTime:0.000524s ]
SQL: SELECT * FROM `tb_director` WHERE `type` = 'æ°‘é—´èˆžè¹ˆ' ORDER BY `Did` asc  [ RunTime:0.000514s ]
SQL: SELECT * FROM `tb_director` WHERE `type` = 'ä¼ ç»Ÿæ‰‹å·¥æŠ€è‰\º' ORDER BY `Did` asc  [ RunTime:0.000465s ]
SQL: SHOW COLUMNS FROM `tb_dynamic` [ RunTime:0.084312s ]
SQL: SELECT * FROM `tb_dynamic` WHERE ( id>=1 ) ORDER BY `time` desc  [ RunTime:0.000559s ]
SQL: SHOW COLUMNS FROM `tb_inheritor` [ RunTime:0.014063s ]
SQL: SELECT * FROM `tb_inheritor` WHERE ( id=1 ) LIMIT 1   [ RunTime:0.000338s ]
SQL: SHOW COLUMNS FROM `tb_country` [ RunTime:0.013135s ]
SQL: SELECT * FROM `tb_country` WHERE ( id>=1 ) ORDER BY `id` asc  [ RunTime:0.000392s ]
INFO: [ view_parse ] --START--
INFO: [ template_filter ] --START--
INFO: Run Behavior\ContentReplaceBehavior [ RunTime:0.000107s ]
INFO: [ template_filter ] --END-- [ RunTime:0.000166s ]
NOTIC: [8] Undefined variable: noti D:\phpStudy\WWW\test\legacy\App\Runtime\Cache\Home\00e52909bed743ea261af4b6823297ff.php ç¬¬ 151 è¡Œ.
NOTIC: [8] Undefined variable: noti D:\phpStudy\WWW\test\legacy\App\Runtime\Cache\Home\00e52909bed743ea261af4b6823297ff.php ç¬¬ 151 è¡Œ.
NOTIC: [8] Undefined variable: noti D:\phpStudy\WWW\test\legacy\App\Runtime\Cache\Home\00e52909bed743ea261af4b6823297ff.php ç¬¬ 151 è¡Œ.
NOTIC: [8] Undefined variable: noti D:\phpStudy\WWW\test\legacy\App\Runtime\Cache\Home\00e52909bed743ea261af4b6823297ff.php ç¬¬ 151 è¡Œ.
NOTIC: [8] Undefined variable: noti D:\phpStudy\WWW\test\legacy\App\Runtime\Cache\Home\00e52909bed743ea261af4b6823297ff.php ç¬¬ 151 è¡Œ.
NOTIC: [8] Undefined variable: noti D:\phpStudy\WWW\test\legacy\App\Runtime\Cache\Home\00e52909bed743ea261af4b6823297ff.php ç¬¬ 151 è¡Œ.
NOTIC: [8] Undefined variable: noti D:\phpStudy\WWW\test\legacy\App\Runtime\Cache\Home\00e52909bed743ea261af4b6823297ff.php ç¬¬ 151 è¡Œ.
NOTIC: [8] Undefined variable: noti D:\phpStudy\WWW\test\legacy\App\Runtime\Cache\Home\00e52909bed743ea261af4b6823297ff.php ç¬¬ 151 è¡Œ.
NOTIC: [8] Undefined variable: noti D:\phpStudy\WWW\test\legacy\App\Runtime\Cache\Home\00e52909bed743ea261af4b6823297ff.php ç¬¬ 151 è¡Œ.
NOTIC: [8] Undefined variable: noti D:\phpStudy\WWW\test\legacy\App\Runtime\Cache\Home\00e52909bed743ea261af4b6823297ff.php ç¬¬ 151 è¡Œ.
NOTIC: [8] Undefined index: birthPlace D:\phpStudy\WWW\test\legacy\App\Runtime\Cache\Home\00e52909bed743ea261af4b6823297ff.php ç¬¬ 299 è¡Œ.
INFO: Run Behavior\ParseTemplateBehavior [ RunTime:0.066631s ]
INFO: [ view_parse ] --END-- [ RunTime:0.066711s ]
INFO: [ view_filter ] --START--
INFO: Run Behavior\WriteHtmlCacheBehavior [ RunTime:0.000214s ]
INFO: [ view_filter ] --END-- [ RunTime:0.000256s ]
INFO: [ app_end ] --START--
INFO: Run Behavior\ShowPageTraceBehavior [ RunTime:0.000652s ]
INFO: [ app_end ] --END-- [ RunTime:0.000744s ]

[ 2020-06-25T16:21:36+08:00 ] ::1 /test/legacy/Public/bootstrap/js/jquery.min.js
INFO: [ app_init ] --START--
INFO: Run Behavior\BuildLiteBehavior [ RunTime:0.000013s ]
INFO: [ app_init ] --END-- [ RunTime:0.000295s ]
INFO: [ app_begin ] --START--
INFO: Run Behavior\ReadHtmlCacheBehavior [ RunTime:0.000423s ]
INFO: [ app_begin ] --END-- [ RunTime:0.000480s ]
INFO: [ view_parse ] --START--
INFO: [ template_filter ] --START--
INFO: Run Behavior\ContentReplaceBehavior [ RunTime:0.000069s ]
INFO: [ template_filter ] --END-- [ RunTime:0.000184s ]
INFO: Run Behavior\ParseTemplateBehavior [ RunTime:0.007526s ]
INFO: [ view_parse ] --END-- [ RunTime:0.007591s ]
INFO: [ view_filter ] --START--
INFO: Run Behavior\WriteHtmlCacheBehavior [ RunTime:0.000225s ]
INFO: [ view_filter ] --END-- [ RunTime:0.000275s ]

