[ 2020-06-24T08:36:41+08:00 ] ::1 /EPP_Project/legacy/index.php
INFO: [ app_init ] --START--
INFO: Run Behavior\BuildLiteBehavior [ RunTime:0.000065s ]
INFO: [ app_init ] --END-- [ RunTime:0.084529s ]
INFO: [ app_begin ] --START--
INFO: Run Behavior\ReadHtmlCacheBehavior [ RunTime:0.020688s ]
INFO: [ app_begin ] --END-- [ RunTime:0.020960s ]
SQL: SHOW COLUMNS FROM `tb_picture` [ RunTime:0.100880s ]
ERR: 1146:Table 'db_culture.tb_picture' doesn't exist
 [ SQL语句 ] : SHOW COLUMNS FROM `tb_picture`
SQL: SELECT * FROM `tb_picture` WHERE `type` = 'slide'  [ RunTime:0.018012s ]
ERR: 1146:Table 'db_culture.tb_picture' doesn't exist
 [ SQL语句 ] : SELECT * FROM `tb_picture` WHERE `type` = 'slide' 
SQL: SHOW COLUMNS FROM `tb_notice` [ RunTime:0.113130s ]
SQL: SELECT COUNT(*) AS tp_count FROM `tb_notice` WHERE ( id>=1 ) LIMIT 1   [ RunTime:0.050822s ]
SQL: SELECT * FROM `tb_notice` WHERE ( id>=1 ) ORDER BY `time` desc LIMIT 0,10   [ RunTime:0.013298s ]
SQL: SHOW COLUMNS FROM `tb_policy` [ RunTime:0.112308s ]
SQL: SELECT * FROM `tb_policy` WHERE ( id>=1 ) ORDER BY `time` desc  [ RunTime:0.035246s ]
SQL: SHOW COLUMNS FROM `tb_director` [ RunTime:0.106229s ]
SQL: SELECT * FROM `tb_director` WHERE `type` = '传统戏剧' ORDER BY `Did` asc  [ RunTime:0.027688s ]
SQL: SELECT * FROM `tb_director` WHERE `type` = '民间音乐' ORDER BY `Did` asc  [ RunTime:0.000851s ]
SQL: SELECT * FROM `tb_director` WHERE `type` = '民间舞蹈' ORDER BY `Did` asc  [ RunTime:0.000527s ]
SQL: SELECT * FROM `tb_director` WHERE `type` = '传统手工技艺' ORDER BY `Did` asc  [ RunTime:0.000650s ]
SQL: SHOW COLUMNS FROM `tb_dynamic` [ RunTime:0.166399s ]
SQL: SELECT * FROM `tb_dynamic` WHERE ( id>=1 ) ORDER BY `time` desc  [ RunTime:0.046065s ]
SQL: SHOW COLUMNS FROM `tb_inheritor` [ RunTime:0.259763s ]
SQL: SELECT * FROM `tb_inheritor` WHERE ( id=1 ) LIMIT 1   [ RunTime:0.000765s ]
SQL: SHOW COLUMNS FROM `tb_country` [ RunTime:0.010399s ]
ERR: 1146:Table 'db_culture.tb_country' doesn't exist
 [ SQL语句 ] : SHOW COLUMNS FROM `tb_country`
SQL: SELECT * FROM `tb_country` WHERE ( id>=1 ) ORDER BY `id` asc  [ RunTime:0.001312s ]
ERR: 1146:Table 'db_culture.tb_country' doesn't exist
 [ SQL语句 ] : SELECT * FROM `tb_country` WHERE ( id>=1 ) ORDER BY `id` asc 
INFO: [ view_parse ] --START--
INFO: [ template_filter ] --START--
INFO: Run Behavior\ContentReplaceBehavior [ RunTime:0.000311s ]
INFO: [ template_filter ] --END-- [ RunTime:0.000467s ]
NOTIC: [8] Undefined variable: noti D:\phpStudy\WWW\EPP_Project\legacy\App\Runtime\Cache\Home\00e52909bed743ea261af4b6823297ff.php 第 166 行.
NOTIC: [8] Undefined variable: noti D:\phpStudy\WWW\EPP_Project\legacy\App\Runtime\Cache\Home\00e52909bed743ea261af4b6823297ff.php 第 166 行.
NOTIC: [8] Undefined variable: noti D:\phpStudy\WWW\EPP_Project\legacy\App\Runtime\Cache\Home\00e52909bed743ea261af4b6823297ff.php 第 166 行.
NOTIC: [8] Undefined variable: noti D:\phpStudy\WWW\EPP_Project\legacy\App\Runtime\Cache\Home\00e52909bed743ea261af4b6823297ff.php 第 166 行.
NOTIC: [8] Undefined variable: noti D:\phpStudy\WWW\EPP_Project\legacy\App\Runtime\Cache\Home\00e52909bed743ea261af4b6823297ff.php 第 166 行.
NOTIC: [8] Undefined variable: noti D:\phpStudy\WWW\EPP_Project\legacy\App\Runtime\Cache\Home\00e52909bed743ea261af4b6823297ff.php 第 166 行.
NOTIC: [8] Undefined variable: noti D:\phpStudy\WWW\EPP_Project\legacy\App\Runtime\Cache\Home\00e52909bed743ea261af4b6823297ff.php 第 166 行.
NOTIC: [8] Undefined variable: noti D:\phpStudy\WWW\EPP_Project\legacy\App\Runtime\Cache\Home\00e52909bed743ea261af4b6823297ff.php 第 166 行.
NOTIC: [8] Undefined variable: noti D:\phpStudy\WWW\EPP_Project\legacy\App\Runtime\Cache\Home\00e52909bed743ea261af4b6823297ff.php 第 166 行.
NOTIC: [8] Undefined variable: noti D:\phpStudy\WWW\EPP_Project\legacy\App\Runtime\Cache\Home\00e52909bed743ea261af4b6823297ff.php 第 166 行.
NOTIC: [8] Undefined index: birthPlace D:\phpStudy\WWW\EPP_Project\legacy\App\Runtime\Cache\Home\00e52909bed743ea261af4b6823297ff.php 第 314 行.
INFO: Run Behavior\ParseTemplateBehavior [ RunTime:0.206069s ]
INFO: [ view_parse ] --END-- [ RunTime:0.206451s ]
INFO: [ view_filter ] --START--
INFO: Run Behavior\WriteHtmlCacheBehavior [ RunTime:0.036031s ]
INFO: [ view_filter ] --END-- [ RunTime:0.036326s ]
INFO: [ app_end ] --START--
INFO: Run Behavior\ShowPageTraceBehavior [ RunTime:0.088593s ]
INFO: [ app_end ] --END-- [ RunTime:0.088993s ]

[ 2020-06-24T08:36:41+08:00 ] ::1 /EPP_Project/legacy/Public/bootstrap/js/jquery.min.js
INFO: [ app_init ] --START--
INFO: Run Behavior\BuildLiteBehavior [ RunTime:0.000036s ]
INFO: [ app_init ] --END-- [ RunTime:0.002063s ]
INFO: [ app_begin ] --START--
INFO: Run Behavior\ReadHtmlCacheBehavior [ RunTime:0.003653s ]
INFO: [ app_begin ] --END-- [ RunTime:0.003893s ]
INFO: [ view_parse ] --START--
INFO: [ template_filter ] --START--
INFO: Run Behavior\ContentReplaceBehavior [ RunTime:0.000196s ]
INFO: [ template_filter ] --END-- [ RunTime:0.000502s ]
INFO: Run Behavior\ParseTemplateBehavior [ RunTime:0.093495s ]
INFO: [ view_parse ] --END-- [ RunTime:0.093776s ]
INFO: [ view_filter ] --START--
INFO: Run Behavior\WriteHtmlCacheBehavior [ RunTime:0.003503s ]
INFO: [ view_filter ] --END-- [ RunTime:0.003735s ]

[ 2020-06-24T08:36:58+08:00 ] ::1 /EPP_Project/legacy/Public/Admin/js/jquery-3.4.1.js
INFO: [ app_init ] --START--
INFO: Run Behavior\BuildLiteBehavior [ RunTime:0.000041s ]
INFO: [ app_init ] --END-- [ RunTime:0.002162s ]
INFO: [ app_begin ] --START--
INFO: Run Behavior\ReadHtmlCacheBehavior [ RunTime:0.001091s ]
INFO: [ app_begin ] --END-- [ RunTime:0.001190s ]
INFO: [ view_parse ] --START--
INFO: [ template_filter ] --START--
INFO: Run Behavior\ContentReplaceBehavior [ RunTime:0.000058s ]
INFO: [ template_filter ] --END-- [ RunTime:0.000154s ]
INFO: Run Behavior\ParseTemplateBehavior [ RunTime:0.010853s ]
INFO: [ view_parse ] --END-- [ RunTime:0.010956s ]
INFO: [ view_filter ] --START--
INFO: Run Behavior\WriteHtmlCacheBehavior [ RunTime:0.000824s ]
INFO: [ view_filter ] --END-- [ RunTime:0.000887s ]

[ 2020-06-24T09:01:06+08:00 ] ::1 /EPP_Project/legacy/
INFO: [ app_init ] --START--
INFO: Run Behavior\BuildLiteBehavior [ RunTime:0.000032s ]
INFO: [ app_init ] --END-- [ RunTime:0.001666s ]
INFO: [ app_begin ] --START--
INFO: Run Behavior\ReadHtmlCacheBehavior [ RunTime:0.001948s ]
INFO: [ app_begin ] --END-- [ RunTime:0.002080s ]
SQL: SHOW COLUMNS FROM `tb_picture` [ RunTime:0.017174s ]
ERR: 1146:Table 'db_culture.tb_picture' doesn't exist
 [ SQL语句 ] : SHOW COLUMNS FROM `tb_picture`
SQL: SELECT * FROM `tb_picture` WHERE `type` = 'slide'  [ RunTime:0.002281s ]
ERR: 1146:Table 'db_culture.tb_picture' doesn't exist
 [ SQL语句 ] : SELECT * FROM `tb_picture` WHERE `type` = 'slide' 
SQL: SHOW COLUMNS FROM `tb_notice` [ RunTime:0.021369s ]
SQL: SELECT COUNT(*) AS tp_count FROM `tb_notice` WHERE ( id>=1 ) LIMIT 1   [ RunTime:0.000944s ]
SQL: SELECT * FROM `tb_notice` WHERE ( id>=1 ) ORDER BY `time` desc LIMIT 0,10   [ RunTime:0.001439s ]
SQL: SHOW COLUMNS FROM `tb_policy` [ RunTime:0.015006s ]
SQL: SELECT * FROM `tb_policy` WHERE ( id>=1 ) ORDER BY `time` desc  [ RunTime:0.001260s ]
SQL: SHOW COLUMNS FROM `tb_director` [ RunTime:0.011154s ]
SQL: SELECT * FROM `tb_director` WHERE `type` = '传统戏剧' ORDER BY `Did` asc  [ RunTime:0.000920s ]
SQL: SELECT * FROM `tb_director` WHERE `type` = '民间音乐' ORDER BY `Did` asc  [ RunTime:0.001092s ]
SQL: SELECT * FROM `tb_director` WHERE `type` = '民间舞蹈' ORDER BY `Did` asc  [ RunTime:0.000763s ]
SQL: SELECT * FROM `tb_director` WHERE `type` = '传统手工技艺' ORDER BY `Did` asc  [ RunTime:0.001184s ]
SQL: SHOW COLUMNS FROM `tb_dynamic` [ RunTime:0.011783s ]
SQL: SELECT * FROM `tb_dynamic` WHERE ( id>=1 ) ORDER BY `time` desc  [ RunTime:0.001177s ]
SQL: SHOW COLUMNS FROM `tb_inheritor` [ RunTime:0.011860s ]
SQL: SELECT * FROM `tb_inheritor` WHERE ( id=1 ) LIMIT 1   [ RunTime:0.000704s ]
SQL: SHOW COLUMNS FROM `tb_country` [ RunTime:0.008156s ]
ERR: 1146:Table 'db_culture.tb_country' doesn't exist
 [ SQL语句 ] : SHOW COLUMNS FROM `tb_country`
SQL: SELECT * FROM `tb_country` WHERE ( id>=1 ) ORDER BY `id` asc  [ RunTime:0.001474s ]
ERR: 1146:Table 'db_culture.tb_country' doesn't exist
 [ SQL语句 ] : SELECT * FROM `tb_country` WHERE ( id>=1 ) ORDER BY `id` asc 
INFO: [ view_parse ] --START--
INFO: [ template_filter ] --START--
INFO: Run Behavior\ContentReplaceBehavior [ RunTime:0.000243s ]
INFO: [ template_filter ] --END-- [ RunTime:0.000364s ]
NOTIC: [8] Undefined variable: noti D:\phpStudy\WWW\EPP_Project\legacy\App\Runtime\Cache\Home\00e52909bed743ea261af4b6823297ff.php 第 166 行.
NOTIC: [8] Undefined variable: noti D:\phpStudy\WWW\EPP_Project\legacy\App\Runtime\Cache\Home\00e52909bed743ea261af4b6823297ff.php 第 166 行.
NOTIC: [8] Undefined variable: noti D:\phpStudy\WWW\EPP_Project\legacy\App\Runtime\Cache\Home\00e52909bed743ea261af4b6823297ff.php 第 166 行.
NOTIC: [8] Undefined variable: noti D:\phpStudy\WWW\EPP_Project\legacy\App\Runtime\Cache\Home\00e52909bed743ea261af4b6823297ff.php 第 166 行.
NOTIC: [8] Undefined variable: noti D:\phpStudy\WWW\EPP_Project\legacy\App\Runtime\Cache\Home\00e52909bed743ea261af4b6823297ff.php 第 166 行.
NOTIC: [8] Undefined variable: noti D:\phpStudy\WWW\EPP_Project\legacy\App\Runtime\Cache\Home\00e52909bed743ea261af4b6823297ff.php 第 166 行.
NOTIC: [8] Undefined variable: noti D:\phpStudy\WWW\EPP_Project\legacy\App\Runtime\Cache\Home\00e52909bed743ea261af4b6823297ff.php 第 166 行.
NOTIC: [8] Undefined variable: noti D:\phpStudy\WWW\EPP_Project\legacy\App\Runtime\Cache\Home\00e52909bed743ea261af4b6823297ff.php 第 166 行.
NOTIC: [8] Undefined variable: noti D:\phpStudy\WWW\EPP_Project\legacy\App\Runtime\Cache\Home\00e52909bed743ea261af4b6823297ff.php 第 166 行.
NOTIC: [8] Undefined variable: noti D:\phpStudy\WWW\EPP_Project\legacy\App\Runtime\Cache\Home\00e52909bed743ea261af4b6823297ff.php 第 166 行.
NOTIC: [8] Undefined index: birthPlace D:\phpStudy\WWW\EPP_Project\legacy\App\Runtime\Cache\Home\00e52909bed743ea261af4b6823297ff.php 第 314 行.
INFO: Run Behavior\ParseTemplateBehavior [ RunTime:0.034321s ]
INFO: [ view_parse ] --END-- [ RunTime:0.034441s ]
INFO: [ view_filter ] --START--
INFO: Run Behavior\WriteHtmlCacheBehavior [ RunTime:0.002464s ]
INFO: [ view_filter ] --END-- [ RunTime:0.002593s ]
INFO: [ app_end ] --START--
INFO: Run Behavior\ShowPageTraceBehavior [ RunTime:0.003048s ]
INFO: [ app_end ] --END-- [ RunTime:0.003180s ]

[ 2020-06-24T09:01:06+08:00 ] ::1 /EPP_Project/legacy/Public/bootstrap/js/jquery.min.js
INFO: [ app_init ] --START--
INFO: Run Behavior\BuildLiteBehavior [ RunTime:0.000033s ]
INFO: [ app_init ] --END-- [ RunTime:0.001108s ]
INFO: [ app_begin ] --START--
INFO: Run Behavior\ReadHtmlCacheBehavior [ RunTime:0.001617s ]
INFO: [ app_begin ] --END-- [ RunTime:0.001747s ]
INFO: [ view_parse ] --START--
INFO: [ template_filter ] --START--
INFO: Run Behavior\ContentReplaceBehavior [ RunTime:0.000078s ]
INFO: [ template_filter ] --END-- [ RunTime:0.000201s ]
INFO: Run Behavior\ParseTemplateBehavior [ RunTime:0.013798s ]
INFO: [ view_parse ] --END-- [ RunTime:0.013917s ]
INFO: [ view_filter ] --START--
INFO: Run Behavior\WriteHtmlCacheBehavior [ RunTime:0.001526s ]
INFO: [ view_filter ] --END-- [ RunTime:0.001637s ]

[ 2020-06-24T09:59:41+08:00 ] ::1 /EPP_Project/legacy/
INFO: [ app_init ] --START--
INFO: Run Behavior\BuildLiteBehavior [ RunTime:0.000032s ]
INFO: [ app_init ] --END-- [ RunTime:0.001717s ]
INFO: [ app_begin ] --START--
INFO: Run Behavior\ReadHtmlCacheBehavior [ RunTime:0.003922s ]
INFO: [ app_begin ] --END-- [ RunTime:0.004043s ]
SQL: SHOW COLUMNS FROM `tb_picture` [ RunTime:0.025841s ]
ERR: 1146:Table 'db_culture.tb_picture' doesn't exist
 [ SQL语句 ] : SHOW COLUMNS FROM `tb_picture`
SQL: SELECT * FROM `tb_picture` WHERE `type` = 'slide'  [ RunTime:0.003684s ]
ERR: 1146:Table 'db_culture.tb_picture' doesn't exist
 [ SQL语句 ] : SELECT * FROM `tb_picture` WHERE `type` = 'slide' 
SQL: SHOW COLUMNS FROM `tb_notice` [ RunTime:0.009002s ]
SQL: SELECT COUNT(*) AS tp_count FROM `tb_notice` WHERE ( id>=1 ) LIMIT 1   [ RunTime:0.000485s ]
SQL: SELECT * FROM `tb_notice` WHERE ( id>=1 ) ORDER BY `time` desc LIMIT 0,10   [ RunTime:0.001542s ]
SQL: SHOW COLUMNS FROM `tb_policy` [ RunTime:0.009310s ]
SQL: SELECT * FROM `tb_policy` WHERE ( id>=1 ) ORDER BY `time` desc  [ RunTime:0.001621s ]
SQL: SHOW COLUMNS FROM `tb_director` [ RunTime:0.008799s ]
SQL: SELECT * FROM `tb_director` WHERE `type` = '传统戏剧' ORDER BY `Did` asc  [ RunTime:0.000501s ]
SQL: SELECT * FROM `tb_director` WHERE `type` = '民间音乐' ORDER BY `Did` asc  [ RunTime:0.000795s ]
SQL: SELECT * FROM `tb_director` WHERE `type` = '民间舞蹈' ORDER BY `Did` asc  [ RunTime:0.000527s ]
SQL: SELECT * FROM `tb_director` WHERE `type` = '传统手工技艺' ORDER BY `Did` asc  [ RunTime:0.001020s ]
SQL: SHOW COLUMNS FROM `tb_dynamic` [ RunTime:0.012507s ]
SQL: SELECT * FROM `tb_dynamic` WHERE ( id>=1 ) ORDER BY `time` desc  [ RunTime:0.001041s ]
SQL: SHOW COLUMNS FROM `tb_inheritor` [ RunTime:0.011389s ]
SQL: SELECT * FROM `tb_inheritor` WHERE ( id=1 ) LIMIT 1   [ RunTime:0.000676s ]
SQL: SHOW COLUMNS FROM `tb_country` [ RunTime:0.016811s ]
ERR: 1146:Table 'db_culture.tb_country' doesn't exist
 [ SQL语句 ] : SHOW COLUMNS FROM `tb_country`
SQL: SELECT * FROM `tb_country` WHERE ( id>=1 ) ORDER BY `id` asc  [ RunTime:0.001696s ]
ERR: 1146:Table 'db_culture.tb_country' doesn't exist
 [ SQL语句 ] : SELECT * FROM `tb_country` WHERE ( id>=1 ) ORDER BY `id` asc 
INFO: [ view_parse ] --START--
INFO: [ template_filter ] --START--
INFO: Run Behavior\ContentReplaceBehavior [ RunTime:0.000371s ]
INFO: [ template_filter ] --END-- [ RunTime:0.000524s ]
NOTIC: [8] Undefined variable: noti D:\phpStudy\WWW\EPP_Project\legacy\App\Runtime\Cache\Home\00e52909bed743ea261af4b6823297ff.php 第 166 行.
NOTIC: [8] Undefined variable: noti D:\phpStudy\WWW\EPP_Project\legacy\App\Runtime\Cache\Home\00e52909bed743ea261af4b6823297ff.php 第 166 行.
NOTIC: [8] Undefined variable: noti D:\phpStudy\WWW\EPP_Project\legacy\App\Runtime\Cache\Home\00e52909bed743ea261af4b6823297ff.php 第 166 行.
NOTIC: [8] Undefined variable: noti D:\phpStudy\WWW\EPP_Project\legacy\App\Runtime\Cache\Home\00e52909bed743ea261af4b6823297ff.php 第 166 行.
NOTIC: [8] Undefined variable: noti D:\phpStudy\WWW\EPP_Project\legacy\App\Runtime\Cache\Home\00e52909bed743ea261af4b6823297ff.php 第 166 行.
NOTIC: [8] Undefined variable: noti D:\phpStudy\WWW\EPP_Project\legacy\App\Runtime\Cache\Home\00e52909bed743ea261af4b6823297ff.php 第 166 行.
NOTIC: [8] Undefined variable: noti D:\phpStudy\WWW\EPP_Project\legacy\App\Runtime\Cache\Home\00e52909bed743ea261af4b6823297ff.php 第 166 行.
NOTIC: [8] Undefined variable: noti D:\phpStudy\WWW\EPP_Project\legacy\App\Runtime\Cache\Home\00e52909bed743ea261af4b6823297ff.php 第 166 行.
NOTIC: [8] Undefined variable: noti D:\phpStudy\WWW\EPP_Project\legacy\App\Runtime\Cache\Home\00e52909bed743ea261af4b6823297ff.php 第 166 行.
NOTIC: [8] Undefined variable: noti D:\phpStudy\WWW\EPP_Project\legacy\App\Runtime\Cache\Home\00e52909bed743ea261af4b6823297ff.php 第 166 行.
NOTIC: [8] Undefined index: birthPlace D:\phpStudy\WWW\EPP_Project\legacy\App\Runtime\Cache\Home\00e52909bed743ea261af4b6823297ff.php 第 314 行.
INFO: Run Behavior\ParseTemplateBehavior [ RunTime:0.057370s ]
INFO: [ view_parse ] --END-- [ RunTime:0.057475s ]
INFO: [ view_filter ] --START--
INFO: Run Behavior\WriteHtmlCacheBehavior [ RunTime:0.001442s ]
INFO: [ view_filter ] --END-- [ RunTime:0.001532s ]
INFO: [ app_end ] --START--
INFO: Run Behavior\ShowPageTraceBehavior [ RunTime:0.002550s ]
INFO: [ app_end ] --END-- [ RunTime:0.002734s ]

[ 2020-06-24T09:59:41+08:00 ] ::1 /EPP_Project/legacy/Public/bootstrap/js/jquery.min.js
INFO: [ app_init ] --START--
INFO: Run Behavior\BuildLiteBehavior [ RunTime:0.000030s ]
INFO: [ app_init ] --END-- [ RunTime:0.001720s ]
INFO: [ app_begin ] --START--
INFO: Run Behavior\ReadHtmlCacheBehavior [ RunTime:0.006208s ]
INFO: [ app_begin ] --END-- [ RunTime:0.006459s ]
INFO: [ view_parse ] --START--
INFO: [ template_filter ] --START--
INFO: Run Behavior\ContentReplaceBehavior [ RunTime:0.000037s ]
INFO: [ template_filter ] --END-- [ RunTime:0.000103s ]
INFO: Run Behavior\ParseTemplateBehavior [ RunTime:0.015637s ]
INFO: [ view_parse ] --END-- [ RunTime:0.015763s ]
INFO: [ view_filter ] --START--
INFO: Run Behavior\WriteHtmlCacheBehavior [ RunTime:0.000788s ]
INFO: [ view_filter ] --END-- [ RunTime:0.000861s ]

[ 2020-06-24T09:59:46+08:00 ] ::1 /EPP_Project/legacy/Information/notice.html
INFO: [ app_init ] --START--
INFO: Run Behavior\BuildLiteBehavior [ RunTime:0.000018s ]
INFO: [ app_init ] --END-- [ RunTime:0.000976s ]
INFO: [ app_begin ] --START--
INFO: Run Behavior\ReadHtmlCacheBehavior [ RunTime:0.003068s ]
INFO: [ app_begin ] --END-- [ RunTime:0.003188s ]
SQL: SHOW COLUMNS FROM `tb_notice` [ RunTime:0.014018s ]
SQL: SELECT COUNT(*) AS tp_count FROM `tb_notice` WHERE ( id>=0 ) LIMIT 1   [ RunTime:0.000544s ]
NOTIC: [2] Invalid argument supplied for foreach() D:\phpStudy\WWW\EPP_Project\legacy\App\Home\Controller\IndexController.class.php 第 109 行.
SQL: SELECT * FROM `tb_notice` WHERE ( id>=0 ) ORDER BY `time` desc LIMIT 0,15   [ RunTime:0.001092s ]
SQL: SHOW COLUMNS FROM `tb_country` [ RunTime:0.014628s ]
ERR: 1146:Table 'db_culture.tb_country' doesn't exist
 [ SQL语句 ] : SHOW COLUMNS FROM `tb_country`
SQL: SELECT * FROM `tb_country` WHERE ( id>=1 ) ORDER BY `id` asc  [ RunTime:0.001550s ]
ERR: 1146:Table 'db_culture.tb_country' doesn't exist
 [ SQL语句 ] : SELECT * FROM `tb_country` WHERE ( id>=1 ) ORDER BY `id` asc 
INFO: [ view_parse ] --START--
INFO: [ template_filter ] --START--
INFO: Run Behavior\ContentReplaceBehavior [ RunTime:0.000091s ]
INFO: [ template_filter ] --END-- [ RunTime:0.000180s ]
INFO: Run Behavior\ParseTemplateBehavior [ RunTime:0.049169s ]
INFO: [ view_parse ] --END-- [ RunTime:0.049435s ]
INFO: [ view_filter ] --START--
INFO: Run Behavior\WriteHtmlCacheBehavior [ RunTime:0.003416s ]
INFO: [ view_filter ] --END-- [ RunTime:0.003575s ]
INFO: [ app_end ] --START--
INFO: Run Behavior\ShowPageTraceBehavior [ RunTime:0.003453s ]
INFO: [ app_end ] --END-- [ RunTime:0.003942s ]

[ 2020-06-24T09:59:46+08:00 ] ::1 /EPP_Project/legacy/Public/bootstrap/js/jquery.min.js
INFO: [ app_init ] --START--
INFO: Run Behavior\BuildLiteBehavior [ RunTime:0.000039s ]
INFO: [ app_init ] --END-- [ RunTime:0.003301s ]
INFO: [ app_begin ] --START--
INFO: Run Behavior\ReadHtmlCacheBehavior [ RunTime:0.002161s ]
INFO: [ app_begin ] --END-- [ RunTime:0.002291s ]
INFO: [ view_parse ] --START--
INFO: [ template_filter ] --START--
INFO: Run Behavior\ContentReplaceBehavior [ RunTime:0.000077s ]
INFO: [ template_filter ] --END-- [ RunTime:0.000203s ]
INFO: Run Behavior\ParseTemplateBehavior [ RunTime:0.020001s ]
INFO: [ view_parse ] --END-- [ RunTime:0.020239s ]
INFO: [ view_filter ] --START--
INFO: Run Behavior\WriteHtmlCacheBehavior [ RunTime:0.002610s ]
INFO: [ view_filter ] --END-- [ RunTime:0.002964s ]

[ 2020-06-24T09:59:52+08:00 ] ::1 /EPP_Project/legacy/Resource/shop.html
INFO: [ app_init ] --START--
INFO: Run Behavior\BuildLiteBehavior [ RunTime:0.000037s ]
INFO: [ app_init ] --END-- [ RunTime:0.001762s ]
INFO: [ app_begin ] --START--
INFO: Run Behavior\ReadHtmlCacheBehavior [ RunTime:0.003035s ]
INFO: [ app_begin ] --END-- [ RunTime:0.003154s ]
INFO: [ view_parse ] --START--
INFO: [ template_filter ] --START--
INFO: Run Behavior\ContentReplaceBehavior [ RunTime:0.000521s ]
INFO: [ template_filter ] --END-- [ RunTime:0.000649s ]
INFO: Run Behavior\ParseTemplateBehavior [ RunTime:0.087503s ]
INFO: [ view_parse ] --END-- [ RunTime:0.087694s ]
INFO: [ view_filter ] --START--
INFO: Run Behavior\WriteHtmlCacheBehavior [ RunTime:0.002713s ]
INFO: [ view_filter ] --END-- [ RunTime:0.002878s ]
INFO: [ app_end ] --START--
INFO: Run Behavior\ShowPageTraceBehavior [ RunTime:0.003788s ]
INFO: [ app_end ] --END-- [ RunTime:0.003961s ]

